[32m[INFO]	  2021-12-17 16:35:33:  Connect to master successfully.
[32m[INFO]	  2021-12-17 16:35:33:  Receive the first hash slot successfully.
[32m[INFO]	  2021-12-17 16:35:33:  Connected to primary node successfully.
[32m[INFO]	  2021-12-17 16:35:33:  Binding port succeeded.
[32m[INFO]	  2021-12-17 16:35:33:    IP: 0.0.0.0
[32m[INFO]	  2021-12-17 16:35:33:    Port: 52100
[32m[INFO]	  2021-12-17 16:35:33:  Setting listen succeeded.
[32m[INFO]	  2021-12-17 16:35:51:  Connect to client successfully.
[36m[DEBUG]	  2021-12-17 16:35:52:  Size: 1
[36m[DEBUG]	  2021-12-17 16:35:52:  Size: 2
[36m[DEBUG]	  2021-12-17 16:35:52:  Size: 3
[36m[DEBUG]	  2021-12-17 16:35:52:  Size: 4
[36m[DEBUG]	  2021-12-17 16:35:52:  Size: 5
[36m[DEBUG]	  2021-12-17 16:35:52:  Size: 6
[36m[DEBUG]	  2021-12-17 16:35:52:  Size: 7
[36m[DEBUG]	  2021-12-17 16:35:53:  Size: 8
[36m[DEBUG]	  2021-12-17 16:35:53:  Size: 9
[36m[DEBUG]	  2021-12-17 16:35:53:  Size: 10
[36m[DEBUG]	  2021-12-17 16:35:53:  Size: 11
[36m[DEBUG]	  2021-12-17 16:35:53:  Size: 12
[36m[DEBUG]	  2021-12-17 16:35:53:  Size: 13
[36m[DEBUG]	  2021-12-17 16:35:53:  Size: 14
[36m[DEBUG]	  2021-12-17 16:35:53:  Size: 15
[36m[DEBUG]	  2021-12-17 16:35:53:  Size: 16
[36m[DEBUG]	  2021-12-17 16:35:53:  Size: 17
[36m[DEBUG]	  2021-12-17 16:35:54:  Size: 18
[36m[DEBUG]	  2021-12-17 16:35:54:  Size: 19
[36m[DEBUG]	  2021-12-17 16:35:54:  Size: 20
[36m[DEBUG]	  2021-12-17 16:35:54:  Size: 21
[36m[DEBUG]	  2021-12-17 16:35:54:  Size: 22
[36m[DEBUG]	  2021-12-17 16:35:54:  Size: 23
[36m[DEBUG]	  2021-12-17 16:35:55:  Size: 24
[36m[DEBUG]	  2021-12-17 16:35:55:  Size: 25
[36m[DEBUG]	  2021-12-17 16:35:55:  Size: 26
[36m[DEBUG]	  2021-12-17 16:35:55:  Size: 27
[36m[DEBUG]	  2021-12-17 16:35:55:  Size: 28
[36m[DEBUG]	  2021-12-17 16:35:56:  Size: 29
[36m[DEBUG]	  2021-12-17 16:35:56:  Size: 30
[36m[DEBUG]	  2021-12-17 16:35:56:  Size: 31
[36m[DEBUG]	  2021-12-17 16:35:56:  Size: 32
[36m[DEBUG]	  2021-12-17 16:35:56:  Size: 33
[36m[DEBUG]	  2021-12-17 16:35:56:  Size: 34
[36m[DEBUG]	  2021-12-17 16:35:56:  Size: 35
[36m[DEBUG]	  2021-12-17 16:35:57:  Size: 36
[36m[DEBUG]	  2021-12-17 16:35:57:  Size: 37
[36m[DEBUG]	  2021-12-17 16:35:57:  Size: 38
[36m[DEBUG]	  2021-12-17 16:35:57:  Size: 39
[36m[DEBUG]	  2021-12-17 16:35:57:  Size: 40
[36m[DEBUG]	  2021-12-17 16:35:57:  Size: 41
[36m[DEBUG]	  2021-12-17 16:35:58:  Size: 42
[36m[DEBUG]	  2021-12-17 16:35:58:  Size: 43
[36m[DEBUG]	  2021-12-17 16:35:58:  Size: 44
[36m[DEBUG]	  2021-12-17 16:35:58:  Size: 45
[36m[DEBUG]	  2021-12-17 16:35:58:  Size: 46
[36m[DEBUG]	  2021-12-17 16:35:58:  Size: 47
[36m[DEBUG]	  2021-12-17 16:35:58:  Size: 48
[36m[DEBUG]	  2021-12-17 16:35:59:  Size: 49
[36m[DEBUG]	  2021-12-17 16:35:59:  Size: 50
[36m[DEBUG]	  2021-12-17 16:35:59:  Size: 51
[36m[DEBUG]	  2021-12-17 16:35:59:  Size: 52
[32m[INFO]	  2021-12-17 16:36:00:  Connect to client successfully.
[36m[DEBUG]	  2021-12-17 16:36:00:  Size: 53
[36m[DEBUG]	  2021-12-17 16:36:00:  Size: 54
[36m[DEBUG]	  2021-12-17 16:36:00:  Size: 55
[36m[DEBUG]	  2021-12-17 16:36:00:  Size: 56
[36m[DEBUG]	  2021-12-17 16:36:00:  Size: 57
[36m[DEBUG]	  2021-12-17 16:36:00:  Size: 58
[36m[DEBUG]	  2021-12-17 16:36:00:  Size: 59
[36m[DEBUG]	  2021-12-17 16:36:00:  Size: 60
[36m[DEBUG]	  2021-12-17 16:36:00:  Size: 61
[36m[DEBUG]	  2021-12-17 16:36:01:  Size: 62
[36m[DEBUG]	  2021-12-17 16:36:01:  Size: 63
[36m[DEBUG]	  2021-12-17 16:36:01:  Size: 63
[36m[DEBUG]	  2021-12-17 16:36:01:  Size: 64
[36m[DEBUG]	  2021-12-17 16:36:01:  Size: 64
[36m[DEBUG]	  2021-12-17 16:36:01:  Size: 64
[36m[DEBUG]	  2021-12-17 16:36:02:  Size: 65
[36m[DEBUG]	  2021-12-17 16:36:02:  Size: 65
[36m[DEBUG]	  2021-12-17 16:36:02:  Size: 65
[36m[DEBUG]	  2021-12-17 16:36:02:  Size: 65
[36m[DEBUG]	  2021-12-17 16:36:02:  Size: 66
[36m[DEBUG]	  2021-12-17 16:36:02:  Size: 66
[36m[DEBUG]	  2021-12-17 16:36:02:  Size: 67
[36m[DEBUG]	  2021-12-17 16:36:02:  Size: 67
[36m[DEBUG]	  2021-12-17 16:36:03:  Size: 68
[36m[DEBUG]	  2021-12-17 16:36:03:  Size: 69
[36m[DEBUG]	  2021-12-17 16:36:03:  Size: 69
[36m[DEBUG]	  2021-12-17 16:36:03:  Size: 69
[36m[DEBUG]	  2021-12-17 16:36:03:  Size: 70
[36m[DEBUG]	  2021-12-17 16:36:03:  Size: 70
[36m[DEBUG]	  2021-12-17 16:36:03:  Size: 71
[36m[DEBUG]	  2021-12-17 16:36:03:  Size: 71
[36m[DEBUG]	  2021-12-17 16:36:03:  Size: 72
[36m[DEBUG]	  2021-12-17 16:36:03:  Size: 72
[36m[DEBUG]	  2021-12-17 16:36:03:  Size: 73
[36m[DEBUG]	  2021-12-17 16:36:03:  Size: 73
[36m[DEBUG]	  2021-12-17 16:36:04:  Size: 73
[36m[DEBUG]	  2021-12-17 16:36:04:  Size: 74
[36m[DEBUG]	  2021-12-17 16:36:04:  Size: 74
[36m[DEBUG]	  2021-12-17 16:36:04:  Size: 74
[36m[DEBUG]	  2021-12-17 16:36:04:  Size: 75
[36m[DEBUG]	  2021-12-17 16:36:04:  Size: 76
[36m[DEBUG]	  2021-12-17 16:36:04:  Size: 76
[36m[DEBUG]	  2021-12-17 16:36:04:  Size: 77
[36m[DEBUG]	  2021-12-17 16:36:04:  Size: 78
[36m[DEBUG]	  2021-12-17 16:36:05:  Size: 79
[36m[DEBUG]	  2021-12-17 16:36:05:  Size: 80
[36m[DEBUG]	  2021-12-17 16:36:05:  Size: 81
[36m[DEBUG]	  2021-12-17 16:36:05:  Size: 82
[36m[DEBUG]	  2021-12-17 16:36:05:  Size: 83
[36m[DEBUG]	  2021-12-17 16:36:05:  Size: 84
[36m[DEBUG]	  2021-12-17 16:36:05:  Size: 85
[36m[DEBUG]	  2021-12-17 16:36:05:  Size: 85
[36m[DEBUG]	  2021-12-17 16:36:05:  Size: 85
[36m[DEBUG]	  2021-12-17 16:36:05:  Size: 86
[36m[DEBUG]	  2021-12-17 16:36:05:  Size: 87
[36m[DEBUG]	  2021-12-17 16:36:05:  Size: 88
[36m[DEBUG]	  2021-12-17 16:36:05:  Size: 88
[36m[DEBUG]	  2021-12-17 16:36:05:  Size: 88
[36m[DEBUG]	  2021-12-17 16:36:06:  Size: 89
[36m[DEBUG]	  2021-12-17 16:36:06:  Size: 90
[36m[DEBUG]	  2021-12-17 16:36:06:  Size: 91
[36m[DEBUG]	  2021-12-17 16:36:06:  Size: 91
[36m[DEBUG]	  2021-12-17 16:36:06:  Size: 92
[36m[DEBUG]	  2021-12-17 16:36:06:  Size: 93
[36m[DEBUG]	  2021-12-17 16:36:07:  Size: 94
[36m[DEBUG]	  2021-12-17 16:36:07:  Size: 95
[36m[DEBUG]	  2021-12-17 16:36:07:  Size: 95
[36m[DEBUG]	  2021-12-17 16:36:07:  Size: 96
[36m[DEBUG]	  2021-12-17 16:36:08:  Size: 96
[36m[DEBUG]	  2021-12-17 16:36:08:  Size: 97
[36m[DEBUG]	  2021-12-17 16:36:10:  Size: 68
[36m[DEBUG]	  2021-12-17 16:36:10:  Size: 69
[36m[DEBUG]	  2021-12-17 16:36:10:  Size: 69
[36m[DEBUG]	  2021-12-17 16:36:10:  Size: 69
[36m[DEBUG]	  2021-12-17 16:36:10:  Size: 70
[36m[DEBUG]	  2021-12-17 16:36:10:  Size: 71
[36m[DEBUG]	  2021-12-17 16:36:10:  Size: 71
[36m[DEBUG]	  2021-12-17 16:36:11:  Size: 71
[36m[DEBUG]	  2021-12-17 16:36:11:  Size: 71
[36m[DEBUG]	  2021-12-17 16:36:11:  Size: 72
[36m[DEBUG]	  2021-12-17 16:36:11:  Size: 73
[36m[DEBUG]	  2021-12-17 16:36:11:  Size: 74
[36m[DEBUG]	  2021-12-17 16:36:11:  Size: 75
[36m[DEBUG]	  2021-12-17 16:36:11:  Size: 75
[36m[DEBUG]	  2021-12-17 16:36:11:  Size: 76
[36m[DEBUG]	  2021-12-17 16:36:11:  Size: 77
[36m[DEBUG]	  2021-12-17 16:36:11:  Size: 78
[36m[DEBUG]	  2021-12-17 16:36:11:  Size: 79
[36m[DEBUG]	  2021-12-17 16:36:11:  Size: 80
[36m[DEBUG]	  2021-12-17 16:36:11:  Size: 81
[36m[DEBUG]	  2021-12-17 16:36:12:  Size: 82
[36m[DEBUG]	  2021-12-17 16:36:12:  Size: 82
[36m[DEBUG]	  2021-12-17 16:36:12:  Size: 82
[36m[DEBUG]	  2021-12-17 16:36:12:  Size: 83
[36m[DEBUG]	  2021-12-17 16:36:12:  Size: 84
[36m[DEBUG]	  2021-12-17 16:36:12:  Size: 84
[36m[DEBUG]	  2021-12-17 16:36:12:  Size: 85
[36m[DEBUG]	  2021-12-17 16:36:13:  Size: 86
[36m[DEBUG]	  2021-12-17 16:36:13:  Size: 87
[36m[DEBUG]	  2021-12-17 16:36:13:  Size: 88
[36m[DEBUG]	  2021-12-17 16:36:13:  Size: 89
[36m[DEBUG]	  2021-12-17 16:36:13:  Size: 89
[36m[DEBUG]	  2021-12-17 16:36:13:  Size: 89
[36m[DEBUG]	  2021-12-17 16:36:13:  Size: 90
[36m[DEBUG]	  2021-12-17 16:36:14:  Size: 91
[36m[DEBUG]	  2021-12-17 16:36:14:  Size: 92
[36m[DEBUG]	  2021-12-17 16:36:15:  Size: 92
[36m[DEBUG]	  2021-12-17 16:36:15:  Size: 93
[36m[DEBUG]	  2021-12-17 16:36:15:  Size: 94
[36m[DEBUG]	  2021-12-17 16:36:15:  Size: 95
[36m[DEBUG]	  2021-12-17 16:36:15:  Size: 96
[36m[DEBUG]	  2021-12-17 16:36:15:  Size: 96
[36m[DEBUG]	  2021-12-17 16:36:15:  Size: 97
[36m[DEBUG]	  2021-12-17 16:36:15:  Size: 97
[36m[DEBUG]	  2021-12-17 16:36:15:  Size: 97
[36m[DEBUG]	  2021-12-17 16:36:15:  Size: 98
[36m[DEBUG]	  2021-12-17 16:36:16:  Size: 98
[36m[DEBUG]	  2021-12-17 16:36:16:  Size: 99
[36m[DEBUG]	  2021-12-17 16:36:16:  Size: 99
[36m[DEBUG]	  2021-12-17 16:36:17:  Size: 100
[36m[DEBUG]	  2021-12-17 16:36:17:  Size: 100
[36m[DEBUG]	  2021-12-17 16:36:17:  Size: 100
[36m[DEBUG]	  2021-12-17 16:36:17:  Size: 101
[36m[DEBUG]	  2021-12-17 16:36:17:  Size: 102
[36m[DEBUG]	  2021-12-17 16:36:18:  Size: 103
[36m[DEBUG]	  2021-12-17 16:36:18:  Size: 103
[36m[DEBUG]	  2021-12-17 16:36:18:  Size: 104
[36m[DEBUG]	  2021-12-17 16:36:18:  Size: 104
[36m[DEBUG]	  2021-12-17 16:36:18:  Size: 105
[36m[DEBUG]	  2021-12-17 16:36:18:  Size: 106
[36m[DEBUG]	  2021-12-17 16:36:18:  Size: 107
[36m[DEBUG]	  2021-12-17 16:36:18:  Size: 108
[36m[DEBUG]	  2021-12-17 16:36:18:  Size: 109
[36m[DEBUG]	  2021-12-17 16:36:19:  Size: 110
[36m[DEBUG]	  2021-12-17 16:36:19:  Size: 111
[36m[DEBUG]	  2021-12-17 16:36:19:  Size: 112
[36m[DEBUG]	  2021-12-17 16:36:19:  Size: 113
[36m[DEBUG]	  2021-12-17 16:36:19:  Size: 113
[36m[DEBUG]	  2021-12-17 16:36:19:  Size: 113
[36m[DEBUG]	  2021-12-17 16:36:19:  Size: 113
[36m[DEBUG]	  2021-12-17 16:36:20:  Size: 113
[36m[DEBUG]	  2021-12-17 16:36:20:  Size: 113
[36m[DEBUG]	  2021-12-17 16:36:20:  Size: 114
[36m[DEBUG]	  2021-12-17 16:36:20:  Size: 115
[36m[DEBUG]	  2021-12-17 16:36:20:  Size: 115
[36m[DEBUG]	  2021-12-17 16:36:20:  Size: 115
[36m[DEBUG]	  2021-12-17 16:36:20:  Size: 116
[36m[DEBUG]	  2021-12-17 16:36:20:  Size: 116
[36m[DEBUG]	  2021-12-17 16:36:21:  Size: 117
[36m[DEBUG]	  2021-12-17 16:36:21:  Size: 118
[36m[DEBUG]	  2021-12-17 16:36:21:  Size: 119
[36m[DEBUG]	  2021-12-17 16:36:21:  Size: 120
[36m[DEBUG]	  2021-12-17 16:36:21:  Size: 121
[36m[DEBUG]	  2021-12-17 16:36:21:  Size: 122
[36m[DEBUG]	  2021-12-17 16:36:21:  Size: 122
[36m[DEBUG]	  2021-12-17 16:36:22:  Size: 122
[36m[DEBUG]	  2021-12-17 16:36:22:  Size: 123
[36m[DEBUG]	  2021-12-17 16:36:22:  Size: 123
[36m[DEBUG]	  2021-12-17 16:36:22:  Size: 124
[36m[DEBUG]	  2021-12-17 16:36:22:  Size: 125
[36m[DEBUG]	  2021-12-17 16:36:22:  Size: 126
[36m[DEBUG]	  2021-12-17 16:36:23:  Size: 127
[36m[DEBUG]	  2021-12-17 16:36:23:  Size: 128
[36m[DEBUG]	  2021-12-17 16:36:23:  Size: 129
[36m[DEBUG]	  2021-12-17 16:36:23:  Size: 129
[36m[DEBUG]	  2021-12-17 16:36:23:  Size: 130
[36m[DEBUG]	  2021-12-17 16:36:23:  Size: 131
[36m[DEBUG]	  2021-12-17 16:36:24:  Size: 132
[36m[DEBUG]	  2021-12-17 16:36:24:  Size: 132
[36m[DEBUG]	  2021-12-17 16:36:24:  Size: 133
[36m[DEBUG]	  2021-12-17 16:36:24:  Size: 134
[36m[DEBUG]	  2021-12-17 16:36:24:  Size: 135
[36m[DEBUG]	  2021-12-17 16:36:24:  Size: 136
[36m[DEBUG]	  2021-12-17 16:36:24:  Size: 137
[36m[DEBUG]	  2021-12-17 16:36:25:  Size: 138
[36m[DEBUG]	  2021-12-17 16:36:25:  Size: 139
[36m[DEBUG]	  2021-12-17 16:36:25:  Size: 140
[36m[DEBUG]	  2021-12-17 16:36:25:  Size: 141
[36m[DEBUG]	  2021-12-17 16:36:25:  Size: 141
[36m[DEBUG]	  2021-12-17 16:36:25:  Size: 142
[36m[DEBUG]	  2021-12-17 16:36:25:  Size: 143
[36m[DEBUG]	  2021-12-17 16:36:26:  Size: 144
[36m[DEBUG]	  2021-12-17 16:36:26:  Size: 145
[36m[DEBUG]	  2021-12-17 16:36:26:  Size: 145
[36m[DEBUG]	  2021-12-17 16:36:26:  Size: 146
[36m[DEBUG]	  2021-12-17 16:36:27:  Size: 147
[36m[DEBUG]	  2021-12-17 16:36:27:  Size: 148
[36m[DEBUG]	  2021-12-17 16:36:27:  Size: 149
[36m[DEBUG]	  2021-12-17 16:36:27:  Size: 149
[36m[DEBUG]	  2021-12-17 16:36:27:  Size: 149
[36m[DEBUG]	  2021-12-17 16:36:27:  Size: 150
[36m[DEBUG]	  2021-12-17 16:36:27:  Size: 150
[36m[DEBUG]	  2021-12-17 16:36:27:  Size: 151
[36m[DEBUG]	  2021-12-17 16:36:27:  Size: 152
[36m[DEBUG]	  2021-12-17 16:36:28:  Size: 152
[36m[DEBUG]	  2021-12-17 16:36:28:  Size: 153
[36m[DEBUG]	  2021-12-17 16:36:28:  Size: 154
[36m[DEBUG]	  2021-12-17 16:36:28:  Size: 155
[36m[DEBUG]	  2021-12-17 16:36:29:  Size: 156
[36m[DEBUG]	  2021-12-17 16:36:29:  Size: 156
[36m[DEBUG]	  2021-12-17 16:36:30:  Size: 126
[36m[DEBUG]	  2021-12-17 16:36:31:  Size: 126
[36m[DEBUG]	  2021-12-17 16:36:31:  Size: 127
[36m[DEBUG]	  2021-12-17 16:36:32:  Size: 127
[36m[DEBUG]	  2021-12-17 16:36:32:  Size: 127
[36m[DEBUG]	  2021-12-17 16:36:32:  Size: 127
[36m[DEBUG]	  2021-12-17 16:36:32:  Size: 128
[36m[DEBUG]	  2021-12-17 16:36:33:  Size: 129
[36m[DEBUG]	  2021-12-17 16:36:33:  Size: 129
[36m[DEBUG]	  2021-12-17 16:36:33:  Size: 130
[36m[DEBUG]	  2021-12-17 16:36:33:  Size: 131
[36m[DEBUG]	  2021-12-17 16:36:33:  Size: 131
[36m[DEBUG]	  2021-12-17 16:36:33:  Size: 132
[36m[DEBUG]	  2021-12-17 16:36:33:  Size: 132
[36m[DEBUG]	  2021-12-17 16:36:33:  Size: 133
[36m[DEBUG]	  2021-12-17 16:36:34:  Size: 133
[36m[DEBUG]	  2021-12-17 16:36:34:  Size: 134
[36m[DEBUG]	  2021-12-17 16:36:34:  Size: 135
[36m[DEBUG]	  2021-12-17 16:36:34:  Size: 135
[36m[DEBUG]	  2021-12-17 16:36:34:  Size: 135
[36m[DEBUG]	  2021-12-17 16:36:35:  Size: 136
[36m[DEBUG]	  2021-12-17 16:36:35:  Size: 136
[36m[DEBUG]	  2021-12-17 16:36:35:  Size: 137
[36m[DEBUG]	  2021-12-17 16:36:35:  Size: 138
[36m[DEBUG]	  2021-12-17 16:36:35:  Size: 139
[36m[DEBUG]	  2021-12-17 16:36:36:  Size: 140
[36m[DEBUG]	  2021-12-17 16:36:36:  Size: 140
[36m[DEBUG]	  2021-12-17 16:36:36:  Size: 141
[36m[DEBUG]	  2021-12-17 16:36:36:  Size: 141
[36m[DEBUG]	  2021-12-17 16:36:36:  Size: 142
[36m[DEBUG]	  2021-12-17 16:36:37:  Size: 143
[36m[DEBUG]	  2021-12-17 16:36:37:  Size: 144
[36m[DEBUG]	  2021-12-17 16:36:37:  Size: 145
[36m[DEBUG]	  2021-12-17 16:36:37:  Size: 145
[36m[DEBUG]	  2021-12-17 16:36:37:  Size: 146
[36m[DEBUG]	  2021-12-17 16:36:37:  Size: 147
[36m[DEBUG]	  2021-12-17 16:36:37:  Size: 148
[36m[DEBUG]	  2021-12-17 16:36:37:  Size: 149
[36m[DEBUG]	  2021-12-17 16:36:38:  Size: 150
[36m[DEBUG]	  2021-12-17 16:36:38:  Size: 150
[36m[DEBUG]	  2021-12-17 16:36:38:  Size: 151
[36m[DEBUG]	  2021-12-17 16:36:38:  Size: 152
[36m[DEBUG]	  2021-12-17 16:36:38:  Size: 152
[36m[DEBUG]	  2021-12-17 16:36:38:  Size: 152
[36m[DEBUG]	  2021-12-17 16:36:38:  Size: 153
[36m[DEBUG]	  2021-12-17 16:36:39:  Size: 153
[36m[DEBUG]	  2021-12-17 16:36:39:  Size: 154
[36m[DEBUG]	  2021-12-17 16:36:39:  Size: 155
[36m[DEBUG]	  2021-12-17 16:36:39:  Size: 156
[36m[DEBUG]	  2021-12-17 16:36:39:  Size: 156
[36m[DEBUG]	  2021-12-17 16:36:40:  Size: 156
[32m[INFO]	  2021-12-17 16:37:46:  Connect to master successfully.
[32m[INFO]	  2021-12-17 16:37:46:  Receive the first hash slot successfully.
[32m[INFO]	  2021-12-17 16:37:46:  Connected to primary node successfully.
[32m[INFO]	  2021-12-17 16:37:46:  Binding port succeeded.
[32m[INFO]	  2021-12-17 16:37:46:    IP: 0.0.0.0
[32m[INFO]	  2021-12-17 16:37:46:    Port: 52100
[32m[INFO]	  2021-12-17 16:37:46:  Setting listen succeeded.
[32m[INFO]	  2021-12-17 16:37:51:  Connect to client successfully.
[36m[DEBUG]	  2021-12-17 16:37:51:  Size: 1
[36m[DEBUG]	  2021-12-17 16:37:51:  Size: 2
[36m[DEBUG]	  2021-12-17 16:37:51:  Size: 3
[36m[DEBUG]	  2021-12-17 16:37:52:  Size: 4
[36m[DEBUG]	  2021-12-17 16:37:52:  Size: 5
[36m[DEBUG]	  2021-12-17 16:37:52:  Size: 6
[36m[DEBUG]	  2021-12-17 16:37:52:  Size: 7
[36m[DEBUG]	  2021-12-17 16:37:52:  Size: 8
[36m[DEBUG]	  2021-12-17 16:37:52:  Size: 9
[36m[DEBUG]	  2021-12-17 16:37:52:  Size: 10
[36m[DEBUG]	  2021-12-17 16:37:53:  Size: 11
[36m[DEBUG]	  2021-12-17 16:37:53:  Size: 12
[36m[DEBUG]	  2021-12-17 16:37:53:  Size: 13
[36m[DEBUG]	  2021-12-17 16:37:53:  Size: 14
[36m[DEBUG]	  2021-12-17 16:37:53:  Size: 15
[36m[DEBUG]	  2021-12-17 16:37:53:  Size: 16
[36m[DEBUG]	  2021-12-17 16:37:53:  Size: 17
[36m[DEBUG]	  2021-12-17 16:37:54:  Size: 18
[32m[INFO]	  2021-12-17 16:37:54:  Connect to client successfully.
[36m[DEBUG]	  2021-12-17 16:37:54:  Size: 19
[36m[DEBUG]	  2021-12-17 16:37:54:  Size: 20
[36m[DEBUG]	  2021-12-17 16:37:54:  Size: 21
[36m[DEBUG]	  2021-12-17 16:37:54:  Size: 22
[36m[DEBUG]	  2021-12-17 16:37:55:  Size: 23
[36m[DEBUG]	  2021-12-17 16:37:55:  Size: 24
[36m[DEBUG]	  2021-12-17 16:37:55:  Size: 25
[36m[DEBUG]	  2021-12-17 16:37:55:  Size: 26
[36m[DEBUG]	  2021-12-17 16:37:55:  Size: 27
[36m[DEBUG]	  2021-12-17 16:37:55:  Size: 28
[36m[DEBUG]	  2021-12-17 16:37:55:  Size: 29
[36m[DEBUG]	  2021-12-17 16:37:55:  Size: 30
[36m[DEBUG]	  2021-12-17 16:37:55:  Size: 31
[36m[DEBUG]	  2021-12-17 16:37:56:  Size: 32
[36m[DEBUG]	  2021-12-17 16:37:56:  Size: 33
[36m[DEBUG]	  2021-12-17 16:37:56:  Size: 34
[36m[DEBUG]	  2021-12-17 16:37:56:  Size: 35
[36m[DEBUG]	  2021-12-17 16:37:56:  Size: 36
[36m[DEBUG]	  2021-12-17 16:37:56:  Size: 37
[36m[DEBUG]	  2021-12-17 16:37:56:  Size: 38
[36m[DEBUG]	  2021-12-17 16:37:56:  Size: 39
[36m[DEBUG]	  2021-12-17 16:37:56:  Size: 40
[36m[DEBUG]	  2021-12-17 16:37:57:  Size: 41
[36m[DEBUG]	  2021-12-17 16:37:57:  Size: 42
[36m[DEBUG]	  2021-12-17 16:37:57:  Size: 43
[36m[DEBUG]	  2021-12-17 16:37:57:  Size: 44
[32m[INFO]	  2021-12-17 16:37:59:  Connect to master successfully.
[32m[INFO]	  2021-12-17 16:37:59:  Receive the first hash slot successfully.
[32m[INFO]	  2021-12-17 16:37:59:  Connected to primary node successfully.
[32m[INFO]	  2021-12-17 16:37:59:  Binding port succeeded.
[32m[INFO]	  2021-12-17 16:37:59:    IP: 0.0.0.0
[32m[INFO]	  2021-12-17 16:37:59:    Port: 52100
[32m[INFO]	  2021-12-17 16:37:59:  Setting listen succeeded.
[32m[INFO]	  2021-12-17 16:38:03:  Connect to client successfully.
[36m[DEBUG]	  2021-12-17 16:38:05:  Size: 1
[36m[DEBUG]	  2021-12-17 16:38:05:  Size: 2
[36m[DEBUG]	  2021-12-17 16:38:05:  Size: 3
[36m[DEBUG]	  2021-12-17 16:38:05:  Size: 4
[36m[DEBUG]	  2021-12-17 16:38:05:  Size: 5
[36m[DEBUG]	  2021-12-17 16:38:05:  Size: 6
[36m[DEBUG]	  2021-12-17 16:38:05:  Size: 7
[36m[DEBUG]	  2021-12-17 16:38:06:  Size: 8
[36m[DEBUG]	  2021-12-17 16:38:06:  Size: 9
[36m[DEBUG]	  2021-12-17 16:38:06:  Size: 10
[36m[DEBUG]	  2021-12-17 16:38:06:  Size: 11
[36m[DEBUG]	  2021-12-17 16:38:06:  Size: 12
[36m[DEBUG]	  2021-12-17 16:38:06:  Size: 13
[36m[DEBUG]	  2021-12-17 16:38:06:  Size: 14
[36m[DEBUG]	  2021-12-17 16:38:06:  Size: 15
[32m[INFO]	  2021-12-17 16:38:07:  Connect to client successfully.
[36m[DEBUG]	  2021-12-17 16:38:07:  Size: 16
[36m[DEBUG]	  2021-12-17 16:38:07:  Size: 17
[36m[DEBUG]	  2021-12-17 16:38:07:  Size: 18
[36m[DEBUG]	  2021-12-17 16:38:07:  Size: 19
[36m[DEBUG]	  2021-12-17 16:38:07:  Size: 19
[36m[DEBUG]	  2021-12-17 16:38:07:  Size: 20
[36m[DEBUG]	  2021-12-17 16:38:07:  Size: 21
[36m[DEBUG]	  2021-12-17 16:38:08:  Size: 22
[36m[DEBUG]	  2021-12-17 16:38:08:  Size: 23
[36m[DEBUG]	  2021-12-17 16:38:08:  Size: 23
[36m[DEBUG]	  2021-12-17 16:38:08:  Size: 24
[36m[DEBUG]	  2021-12-17 16:38:08:  Size: 24
[36m[DEBUG]	  2021-12-17 16:38:08:  Size: 25
[36m[DEBUG]	  2021-12-17 16:38:08:  Size: 26
[36m[DEBUG]	  2021-12-17 16:38:08:  Size: 26
[36m[DEBUG]	  2021-12-17 16:38:08:  Size: 27
[36m[DEBUG]	  2021-12-17 16:38:08:  Size: 28
[36m[DEBUG]	  2021-12-17 16:38:08:  Size: 28
[36m[DEBUG]	  2021-12-17 16:38:09:  Size: 28
[36m[DEBUG]	  2021-12-17 16:38:09:  Size: 28
[36m[DEBUG]	  2021-12-17 16:38:09:  Size: 29
[36m[DEBUG]	  2021-12-17 16:38:09:  Size: 30
[36m[DEBUG]	  2021-12-17 16:38:09:  Size: 30
[36m[DEBUG]	  2021-12-17 16:38:09:  Size: 31
[36m[DEBUG]	  2021-12-17 16:38:09:  Size: 32
[36m[DEBUG]	  2021-12-17 16:38:09:  Size: 33
[36m[DEBUG]	  2021-12-17 16:38:10:  Size: 34
[36m[DEBUG]	  2021-12-17 16:38:10:  Size: 35
[36m[DEBUG]	  2021-12-17 16:38:10:  Size: 35
[36m[DEBUG]	  2021-12-17 16:38:10:  Size: 35
[36m[DEBUG]	  2021-12-17 16:38:10:  Size: 36
[36m[DEBUG]	  2021-12-17 16:38:10:  Size: 36
[36m[DEBUG]	  2021-12-17 16:38:10:  Size: 37
[36m[DEBUG]	  2021-12-17 16:38:10:  Size: 38
[36m[DEBUG]	  2021-12-17 16:38:10:  Size: 39
[36m[DEBUG]	  2021-12-17 16:38:10:  Size: 39
[36m[DEBUG]	  2021-12-17 16:38:10:  Size: 40
[36m[DEBUG]	  2021-12-17 16:38:10:  Size: 40
[36m[DEBUG]	  2021-12-17 16:38:10:  Size: 41
[36m[DEBUG]	  2021-12-17 16:38:10:  Size: 42
[36m[DEBUG]	  2021-12-17 16:38:10:  Size: 42
[36m[DEBUG]	  2021-12-17 16:38:11:  Size: 43
[36m[DEBUG]	  2021-12-17 16:38:11:  Size: 44
[36m[DEBUG]	  2021-12-17 16:38:11:  Size: 44
[36m[DEBUG]	  2021-12-17 16:38:11:  Size: 45
[36m[DEBUG]	  2021-12-17 16:38:11:  Size: 46
[36m[DEBUG]	  2021-12-17 16:38:11:  Size: 47
[36m[DEBUG]	  2021-12-17 16:38:11:  Size: 47
[36m[DEBUG]	  2021-12-17 16:38:11:  Size: 48
[36m[DEBUG]	  2021-12-17 16:38:11:  Size: 48
[36m[DEBUG]	  2021-12-17 16:38:11:  Size: 49
[36m[DEBUG]	  2021-12-17 16:38:12:  Size: 50
[36m[DEBUG]	  2021-12-17 16:38:12:  Size: 50
[36m[DEBUG]	  2021-12-17 16:38:12:  Size: 51
[36m[DEBUG]	  2021-12-17 16:38:12:  Size: 52
[36m[DEBUG]	  2021-12-17 16:38:12:  Size: 52
[36m[DEBUG]	  2021-12-17 16:38:12:  Size: 53
[36m[DEBUG]	  2021-12-17 16:38:12:  Size: 54
[36m[DEBUG]	  2021-12-17 16:38:12:  Size: 55
[36m[DEBUG]	  2021-12-17 16:38:12:  Size: 55
[36m[DEBUG]	  2021-12-17 16:38:12:  Size: 56
[36m[DEBUG]	  2021-12-17 16:38:12:  Size: 56
[36m[DEBUG]	  2021-12-17 16:38:12:  Size: 57
[36m[DEBUG]	  2021-12-17 16:38:12:  Size: 58
[36m[DEBUG]	  2021-12-17 16:38:13:  Size: 59
[36m[DEBUG]	  2021-12-17 16:38:13:  Size: 60
[36m[DEBUG]	  2021-12-17 16:38:13:  Size: 61
[36m[DEBUG]	  2021-12-17 16:38:13:  Size: 62
[36m[DEBUG]	  2021-12-17 16:38:13:  Size: 63
[36m[DEBUG]	  2021-12-17 16:38:13:  Size: 63
[36m[DEBUG]	  2021-12-17 16:38:13:  Size: 64
[36m[DEBUG]	  2021-12-17 16:38:13:  Size: 64
[36m[DEBUG]	  2021-12-17 16:38:13:  Size: 65
[36m[DEBUG]	  2021-12-17 16:38:13:  Size: 66
[36m[DEBUG]	  2021-12-17 16:38:14:  Size: 67
[36m[DEBUG]	  2021-12-17 16:38:14:  Size: 68
[36m[DEBUG]	  2021-12-17 16:38:14:  Size: 68
[36m[DEBUG]	  2021-12-17 16:38:14:  Size: 69
[36m[DEBUG]	  2021-12-17 16:38:14:  Size: 70
[36m[DEBUG]	  2021-12-17 16:38:14:  Size: 70
[36m[DEBUG]	  2021-12-17 16:38:15:  Size: 71
[36m[DEBUG]	  2021-12-17 16:38:15:  Size: 71
[36m[DEBUG]	  2021-12-17 16:38:15:  Size: 53
[36m[DEBUG]	  2021-12-17 16:38:16:  Size: 53
[36m[DEBUG]	  2021-12-17 16:38:16:  Size: 53
[36m[DEBUG]	  2021-12-17 16:38:16:  Size: 53
[36m[DEBUG]	  2021-12-17 16:38:17:  Size: 53
[36m[DEBUG]	  2021-12-17 16:38:17:  Size: 53
[36m[DEBUG]	  2021-12-17 16:38:17:  Size: 53
[36m[DEBUG]	  2021-12-17 16:38:17:  Size: 53
[36m[DEBUG]	  2021-12-17 16:38:17:  Size: 54
[36m[DEBUG]	  2021-12-17 16:38:17:  Size: 55
[36m[DEBUG]	  2021-12-17 16:38:18:  Size: 56
[36m[DEBUG]	  2021-12-17 16:38:18:  Size: 57
[36m[DEBUG]	  2021-12-17 16:38:19:  Size: 57
[36m[DEBUG]	  2021-12-17 16:38:19:  Size: 58
[36m[DEBUG]	  2021-12-17 16:38:19:  Size: 58
[36m[DEBUG]	  2021-12-17 16:38:19:  Size: 59
[36m[DEBUG]	  2021-12-17 16:38:19:  Size: 60
[36m[DEBUG]	  2021-12-17 16:38:19:  Size: 60
[36m[DEBUG]	  2021-12-17 16:38:19:  Size: 61
[36m[DEBUG]	  2021-12-17 16:38:20:  Size: 62
[36m[DEBUG]	  2021-12-17 16:38:20:  Size: 62
[36m[DEBUG]	  2021-12-17 16:38:20:  Size: 62
[36m[DEBUG]	  2021-12-17 16:38:20:  Size: 63
[36m[DEBUG]	  2021-12-17 16:38:20:  Size: 63
[36m[DEBUG]	  2021-12-17 16:38:20:  Size: 64
[36m[DEBUG]	  2021-12-17 16:38:20:  Size: 65
[36m[DEBUG]	  2021-12-17 16:38:21:  Size: 66
[36m[DEBUG]	  2021-12-17 16:38:21:  Size: 66
[36m[DEBUG]	  2021-12-17 16:38:21:  Size: 67
[36m[DEBUG]	  2021-12-17 16:38:21:  Size: 67
[36m[DEBUG]	  2021-12-17 16:38:21:  Size: 68
[36m[DEBUG]	  2021-12-17 16:38:21:  Size: 68
[36m[DEBUG]	  2021-12-17 16:38:21:  Size: 69
[36m[DEBUG]	  2021-12-17 16:38:22:  Size: 69
[36m[DEBUG]	  2021-12-17 16:38:22:  Size: 70
[36m[DEBUG]	  2021-12-17 16:38:22:  Size: 70
[36m[DEBUG]	  2021-12-17 16:38:22:  Size: 71
[36m[DEBUG]	  2021-12-17 16:38:22:  Size: 72
[36m[DEBUG]	  2021-12-17 16:38:23:  Size: 72
[36m[DEBUG]	  2021-12-17 16:38:23:  Size: 73
[36m[DEBUG]	  2021-12-17 16:38:23:  Size: 74
[36m[DEBUG]	  2021-12-17 16:38:23:  Size: 74
[36m[DEBUG]	  2021-12-17 16:38:23:  Size: 74
[36m[DEBUG]	  2021-12-17 16:38:23:  Size: 75
[36m[DEBUG]	  2021-12-17 16:38:23:  Size: 76
[36m[DEBUG]	  2021-12-17 16:38:24:  Size: 76
[36m[DEBUG]	  2021-12-17 16:38:24:  Size: 61
[36m[DEBUG]	  2021-12-17 16:38:25:  Size: 61
[36m[DEBUG]	  2021-12-17 16:38:25:  Size: 61
[36m[DEBUG]	  2021-12-17 16:38:25:  Size: 61
[36m[DEBUG]	  2021-12-17 16:38:26:  Size: 61
[36m[DEBUG]	  2021-12-17 16:38:26:  Size: 62
[36m[DEBUG]	  2021-12-17 16:38:27:  Size: 63
[36m[DEBUG]	  2021-12-17 16:38:27:  Size: 64
[36m[DEBUG]	  2021-12-17 16:38:27:  Size: 65
[36m[DEBUG]	  2021-12-17 16:38:27:  Size: 65
[36m[DEBUG]	  2021-12-17 16:38:27:  Size: 66
[36m[DEBUG]	  2021-12-17 16:38:27:  Size: 66
[36m[DEBUG]	  2021-12-17 16:38:27:  Size: 66
[36m[DEBUG]	  2021-12-17 16:38:27:  Size: 66
[36m[DEBUG]	  2021-12-17 16:38:27:  Size: 67
[36m[DEBUG]	  2021-12-17 16:38:28:  Size: 67
[36m[DEBUG]	  2021-12-17 16:38:28:  Size: 68
[36m[DEBUG]	  2021-12-17 16:38:28:  Size: 69
[36m[DEBUG]	  2021-12-17 16:38:28:  Size: 70
[36m[DEBUG]	  2021-12-17 16:38:28:  Size: 70
[36m[DEBUG]	  2021-12-17 16:38:28:  Size: 71
[36m[DEBUG]	  2021-12-17 16:38:28:  Size: 72
[36m[DEBUG]	  2021-12-17 16:38:28:  Size: 73
[36m[DEBUG]	  2021-12-17 16:38:29:  Size: 74
[36m[DEBUG]	  2021-12-17 16:38:29:  Size: 75
[36m[DEBUG]	  2021-12-17 16:38:29:  Size: 76
[36m[DEBUG]	  2021-12-17 16:38:30:  Size: 77
[36m[DEBUG]	  2021-12-17 16:38:30:  Size: 78
[36m[DEBUG]	  2021-12-17 16:38:30:  Size: 79
[36m[DEBUG]	  2021-12-17 16:38:30:  Size: 79
[36m[DEBUG]	  2021-12-17 16:38:30:  Size: 79
[36m[DEBUG]	  2021-12-17 16:38:31:  Size: 80
[33m[WARN]	  2021-12-17 16:38:33:  Shutting down...
