[32m[INFO]	  2021-12-17 16:36:27:  Connect to master successfully.
[32m[INFO]	  2021-12-17 16:36:27:  Receive the first hash slot successfully.
[32m[INFO]	  2021-12-17 16:36:27:  Connected to primary node successfully.
[32m[INFO]	  2021-12-17 16:36:27:  Binding port succeeded.
[32m[INFO]	  2021-12-17 16:36:27:    IP: 0.0.0.0
[32m[INFO]	  2021-12-17 16:36:27:    Port: 52500
[32m[INFO]	  2021-12-17 16:36:27:  Setting listen succeeded.
[32m[INFO]	  2021-12-17 16:36:27:  Binding port succeeded.
[32m[INFO]	  2021-12-17 16:36:27:    IP: 0.0.0.0
[32m[INFO]	  2021-12-17 16:36:27:    Port: 60100
[32m[INFO]	  2021-12-17 16:36:27:  Setting listen succeeded.
[32m[INFO]	  2021-12-17 16:36:27:  Binding port succeeded.
[32m[INFO]	  2021-12-17 16:36:27:    IP: 0.0.0.0
[32m[INFO]	  2021-12-17 16:36:27:    Port: 60101
[32m[INFO]	  2021-12-17 16:36:27:  Setting listen succeeded.
[32m[INFO]	  2021-12-17 16:36:27:  Binding port succeeded.
[32m[INFO]	  2021-12-17 16:36:27:    IP: 0.0.0.0
[32m[INFO]	  2021-12-17 16:36:27:    Port: 60102
[32m[INFO]	  2021-12-17 16:36:27:  Setting listen succeeded.
[32m[INFO]	  2021-12-17 16:36:27:  Binding port succeeded.
[32m[INFO]	  2021-12-17 16:36:27:    IP: 0.0.0.0
[32m[INFO]	  2021-12-17 16:36:27:    Port: 60103
[32m[INFO]	  2021-12-17 16:36:27:  Setting listen succeeded.
[32m[INFO]	  2021-12-17 16:36:27:  Connect to client successfully.
[32m[INFO]	  2021-12-17 16:36:27:  Connect to client successfully.
[36m[DEBUG]	  2021-12-17 16:36:30:  Size: 139
[36m[DEBUG]	  2021-12-17 16:36:30:  Size: 139
[36m[DEBUG]	  2021-12-17 16:36:30:  Size: 139
[36m[DEBUG]	  2021-12-17 16:36:30:  Size: 140
[36m[DEBUG]	  2021-12-17 16:36:30:  Size: 141
[36m[DEBUG]	  2021-12-17 16:36:30:  Size: 142
[36m[DEBUG]	  2021-12-17 16:36:30:  Size: 143
[36m[DEBUG]	  2021-12-17 16:36:30:  Size: 144
[36m[DEBUG]	  2021-12-17 16:36:30:  Size: 145
[36m[DEBUG]	  2021-12-17 16:36:30:  Size: 146
[36m[DEBUG]	  2021-12-17 16:36:30:  Size: 147
[36m[DEBUG]	  2021-12-17 16:36:30:  Size: 148
[36m[DEBUG]	  2021-12-17 16:36:30:  Size: 149
[36m[DEBUG]	  2021-12-17 16:36:30:  Size: 150
[36m[DEBUG]	  2021-12-17 16:36:30:  Size: 150
[36m[DEBUG]	  2021-12-17 16:36:31:  Size: 150
[36m[DEBUG]	  2021-12-17 16:36:31:  Size: 151
[36m[DEBUG]	  2021-12-17 16:36:31:  Size: 151
[36m[DEBUG]	  2021-12-17 16:36:32:  Size: 151
[36m[DEBUG]	  2021-12-17 16:36:32:  Size: 151
[36m[DEBUG]	  2021-12-17 16:36:32:  Size: 151
[36m[DEBUG]	  2021-12-17 16:36:32:  Size: 152
[36m[DEBUG]	  2021-12-17 16:36:32:  Size: 153
[36m[DEBUG]	  2021-12-17 16:36:32:  Size: 153
[36m[DEBUG]	  2021-12-17 16:36:32:  Size: 153
[36m[DEBUG]	  2021-12-17 16:36:32:  Size: 154
[36m[DEBUG]	  2021-12-17 16:36:32:  Size: 155
[36m[DEBUG]	  2021-12-17 16:36:33:  Size: 156
[36m[DEBUG]	  2021-12-17 16:36:33:  Size: 157
[36m[DEBUG]	  2021-12-17 16:36:33:  Size: 158
[36m[DEBUG]	  2021-12-17 16:36:33:  Size: 159
[36m[DEBUG]	  2021-12-17 16:36:33:  Size: 160
[36m[DEBUG]	  2021-12-17 16:36:33:  Size: 160
[36m[DEBUG]	  2021-12-17 16:36:33:  Size: 161
[36m[DEBUG]	  2021-12-17 16:36:34:  Size: 161
[36m[DEBUG]	  2021-12-17 16:36:34:  Size: 162
[36m[DEBUG]	  2021-12-17 16:36:34:  Size: 163
[36m[DEBUG]	  2021-12-17 16:36:35:  Size: 164
[36m[DEBUG]	  2021-12-17 16:36:35:  Size: 165
[36m[DEBUG]	  2021-12-17 16:36:36:  Size: 165
[36m[DEBUG]	  2021-12-17 16:36:36:  Size: 165
[36m[DEBUG]	  2021-12-17 16:36:36:  Size: 166
[36m[DEBUG]	  2021-12-17 16:36:36:  Size: 167
[36m[DEBUG]	  2021-12-17 16:36:36:  Size: 167
[36m[DEBUG]	  2021-12-17 16:36:36:  Size: 168
[36m[DEBUG]	  2021-12-17 16:36:36:  Size: 168
[36m[DEBUG]	  2021-12-17 16:36:36:  Size: 169
[36m[DEBUG]	  2021-12-17 16:36:36:  Size: 170
[36m[DEBUG]	  2021-12-17 16:36:36:  Size: 170
[36m[DEBUG]	  2021-12-17 16:36:37:  Size: 171
[36m[DEBUG]	  2021-12-17 16:36:37:  Size: 171
[36m[DEBUG]	  2021-12-17 16:36:37:  Size: 171
[36m[DEBUG]	  2021-12-17 16:36:37:  Size: 171
[36m[DEBUG]	  2021-12-17 16:36:38:  Size: 172
[36m[DEBUG]	  2021-12-17 16:36:38:  Size: 173
[36m[DEBUG]	  2021-12-17 16:36:38:  Size: 174
[36m[DEBUG]	  2021-12-17 16:36:38:  Size: 175
[36m[DEBUG]	  2021-12-17 16:36:38:  Size: 175
[36m[DEBUG]	  2021-12-17 16:36:38:  Size: 176
[36m[DEBUG]	  2021-12-17 16:36:38:  Size: 176
[36m[DEBUG]	  2021-12-17 16:36:39:  Size: 176
[36m[DEBUG]	  2021-12-17 16:36:39:  Size: 177
[36m[DEBUG]	  2021-12-17 16:36:39:  Size: 178
[36m[DEBUG]	  2021-12-17 16:36:39:  Size: 179
[36m[DEBUG]	  2021-12-17 16:36:39:  Size: 180
[36m[DEBUG]	  2021-12-17 16:36:39:  Size: 180
[32m[INFO]	  2021-12-17 16:38:22:  Connect to master successfully.
[32m[INFO]	  2021-12-17 16:38:22:  Receive the first hash slot successfully.
[32m[INFO]	  2021-12-17 16:38:22:  Connected to primary node successfully.
[32m[INFO]	  2021-12-17 16:38:22:  Binding port succeeded.
[32m[INFO]	  2021-12-17 16:38:22:    IP: 0.0.0.0
[32m[INFO]	  2021-12-17 16:38:22:    Port: 52500
[32m[INFO]	  2021-12-17 16:38:22:  Setting listen succeeded.
[32m[INFO]	  2021-12-17 16:38:22:  Binding port succeeded.
[32m[INFO]	  2021-12-17 16:38:22:    IP: 0.0.0.0
[32m[INFO]	  2021-12-17 16:38:22:    Port: 60100
[32m[INFO]	  2021-12-17 16:38:22:  Setting listen succeeded.
[32m[INFO]	  2021-12-17 16:38:22:  Binding port succeeded.
[32m[INFO]	  2021-12-17 16:38:22:    IP: 0.0.0.0
[32m[INFO]	  2021-12-17 16:38:22:    Port: 60101
[32m[INFO]	  2021-12-17 16:38:22:  Setting listen succeeded.
[32m[INFO]	  2021-12-17 16:38:22:  Binding port succeeded.
[32m[INFO]	  2021-12-17 16:38:22:    IP: 0.0.0.0
[32m[INFO]	  2021-12-17 16:38:22:    Port: 60102
[32m[INFO]	  2021-12-17 16:38:22:  Setting listen succeeded.
[32m[INFO]	  2021-12-17 16:38:22:  Binding port succeeded.
[32m[INFO]	  2021-12-17 16:38:22:    IP: 0.0.0.0
[32m[INFO]	  2021-12-17 16:38:22:    Port: 60103
[32m[INFO]	  2021-12-17 16:38:22:  Setting listen succeeded.
[32m[INFO]	  2021-12-17 16:38:22:  Connect to client successfully.
[32m[INFO]	  2021-12-17 16:38:22:  Connect to client successfully.
[36m[DEBUG]	  2021-12-17 16:38:25:  Size: 59
[36m[DEBUG]	  2021-12-17 16:38:25:  Size: 59
[36m[DEBUG]	  2021-12-17 16:38:25:  Size: 60
[36m[DEBUG]	  2021-12-17 16:38:25:  Size: 61
[36m[DEBUG]	  2021-12-17 16:38:25:  Size: 62
[36m[DEBUG]	  2021-12-17 16:38:25:  Size: 63
[36m[DEBUG]	  2021-12-17 16:38:25:  Size: 64
[36m[DEBUG]	  2021-12-17 16:38:25:  Size: 65
[36m[DEBUG]	  2021-12-17 16:38:26:  Size: 65
[36m[DEBUG]	  2021-12-17 16:38:26:  Size: 65
[36m[DEBUG]	  2021-12-17 16:38:26:  Size: 65
[36m[DEBUG]	  2021-12-17 16:38:26:  Size: 65
[36m[DEBUG]	  2021-12-17 16:38:26:  Size: 66
[36m[DEBUG]	  2021-12-17 16:38:26:  Size: 66
[36m[DEBUG]	  2021-12-17 16:38:26:  Size: 66
[36m[DEBUG]	  2021-12-17 16:38:27:  Size: 66
[36m[DEBUG]	  2021-12-17 16:38:27:  Size: 66
[36m[DEBUG]	  2021-12-17 16:38:27:  Size: 66
[36m[DEBUG]	  2021-12-17 16:38:27:  Size: 67
[36m[DEBUG]	  2021-12-17 16:38:27:  Size: 68
[36m[DEBUG]	  2021-12-17 16:38:27:  Size: 69
[36m[DEBUG]	  2021-12-17 16:38:27:  Size: 70
[36m[DEBUG]	  2021-12-17 16:38:28:  Size: 71
[36m[DEBUG]	  2021-12-17 16:38:28:  Size: 72
[36m[DEBUG]	  2021-12-17 16:38:28:  Size: 73
[36m[DEBUG]	  2021-12-17 16:38:28:  Size: 73
[36m[DEBUG]	  2021-12-17 16:38:28:  Size: 74
[36m[DEBUG]	  2021-12-17 16:38:29:  Size: 75
[36m[DEBUG]	  2021-12-17 16:38:29:  Size: 75
[36m[DEBUG]	  2021-12-17 16:38:30:  Size: 76
[36m[DEBUG]	  2021-12-17 16:38:30:  Size: 76
[36m[DEBUG]	  2021-12-17 16:38:30:  Size: 76
[36m[DEBUG]	  2021-12-17 16:38:30:  Size: 77
[36m[DEBUG]	  2021-12-17 16:38:30:  Size: 78
[36m[DEBUG]	  2021-12-17 16:38:30:  Size: 79
[36m[DEBUG]	  2021-12-17 16:38:31:  Size: 80
[36m[DEBUG]	  2021-12-17 16:38:31:  Size: 81
[36m[DEBUG]	  2021-12-17 16:38:31:  Size: 82
[36m[DEBUG]	  2021-12-17 16:38:31:  Size: 83
[36m[DEBUG]	  2021-12-17 16:38:31:  Size: 83
[32m[INFO]	  2021-12-17 16:38:31:  Binding port succeeded.
[32m[INFO]	  2021-12-17 16:38:31:    IP: 0.0.0.0
[32m[INFO]	  2021-12-17 16:38:31:    Port: 60105
[32m[INFO]	  2021-12-17 16:38:31:  Setting listen succeeded.
[36m[DEBUG]	  2021-12-17 16:38:32:  Size: 107
[36m[DEBUG]	  2021-12-17 16:38:32:  Size: 107
[36m[DEBUG]	  2021-12-17 16:38:32:  Size: 108
[36m[DEBUG]	  2021-12-17 16:38:33:  Size: 108
[36m[DEBUG]	  2021-12-17 16:38:33:  Size: 109
[36m[DEBUG]	  2021-12-17 16:38:33:  Size: 109
[36m[DEBUG]	  2021-12-17 16:38:33:  Size: 110
[36m[DEBUG]	  2021-12-17 16:38:33:  Size: 110
[36m[DEBUG]	  2021-12-17 16:38:33:  Size: 111
[36m[DEBUG]	  2021-12-17 16:38:33:  Size: 111
[36m[DEBUG]	  2021-12-17 16:38:33:  Size: 112
[36m[DEBUG]	  2021-12-17 16:38:33:  Size: 113
[36m[DEBUG]	  2021-12-17 16:38:33:  Size: 113
[36m[DEBUG]	  2021-12-17 16:38:34:  Size: 114
[36m[DEBUG]	  2021-12-17 16:38:34:  Size: 115
[36m[DEBUG]	  2021-12-17 16:38:34:  Size: 115
[36m[DEBUG]	  2021-12-17 16:38:34:  Size: 116
[36m[DEBUG]	  2021-12-17 16:38:34:  Size: 117
[36m[DEBUG]	  2021-12-17 16:38:35:  Size: 117
[36m[DEBUG]	  2021-12-17 16:38:35:  Size: 118
[36m[DEBUG]	  2021-12-17 16:38:35:  Size: 119
[36m[DEBUG]	  2021-12-17 16:38:35:  Size: 120
[36m[DEBUG]	  2021-12-17 16:38:35:  Size: 120
[36m[DEBUG]	  2021-12-17 16:38:35:  Size: 120
[36m[DEBUG]	  2021-12-17 16:38:35:  Size: 120
[36m[DEBUG]	  2021-12-17 16:38:36:  Size: 121
[36m[DEBUG]	  2021-12-17 16:38:36:  Size: 122
[36m[DEBUG]	  2021-12-17 16:38:36:  Size: 122
[36m[DEBUG]	  2021-12-17 16:38:36:  Size: 123
[36m[DEBUG]	  2021-12-17 16:38:36:  Size: 123
[36m[DEBUG]	  2021-12-17 16:38:36:  Size: 124
[36m[DEBUG]	  2021-12-17 16:38:36:  Size: 125
[36m[DEBUG]	  2021-12-17 16:38:36:  Size: 126
[36m[DEBUG]	  2021-12-17 16:38:36:  Size: 126
[36m[DEBUG]	  2021-12-17 16:38:36:  Size: 127
[36m[DEBUG]	  2021-12-17 16:38:37:  Size: 128
[36m[DEBUG]	  2021-12-17 16:38:37:  Size: 129
[36m[DEBUG]	  2021-12-17 16:38:37:  Size: 130
[36m[DEBUG]	  2021-12-17 16:38:37:  Size: 131
[36m[DEBUG]	  2021-12-17 16:38:37:  Size: 131
[36m[DEBUG]	  2021-12-17 16:38:37:  Size: 132
[36m[DEBUG]	  2021-12-17 16:38:37:  Size: 133
[36m[DEBUG]	  2021-12-17 16:38:37:  Size: 133
[36m[DEBUG]	  2021-12-17 16:38:37:  Size: 134
[36m[DEBUG]	  2021-12-17 16:38:37:  Size: 134
[36m[DEBUG]	  2021-12-17 16:38:37:  Size: 135
[36m[DEBUG]	  2021-12-17 16:38:38:  Size: 135
[36m[DEBUG]	  2021-12-17 16:38:38:  Size: 136
[36m[DEBUG]	  2021-12-17 16:38:38:  Size: 136
[36m[DEBUG]	  2021-12-17 16:38:38:  Size: 137
[36m[DEBUG]	  2021-12-17 16:38:39:  Size: 137
[36m[DEBUG]	  2021-12-17 16:38:39:  Size: 138
[36m[DEBUG]	  2021-12-17 16:38:39:  Size: 139
[36m[DEBUG]	  2021-12-17 16:38:39:  Size: 139
[36m[DEBUG]	  2021-12-17 16:38:39:  Size: 140
[36m[DEBUG]	  2021-12-17 16:38:39:  Size: 141
[36m[DEBUG]	  2021-12-17 16:38:39:  Size: 141
[36m[DEBUG]	  2021-12-17 16:38:39:  Size: 141
[36m[DEBUG]	  2021-12-17 16:38:39:  Size: 142
[36m[DEBUG]	  2021-12-17 16:38:39:  Size: 142
[36m[DEBUG]	  2021-12-17 16:38:39:  Size: 143
[36m[DEBUG]	  2021-12-17 16:38:40:  Size: 143
[36m[DEBUG]	  2021-12-17 16:38:40:  Size: 144
[36m[DEBUG]	  2021-12-17 16:38:40:  Size: 144
[36m[DEBUG]	  2021-12-17 16:38:40:  Size: 145
[36m[DEBUG]	  2021-12-17 16:38:40:  Size: 146
[36m[DEBUG]	  2021-12-17 16:38:40:  Size: 147
[36m[DEBUG]	  2021-12-17 16:38:40:  Size: 148
[36m[DEBUG]	  2021-12-17 16:38:40:  Size: 148
[36m[DEBUG]	  2021-12-17 16:38:40:  Size: 149
[36m[DEBUG]	  2021-12-17 16:38:40:  Size: 150
[36m[DEBUG]	  2021-12-17 16:38:40:  Size: 151
[36m[DEBUG]	  2021-12-17 16:38:41:  Size: 152
[36m[DEBUG]	  2021-12-17 16:38:41:  Size: 152
[36m[DEBUG]	  2021-12-17 16:38:41:  Size: 153
[36m[DEBUG]	  2021-12-17 16:38:41:  Size: 154
[36m[DEBUG]	  2021-12-17 16:38:41:  Size: 155
[36m[DEBUG]	  2021-12-17 16:38:41:  Size: 156
[36m[DEBUG]	  2021-12-17 16:38:41:  Size: 157
[36m[DEBUG]	  2021-12-17 16:38:41:  Size: 158
[36m[DEBUG]	  2021-12-17 16:38:42:  Size: 159
[36m[DEBUG]	  2021-12-17 16:38:42:  Size: 160
[36m[DEBUG]	  2021-12-17 16:38:42:  Size: 161
[36m[DEBUG]	  2021-12-17 16:38:42:  Size: 162
[36m[DEBUG]	  2021-12-17 16:38:42:  Size: 163
[36m[DEBUG]	  2021-12-17 16:38:42:  Size: 164
[36m[DEBUG]	  2021-12-17 16:38:43:  Size: 165
[36m[DEBUG]	  2021-12-17 16:38:43:  Size: 166
[36m[DEBUG]	  2021-12-17 16:38:43:  Size: 167
[36m[DEBUG]	  2021-12-17 16:38:43:  Size: 167
[36m[DEBUG]	  2021-12-17 16:38:43:  Size: 168
[36m[DEBUG]	  2021-12-17 16:38:43:  Size: 168
[36m[DEBUG]	  2021-12-17 16:38:44:  Size: 169
[36m[DEBUG]	  2021-12-17 16:38:45:  Size: 170
[36m[DEBUG]	  2021-12-17 16:38:45:  Size: 171
[36m[DEBUG]	  2021-12-17 16:38:45:  Size: 172
[36m[DEBUG]	  2021-12-17 16:38:45:  Size: 172
[36m[DEBUG]	  2021-12-17 16:38:45:  Size: 173
[36m[DEBUG]	  2021-12-17 16:38:45:  Size: 173
[36m[DEBUG]	  2021-12-17 16:38:45:  Size: 173
[36m[DEBUG]	  2021-12-17 16:38:45:  Size: 174
[36m[DEBUG]	  2021-12-17 16:38:45:  Size: 174
[36m[DEBUG]	  2021-12-17 16:38:45:  Size: 174
[36m[DEBUG]	  2021-12-17 16:38:45:  Size: 175
[36m[DEBUG]	  2021-12-17 16:38:45:  Size: 175
[36m[DEBUG]	  2021-12-17 16:38:45:  Size: 176
[36m[DEBUG]	  2021-12-17 16:38:46:  Size: 176
[36m[DEBUG]	  2021-12-17 16:38:46:  Size: 177
[36m[DEBUG]	  2021-12-17 16:38:46:  Size: 177
[36m[DEBUG]	  2021-12-17 16:38:46:  Size: 178
[36m[DEBUG]	  2021-12-17 16:38:46:  Size: 179
[36m[DEBUG]	  2021-12-17 16:38:46:  Size: 180
[36m[DEBUG]	  2021-12-17 16:38:46:  Size: 180
[36m[DEBUG]	  2021-12-17 16:38:46:  Size: 181
[36m[DEBUG]	  2021-12-17 16:38:46:  Size: 182
[36m[DEBUG]	  2021-12-17 16:38:46:  Size: 183
[36m[DEBUG]	  2021-12-17 16:38:47:  Size: 183
[36m[DEBUG]	  2021-12-17 16:38:47:  Size: 184
[36m[DEBUG]	  2021-12-17 16:38:47:  Size: 185
[36m[DEBUG]	  2021-12-17 16:38:47:  Size: 185
[36m[DEBUG]	  2021-12-17 16:38:48:  Size: 185
[36m[DEBUG]	  2021-12-17 16:38:48:  Size: 186
[36m[DEBUG]	  2021-12-17 16:38:48:  Size: 186
[36m[DEBUG]	  2021-12-17 16:38:48:  Size: 186
[36m[DEBUG]	  2021-12-17 16:38:48:  Size: 187
[36m[DEBUG]	  2021-12-17 16:38:49:  Size: 188
[36m[DEBUG]	  2021-12-17 16:38:49:  Size: 189
[36m[DEBUG]	  2021-12-17 16:38:49:  Size: 190
[36m[DEBUG]	  2021-12-17 16:38:49:  Size: 191
[36m[DEBUG]	  2021-12-17 16:38:49:  Size: 191
[36m[DEBUG]	  2021-12-17 16:38:49:  Size: 192
[36m[DEBUG]	  2021-12-17 16:38:49:  Size: 192
[36m[DEBUG]	  2021-12-17 16:38:49:  Size: 193
[36m[DEBUG]	  2021-12-17 16:38:50:  Size: 194
[36m[DEBUG]	  2021-12-17 16:38:50:  Size: 194
[36m[DEBUG]	  2021-12-17 16:38:50:  Size: 194
[36m[DEBUG]	  2021-12-17 16:38:50:  Size: 194
[36m[DEBUG]	  2021-12-17 16:38:50:  Size: 195
[36m[DEBUG]	  2021-12-17 16:38:50:  Size: 196
[36m[DEBUG]	  2021-12-17 16:38:50:  Size: 196
[36m[DEBUG]	  2021-12-17 16:38:51:  Size: 197
[36m[DEBUG]	  2021-12-17 16:38:51:  Size: 198
[36m[DEBUG]	  2021-12-17 16:38:51:  Size: 199
[36m[DEBUG]	  2021-12-17 16:38:52:  Size: 200
[36m[DEBUG]	  2021-12-17 16:38:52:  Size: 200
[36m[DEBUG]	  2021-12-17 16:38:52:  Size: 201
[36m[DEBUG]	  2021-12-17 16:38:52:  Size: 202
[36m[DEBUG]	  2021-12-17 16:38:52:  Size: 203
[36m[DEBUG]	  2021-12-17 16:38:52:  Size: 204
[36m[DEBUG]	  2021-12-17 16:38:52:  Size: 205
[36m[DEBUG]	  2021-12-17 16:38:52:  Size: 205
[36m[DEBUG]	  2021-12-17 16:38:53:  Size: 205
[36m[DEBUG]	  2021-12-17 16:38:53:  Size: 206
[36m[DEBUG]	  2021-12-17 16:38:53:  Size: 207
[36m[DEBUG]	  2021-12-17 16:38:53:  Size: 208
[36m[DEBUG]	  2021-12-17 16:38:53:  Size: 208
[36m[DEBUG]	  2021-12-17 16:38:54:  Size: 208
[36m[DEBUG]	  2021-12-17 16:38:54:  Size: 208
[36m[DEBUG]	  2021-12-17 16:38:54:  Size: 208
[36m[DEBUG]	  2021-12-17 16:38:54:  Size: 209
[36m[DEBUG]	  2021-12-17 16:38:54:  Size: 210
[36m[DEBUG]	  2021-12-17 16:38:55:  Size: 210
[36m[DEBUG]	  2021-12-17 16:38:55:  Size: 211
[36m[DEBUG]	  2021-12-17 16:38:55:  Size: 211
[36m[DEBUG]	  2021-12-17 16:38:55:  Size: 212
[36m[DEBUG]	  2021-12-17 16:38:55:  Size: 212
[36m[DEBUG]	  2021-12-17 16:38:55:  Size: 212
