[32m[INFO]	  2021-12-17 16:36:06:  Connect to master successfully.
[32m[INFO]	  2021-12-17 16:36:06:  Receive the first hash slot successfully.
[32m[INFO]	  2021-12-17 16:36:06:  Connected to primary node successfully.
[32m[INFO]	  2021-12-17 16:36:06:  Binding port succeeded.
[32m[INFO]	  2021-12-17 16:36:06:    IP: 0.0.0.0
[32m[INFO]	  2021-12-17 16:36:06:    Port: 52400
[32m[INFO]	  2021-12-17 16:36:06:  Setting listen succeeded.
[32m[INFO]	  2021-12-17 16:36:06:  Binding port succeeded.
[32m[INFO]	  2021-12-17 16:36:06:    IP: 0.0.0.0
[32m[INFO]	  2021-12-17 16:36:06:    Port: 60100
[32m[INFO]	  2021-12-17 16:36:06:  Setting listen succeeded.
[32m[INFO]	  2021-12-17 16:36:06:  Binding port succeeded.
[32m[INFO]	  2021-12-17 16:36:06:    IP: 0.0.0.0
[32m[INFO]	  2021-12-17 16:36:06:    Port: 60101
[32m[INFO]	  2021-12-17 16:36:06:  Setting listen succeeded.
[32m[INFO]	  2021-12-17 16:36:06:  Binding port succeeded.
[32m[INFO]	  2021-12-17 16:36:06:    IP: 0.0.0.0
[32m[INFO]	  2021-12-17 16:36:06:    Port: 60102
[32m[INFO]	  2021-12-17 16:36:06:  Setting listen succeeded.
[32m[INFO]	  2021-12-17 16:36:06:  Connect to client successfully.
[32m[INFO]	  2021-12-17 16:36:06:  Connect to client successfully.
[36m[DEBUG]	  2021-12-17 16:36:08:  Size: 70
[36m[DEBUG]	  2021-12-17 16:36:09:  Size: 70
[36m[DEBUG]	  2021-12-17 16:36:09:  Size: 71
[36m[DEBUG]	  2021-12-17 16:36:09:  Size: 72
[36m[DEBUG]	  2021-12-17 16:36:09:  Size: 72
[36m[DEBUG]	  2021-12-17 16:36:09:  Size: 73
[36m[DEBUG]	  2021-12-17 16:36:09:  Size: 74
[36m[DEBUG]	  2021-12-17 16:36:09:  Size: 75
[36m[DEBUG]	  2021-12-17 16:36:09:  Size: 76
[36m[DEBUG]	  2021-12-17 16:36:09:  Size: 77
[36m[DEBUG]	  2021-12-17 16:36:09:  Size: 78
[36m[DEBUG]	  2021-12-17 16:36:09:  Size: 79
[36m[DEBUG]	  2021-12-17 16:36:09:  Size: 80
[36m[DEBUG]	  2021-12-17 16:36:09:  Size: 80
[36m[DEBUG]	  2021-12-17 16:36:09:  Size: 80
[36m[DEBUG]	  2021-12-17 16:36:09:  Size: 80
[36m[DEBUG]	  2021-12-17 16:36:10:  Size: 80
[36m[DEBUG]	  2021-12-17 16:36:10:  Size: 80
[36m[DEBUG]	  2021-12-17 16:36:10:  Size: 80
[36m[DEBUG]	  2021-12-17 16:36:10:  Size: 80
[36m[DEBUG]	  2021-12-17 16:36:10:  Size: 80
[36m[DEBUG]	  2021-12-17 16:36:10:  Size: 81
[36m[DEBUG]	  2021-12-17 16:36:10:  Size: 82
[36m[DEBUG]	  2021-12-17 16:36:10:  Size: 83
[36m[DEBUG]	  2021-12-17 16:36:10:  Size: 83
[36m[DEBUG]	  2021-12-17 16:36:10:  Size: 84
[36m[DEBUG]	  2021-12-17 16:36:11:  Size: 85
[36m[DEBUG]	  2021-12-17 16:36:11:  Size: 85
[36m[DEBUG]	  2021-12-17 16:36:11:  Size: 85
[36m[DEBUG]	  2021-12-17 16:36:11:  Size: 86
[36m[DEBUG]	  2021-12-17 16:36:12:  Size: 87
[36m[DEBUG]	  2021-12-17 16:36:12:  Size: 88
[36m[DEBUG]	  2021-12-17 16:36:12:  Size: 88
[36m[DEBUG]	  2021-12-17 16:36:12:  Size: 89
[36m[DEBUG]	  2021-12-17 16:36:13:  Size: 90
[36m[DEBUG]	  2021-12-17 16:36:13:  Size: 91
[36m[DEBUG]	  2021-12-17 16:36:13:  Size: 92
[36m[DEBUG]	  2021-12-17 16:36:13:  Size: 92
[36m[DEBUG]	  2021-12-17 16:36:13:  Size: 93
[36m[DEBUG]	  2021-12-17 16:36:14:  Size: 94
[36m[DEBUG]	  2021-12-17 16:36:14:  Size: 94
[36m[DEBUG]	  2021-12-17 16:36:14:  Size: 95
[36m[DEBUG]	  2021-12-17 16:36:14:  Size: 95
[36m[DEBUG]	  2021-12-17 16:36:14:  Size: 95
[36m[DEBUG]	  2021-12-17 16:36:14:  Size: 96
[36m[DEBUG]	  2021-12-17 16:36:14:  Size: 97
[36m[DEBUG]	  2021-12-17 16:36:14:  Size: 97
[36m[DEBUG]	  2021-12-17 16:36:15:  Size: 98
[36m[DEBUG]	  2021-12-17 16:36:15:  Size: 99
[36m[DEBUG]	  2021-12-17 16:36:15:  Size: 99
[36m[DEBUG]	  2021-12-17 16:36:15:  Size: 100
[36m[DEBUG]	  2021-12-17 16:36:16:  Size: 101
[36m[DEBUG]	  2021-12-17 16:36:16:  Size: 102
[36m[DEBUG]	  2021-12-17 16:36:16:  Size: 102
[36m[DEBUG]	  2021-12-17 16:36:16:  Size: 103
[36m[DEBUG]	  2021-12-17 16:36:16:  Size: 104
[36m[DEBUG]	  2021-12-17 16:36:16:  Size: 105
[36m[DEBUG]	  2021-12-17 16:36:16:  Size: 106
[36m[DEBUG]	  2021-12-17 16:36:16:  Size: 106
[36m[DEBUG]	  2021-12-17 16:36:16:  Size: 107
[36m[DEBUG]	  2021-12-17 16:36:16:  Size: 107
[36m[DEBUG]	  2021-12-17 16:36:17:  Size: 107
[36m[DEBUG]	  2021-12-17 16:36:17:  Size: 108
[36m[DEBUG]	  2021-12-17 16:36:17:  Size: 109
[36m[DEBUG]	  2021-12-17 16:36:17:  Size: 110
[36m[DEBUG]	  2021-12-17 16:36:17:  Size: 110
[36m[DEBUG]	  2021-12-17 16:36:17:  Size: 111
[36m[DEBUG]	  2021-12-17 16:36:17:  Size: 112
[36m[DEBUG]	  2021-12-17 16:36:17:  Size: 113
[36m[DEBUG]	  2021-12-17 16:36:17:  Size: 113
[36m[DEBUG]	  2021-12-17 16:36:18:  Size: 113
[36m[DEBUG]	  2021-12-17 16:36:18:  Size: 114
[36m[DEBUG]	  2021-12-17 16:36:18:  Size: 114
[36m[DEBUG]	  2021-12-17 16:36:18:  Size: 115
[36m[DEBUG]	  2021-12-17 16:36:18:  Size: 115
[36m[DEBUG]	  2021-12-17 16:36:18:  Size: 116
[36m[DEBUG]	  2021-12-17 16:36:18:  Size: 116
[36m[DEBUG]	  2021-12-17 16:36:19:  Size: 117
[36m[DEBUG]	  2021-12-17 16:36:19:  Size: 117
[36m[DEBUG]	  2021-12-17 16:36:19:  Size: 118
[36m[DEBUG]	  2021-12-17 16:36:19:  Size: 119
[36m[DEBUG]	  2021-12-17 16:36:19:  Size: 120
[36m[DEBUG]	  2021-12-17 16:36:19:  Size: 120
[36m[DEBUG]	  2021-12-17 16:36:19:  Size: 121
[36m[DEBUG]	  2021-12-17 16:36:19:  Size: 122
[36m[DEBUG]	  2021-12-17 16:36:19:  Size: 123
[36m[DEBUG]	  2021-12-17 16:36:20:  Size: 124
[36m[DEBUG]	  2021-12-17 16:36:20:  Size: 125
[36m[DEBUG]	  2021-12-17 16:36:20:  Size: 126
[36m[DEBUG]	  2021-12-17 16:36:20:  Size: 127
[36m[DEBUG]	  2021-12-17 16:36:20:  Size: 128
[36m[DEBUG]	  2021-12-17 16:36:20:  Size: 128
[36m[DEBUG]	  2021-12-17 16:36:20:  Size: 129
[36m[DEBUG]	  2021-12-17 16:36:21:  Size: 129
[36m[DEBUG]	  2021-12-17 16:36:21:  Size: 130
[36m[DEBUG]	  2021-12-17 16:36:21:  Size: 131
[36m[DEBUG]	  2021-12-17 16:36:21:  Size: 132
[36m[DEBUG]	  2021-12-17 16:36:21:  Size: 133
[36m[DEBUG]	  2021-12-17 16:36:21:  Size: 134
[36m[DEBUG]	  2021-12-17 16:36:22:  Size: 135
[36m[DEBUG]	  2021-12-17 16:36:22:  Size: 136
[36m[DEBUG]	  2021-12-17 16:36:22:  Size: 136
[36m[DEBUG]	  2021-12-17 16:36:22:  Size: 137
[36m[DEBUG]	  2021-12-17 16:36:22:  Size: 137
[36m[DEBUG]	  2021-12-17 16:36:22:  Size: 138
[36m[DEBUG]	  2021-12-17 16:36:22:  Size: 138
[36m[DEBUG]	  2021-12-17 16:36:22:  Size: 139
[36m[DEBUG]	  2021-12-17 16:36:22:  Size: 140
[36m[DEBUG]	  2021-12-17 16:36:22:  Size: 141
[36m[DEBUG]	  2021-12-17 16:36:22:  Size: 142
[36m[DEBUG]	  2021-12-17 16:36:23:  Size: 143
[36m[DEBUG]	  2021-12-17 16:36:23:  Size: 144
[36m[DEBUG]	  2021-12-17 16:36:23:  Size: 145
[36m[DEBUG]	  2021-12-17 16:36:23:  Size: 146
[36m[DEBUG]	  2021-12-17 16:36:23:  Size: 147
[36m[DEBUG]	  2021-12-17 16:36:23:  Size: 148
[36m[DEBUG]	  2021-12-17 16:36:24:  Size: 148
[36m[DEBUG]	  2021-12-17 16:36:24:  Size: 149
[36m[DEBUG]	  2021-12-17 16:36:24:  Size: 150
[36m[DEBUG]	  2021-12-17 16:36:24:  Size: 150
[36m[DEBUG]	  2021-12-17 16:36:24:  Size: 151
[36m[DEBUG]	  2021-12-17 16:36:24:  Size: 151
[36m[DEBUG]	  2021-12-17 16:36:24:  Size: 152
[36m[DEBUG]	  2021-12-17 16:36:24:  Size: 152
[36m[DEBUG]	  2021-12-17 16:36:25:  Size: 153
[36m[DEBUG]	  2021-12-17 16:36:25:  Size: 154
[36m[DEBUG]	  2021-12-17 16:36:25:  Size: 154
[36m[DEBUG]	  2021-12-17 16:36:25:  Size: 154
[36m[DEBUG]	  2021-12-17 16:36:25:  Size: 154
[36m[DEBUG]	  2021-12-17 16:36:25:  Size: 155
[36m[DEBUG]	  2021-12-17 16:36:25:  Size: 156
[36m[DEBUG]	  2021-12-17 16:36:25:  Size: 156
[36m[DEBUG]	  2021-12-17 16:36:25:  Size: 157
[36m[DEBUG]	  2021-12-17 16:36:26:  Size: 157
[36m[DEBUG]	  2021-12-17 16:36:26:  Size: 158
[36m[DEBUG]	  2021-12-17 16:36:26:  Size: 159
[36m[DEBUG]	  2021-12-17 16:36:26:  Size: 159
[36m[DEBUG]	  2021-12-17 16:36:26:  Size: 160
[36m[DEBUG]	  2021-12-17 16:36:26:  Size: 161
[36m[DEBUG]	  2021-12-17 16:36:26:  Size: 161
[36m[DEBUG]	  2021-12-17 16:36:27:  Size: 161
[36m[DEBUG]	  2021-12-17 16:36:27:  Size: 162
[36m[DEBUG]	  2021-12-17 16:36:27:  Size: 163
[36m[DEBUG]	  2021-12-17 16:36:27:  Size: 164
[36m[DEBUG]	  2021-12-17 16:36:27:  Size: 165
[36m[DEBUG]	  2021-12-17 16:36:27:  Size: 166
[36m[DEBUG]	  2021-12-17 16:36:27:  Size: 167
[36m[DEBUG]	  2021-12-17 16:36:27:  Size: 167
[36m[DEBUG]	  2021-12-17 16:36:27:  Size: 168
[36m[DEBUG]	  2021-12-17 16:36:27:  Size: 168
[36m[DEBUG]	  2021-12-17 16:36:28:  Size: 169
[36m[DEBUG]	  2021-12-17 16:36:28:  Size: 170
[36m[DEBUG]	  2021-12-17 16:36:28:  Size: 171
[36m[DEBUG]	  2021-12-17 16:36:28:  Size: 171
[36m[DEBUG]	  2021-12-17 16:36:28:  Size: 172
[36m[DEBUG]	  2021-12-17 16:36:28:  Size: 172
[36m[DEBUG]	  2021-12-17 16:36:29:  Size: 172
[36m[DEBUG]	  2021-12-17 16:36:29:  Size: 173
[36m[DEBUG]	  2021-12-17 16:36:29:  Size: 137
[36m[DEBUG]	  2021-12-17 16:36:30:  Size: 137
[36m[DEBUG]	  2021-12-17 16:36:30:  Size: 137
[36m[DEBUG]	  2021-12-17 16:36:31:  Size: 137
[36m[DEBUG]	  2021-12-17 16:36:31:  Size: 137
[36m[DEBUG]	  2021-12-17 16:36:32:  Size: 138
[36m[DEBUG]	  2021-12-17 16:36:32:  Size: 139
[36m[DEBUG]	  2021-12-17 16:36:32:  Size: 140
[36m[DEBUG]	  2021-12-17 16:36:32:  Size: 141
[36m[DEBUG]	  2021-12-17 16:36:32:  Size: 142
[36m[DEBUG]	  2021-12-17 16:36:32:  Size: 143
[36m[DEBUG]	  2021-12-17 16:36:32:  Size: 144
[36m[DEBUG]	  2021-12-17 16:36:32:  Size: 145
[36m[DEBUG]	  2021-12-17 16:36:32:  Size: 145
[36m[DEBUG]	  2021-12-17 16:36:33:  Size: 146
[36m[DEBUG]	  2021-12-17 16:36:33:  Size: 147
[36m[DEBUG]	  2021-12-17 16:36:34:  Size: 148
[36m[DEBUG]	  2021-12-17 16:36:34:  Size: 149
[36m[DEBUG]	  2021-12-17 16:36:34:  Size: 150
[36m[DEBUG]	  2021-12-17 16:36:34:  Size: 151
[36m[DEBUG]	  2021-12-17 16:36:34:  Size: 152
[36m[DEBUG]	  2021-12-17 16:36:35:  Size: 152
[36m[DEBUG]	  2021-12-17 16:36:35:  Size: 153
[36m[DEBUG]	  2021-12-17 16:36:35:  Size: 153
[36m[DEBUG]	  2021-12-17 16:36:35:  Size: 153
[36m[DEBUG]	  2021-12-17 16:36:35:  Size: 153
[36m[DEBUG]	  2021-12-17 16:36:35:  Size: 153
[36m[DEBUG]	  2021-12-17 16:36:35:  Size: 153
[36m[DEBUG]	  2021-12-17 16:36:36:  Size: 154
[36m[DEBUG]	  2021-12-17 16:36:36:  Size: 155
[36m[DEBUG]	  2021-12-17 16:36:36:  Size: 155
[36m[DEBUG]	  2021-12-17 16:36:36:  Size: 156
[36m[DEBUG]	  2021-12-17 16:36:36:  Size: 156
[36m[DEBUG]	  2021-12-17 16:36:37:  Size: 157
[36m[DEBUG]	  2021-12-17 16:36:37:  Size: 157
[36m[DEBUG]	  2021-12-17 16:36:37:  Size: 157
[36m[DEBUG]	  2021-12-17 16:36:37:  Size: 158
[36m[DEBUG]	  2021-12-17 16:36:37:  Size: 159
[36m[DEBUG]	  2021-12-17 16:36:37:  Size: 159
[36m[DEBUG]	  2021-12-17 16:36:37:  Size: 160
[36m[DEBUG]	  2021-12-17 16:36:38:  Size: 161
[36m[DEBUG]	  2021-12-17 16:36:38:  Size: 161
[36m[DEBUG]	  2021-12-17 16:36:38:  Size: 162
[36m[DEBUG]	  2021-12-17 16:36:38:  Size: 163
[36m[DEBUG]	  2021-12-17 16:36:38:  Size: 164
[36m[DEBUG]	  2021-12-17 16:36:38:  Size: 165
[36m[DEBUG]	  2021-12-17 16:36:39:  Size: 165
[36m[DEBUG]	  2021-12-17 16:36:39:  Size: 166
[36m[DEBUG]	  2021-12-17 16:36:39:  Size: 166
[36m[DEBUG]	  2021-12-17 16:36:39:  Size: 167
[36m[DEBUG]	  2021-12-17 16:36:39:  Size: 168
[32m[INFO]	  2021-12-17 16:38:13:  Connect to master successfully.
[32m[INFO]	  2021-12-17 16:38:13:  Receive the first hash slot successfully.
[32m[INFO]	  2021-12-17 16:38:13:  Connected to primary node successfully.
[32m[INFO]	  2021-12-17 16:38:13:  Binding port succeeded.
[32m[INFO]	  2021-12-17 16:38:13:    IP: 0.0.0.0
[32m[INFO]	  2021-12-17 16:38:13:    Port: 52400
[32m[INFO]	  2021-12-17 16:38:13:  Setting listen succeeded.
[32m[INFO]	  2021-12-17 16:38:13:  Binding port succeeded.
[32m[INFO]	  2021-12-17 16:38:13:    IP: 0.0.0.0
[32m[INFO]	  2021-12-17 16:38:13:    Port: 60100
[32m[INFO]	  2021-12-17 16:38:13:  Setting listen succeeded.
[32m[INFO]	  2021-12-17 16:38:13:  Binding port succeeded.
[32m[INFO]	  2021-12-17 16:38:13:    IP: 0.0.0.0
[32m[INFO]	  2021-12-17 16:38:13:    Port: 60101
[32m[INFO]	  2021-12-17 16:38:13:  Setting listen succeeded.
[32m[INFO]	  2021-12-17 16:38:13:  Binding port succeeded.
[32m[INFO]	  2021-12-17 16:38:13:    IP: 0.0.0.0
[32m[INFO]	  2021-12-17 16:38:13:    Port: 60102
[32m[INFO]	  2021-12-17 16:38:13:  Setting listen succeeded.
[32m[INFO]	  2021-12-17 16:38:13:  Connect to client successfully.
[32m[INFO]	  2021-12-17 16:38:13:  Connect to client successfully.
[36m[DEBUG]	  2021-12-17 16:38:16:  Size: 42
[36m[DEBUG]	  2021-12-17 16:38:16:  Size: 43
[36m[DEBUG]	  2021-12-17 16:38:16:  Size: 44
[36m[DEBUG]	  2021-12-17 16:38:16:  Size: 45
[36m[DEBUG]	  2021-12-17 16:38:16:  Size: 46
[36m[DEBUG]	  2021-12-17 16:38:16:  Size: 47
[36m[DEBUG]	  2021-12-17 16:38:16:  Size: 48
[36m[DEBUG]	  2021-12-17 16:38:16:  Size: 49
[36m[DEBUG]	  2021-12-17 16:38:16:  Size: 49
[36m[DEBUG]	  2021-12-17 16:38:17:  Size: 50
[36m[DEBUG]	  2021-12-17 16:38:17:  Size: 50
[36m[DEBUG]	  2021-12-17 16:38:17:  Size: 50
[36m[DEBUG]	  2021-12-17 16:38:17:  Size: 50
[36m[DEBUG]	  2021-12-17 16:38:17:  Size: 51
[36m[DEBUG]	  2021-12-17 16:38:17:  Size: 52
[36m[DEBUG]	  2021-12-17 16:38:18:  Size: 52
[36m[DEBUG]	  2021-12-17 16:38:18:  Size: 52
[36m[DEBUG]	  2021-12-17 16:38:18:  Size: 53
[36m[DEBUG]	  2021-12-17 16:38:18:  Size: 54
[36m[DEBUG]	  2021-12-17 16:38:18:  Size: 55
[36m[DEBUG]	  2021-12-17 16:38:18:  Size: 56
[36m[DEBUG]	  2021-12-17 16:38:19:  Size: 57
[36m[DEBUG]	  2021-12-17 16:38:19:  Size: 58
[36m[DEBUG]	  2021-12-17 16:38:19:  Size: 59
[36m[DEBUG]	  2021-12-17 16:38:19:  Size: 59
[36m[DEBUG]	  2021-12-17 16:38:19:  Size: 60
[36m[DEBUG]	  2021-12-17 16:38:19:  Size: 61
[36m[DEBUG]	  2021-12-17 16:38:19:  Size: 61
[36m[DEBUG]	  2021-12-17 16:38:19:  Size: 62
[36m[DEBUG]	  2021-12-17 16:38:19:  Size: 63
[36m[DEBUG]	  2021-12-17 16:38:20:  Size: 64
[36m[DEBUG]	  2021-12-17 16:38:20:  Size: 64
[36m[DEBUG]	  2021-12-17 16:38:20:  Size: 65
[36m[DEBUG]	  2021-12-17 16:38:20:  Size: 65
[36m[DEBUG]	  2021-12-17 16:38:20:  Size: 65
[36m[DEBUG]	  2021-12-17 16:38:20:  Size: 66
[36m[DEBUG]	  2021-12-17 16:38:21:  Size: 67
[36m[DEBUG]	  2021-12-17 16:38:21:  Size: 67
[36m[DEBUG]	  2021-12-17 16:38:21:  Size: 68
[36m[DEBUG]	  2021-12-17 16:38:21:  Size: 69
[36m[DEBUG]	  2021-12-17 16:38:21:  Size: 70
[36m[DEBUG]	  2021-12-17 16:38:22:  Size: 70
[36m[DEBUG]	  2021-12-17 16:38:22:  Size: 71
[36m[DEBUG]	  2021-12-17 16:38:22:  Size: 72
[36m[DEBUG]	  2021-12-17 16:38:22:  Size: 73
[36m[DEBUG]	  2021-12-17 16:38:22:  Size: 74
[36m[DEBUG]	  2021-12-17 16:38:23:  Size: 75
[36m[DEBUG]	  2021-12-17 16:38:24:  Size: 75
[36m[DEBUG]	  2021-12-17 16:38:24:  Size: 76
[36m[DEBUG]	  2021-12-17 16:38:24:  Size: 77
[36m[DEBUG]	  2021-12-17 16:38:24:  Size: 78
[36m[DEBUG]	  2021-12-17 16:38:24:  Size: 78
[36m[DEBUG]	  2021-12-17 16:38:25:  Size: 68
[36m[DEBUG]	  2021-12-17 16:38:25:  Size: 68
[36m[DEBUG]	  2021-12-17 16:38:26:  Size: 68
[36m[DEBUG]	  2021-12-17 16:38:26:  Size: 68
[36m[DEBUG]	  2021-12-17 16:38:27:  Size: 69
[36m[DEBUG]	  2021-12-17 16:38:27:  Size: 70
[36m[DEBUG]	  2021-12-17 16:38:27:  Size: 71
[36m[DEBUG]	  2021-12-17 16:38:27:  Size: 72
[36m[DEBUG]	  2021-12-17 16:38:27:  Size: 73
[36m[DEBUG]	  2021-12-17 16:38:28:  Size: 74
[36m[DEBUG]	  2021-12-17 16:38:28:  Size: 75
[36m[DEBUG]	  2021-12-17 16:38:28:  Size: 76
[36m[DEBUG]	  2021-12-17 16:38:28:  Size: 77
[36m[DEBUG]	  2021-12-17 16:38:28:  Size: 78
[36m[DEBUG]	  2021-12-17 16:38:29:  Size: 79
[36m[DEBUG]	  2021-12-17 16:38:29:  Size: 80
[36m[DEBUG]	  2021-12-17 16:38:29:  Size: 81
[36m[DEBUG]	  2021-12-17 16:38:29:  Size: 81
[36m[DEBUG]	  2021-12-17 16:38:29:  Size: 82
[36m[DEBUG]	  2021-12-17 16:38:29:  Size: 83
[36m[DEBUG]	  2021-12-17 16:38:29:  Size: 83
[36m[DEBUG]	  2021-12-17 16:38:29:  Size: 83
[36m[DEBUG]	  2021-12-17 16:38:30:  Size: 83
[36m[DEBUG]	  2021-12-17 16:38:30:  Size: 83
[36m[DEBUG]	  2021-12-17 16:38:30:  Size: 84
[36m[DEBUG]	  2021-12-17 16:38:30:  Size: 84
[36m[DEBUG]	  2021-12-17 16:38:30:  Size: 85
[36m[DEBUG]	  2021-12-17 16:38:30:  Size: 85
[36m[DEBUG]	  2021-12-17 16:38:30:  Size: 86
[36m[DEBUG]	  2021-12-17 16:38:30:  Size: 86
[36m[DEBUG]	  2021-12-17 16:38:30:  Size: 86
[36m[DEBUG]	  2021-12-17 16:38:31:  Size: 87
[36m[DEBUG]	  2021-12-17 16:38:31:  Size: 87
[36m[DEBUG]	  2021-12-17 16:38:31:  Size: 88
[32m[INFO]	  2021-12-17 16:38:31:  Binding port succeeded.
[32m[INFO]	  2021-12-17 16:38:31:    IP: 0.0.0.0
[32m[INFO]	  2021-12-17 16:38:31:    Port: 60104
[32m[INFO]	  2021-12-17 16:38:31:  Setting listen succeeded.
[36m[DEBUG]	  2021-12-17 16:38:32:  Size: 109
[36m[DEBUG]	  2021-12-17 16:38:32:  Size: 110
[36m[DEBUG]	  2021-12-17 16:38:32:  Size: 111
[36m[DEBUG]	  2021-12-17 16:38:32:  Size: 112
[36m[DEBUG]	  2021-12-17 16:38:32:  Size: 112
[36m[DEBUG]	  2021-12-17 16:38:33:  Size: 112
[36m[DEBUG]	  2021-12-17 16:38:33:  Size: 113
[36m[DEBUG]	  2021-12-17 16:38:33:  Size: 113
[36m[DEBUG]	  2021-12-17 16:38:33:  Size: 114
[36m[DEBUG]	  2021-12-17 16:38:33:  Size: 114
[36m[DEBUG]	  2021-12-17 16:38:33:  Size: 115
[36m[DEBUG]	  2021-12-17 16:38:33:  Size: 116
[36m[DEBUG]	  2021-12-17 16:38:34:  Size: 116
[36m[DEBUG]	  2021-12-17 16:38:34:  Size: 117
[36m[DEBUG]	  2021-12-17 16:38:34:  Size: 118
[36m[DEBUG]	  2021-12-17 16:38:34:  Size: 118
[36m[DEBUG]	  2021-12-17 16:38:34:  Size: 118
[36m[DEBUG]	  2021-12-17 16:38:35:  Size: 118
[36m[DEBUG]	  2021-12-17 16:38:35:  Size: 119
[36m[DEBUG]	  2021-12-17 16:38:35:  Size: 120
[36m[DEBUG]	  2021-12-17 16:38:35:  Size: 120
[36m[DEBUG]	  2021-12-17 16:38:35:  Size: 120
[36m[DEBUG]	  2021-12-17 16:38:35:  Size: 121
[36m[DEBUG]	  2021-12-17 16:38:35:  Size: 122
[36m[DEBUG]	  2021-12-17 16:38:35:  Size: 122
[36m[DEBUG]	  2021-12-17 16:38:35:  Size: 123
[36m[DEBUG]	  2021-12-17 16:38:35:  Size: 124
[36m[DEBUG]	  2021-12-17 16:38:36:  Size: 124
[36m[DEBUG]	  2021-12-17 16:38:36:  Size: 124
[36m[DEBUG]	  2021-12-17 16:38:36:  Size: 125
[36m[DEBUG]	  2021-12-17 16:38:36:  Size: 126
[36m[DEBUG]	  2021-12-17 16:38:36:  Size: 127
[36m[DEBUG]	  2021-12-17 16:38:36:  Size: 128
[36m[DEBUG]	  2021-12-17 16:38:36:  Size: 129
[36m[DEBUG]	  2021-12-17 16:38:36:  Size: 130
[36m[DEBUG]	  2021-12-17 16:38:37:  Size: 131
[36m[DEBUG]	  2021-12-17 16:38:37:  Size: 132
[36m[DEBUG]	  2021-12-17 16:38:37:  Size: 133
[36m[DEBUG]	  2021-12-17 16:38:37:  Size: 133
[36m[DEBUG]	  2021-12-17 16:38:37:  Size: 133
[36m[DEBUG]	  2021-12-17 16:38:37:  Size: 134
[36m[DEBUG]	  2021-12-17 16:38:37:  Size: 135
[36m[DEBUG]	  2021-12-17 16:38:38:  Size: 136
[36m[DEBUG]	  2021-12-17 16:38:38:  Size: 137
[36m[DEBUG]	  2021-12-17 16:38:38:  Size: 138
[36m[DEBUG]	  2021-12-17 16:38:38:  Size: 139
[36m[DEBUG]	  2021-12-17 16:38:38:  Size: 140
[36m[DEBUG]	  2021-12-17 16:38:38:  Size: 140
[36m[DEBUG]	  2021-12-17 16:38:38:  Size: 141
[36m[DEBUG]	  2021-12-17 16:38:38:  Size: 141
[36m[DEBUG]	  2021-12-17 16:38:38:  Size: 142
[36m[DEBUG]	  2021-12-17 16:38:38:  Size: 143
[36m[DEBUG]	  2021-12-17 16:38:38:  Size: 144
[36m[DEBUG]	  2021-12-17 16:38:38:  Size: 145
[36m[DEBUG]	  2021-12-17 16:38:39:  Size: 145
[36m[DEBUG]	  2021-12-17 16:38:39:  Size: 146
[36m[DEBUG]	  2021-12-17 16:38:39:  Size: 146
[36m[DEBUG]	  2021-12-17 16:38:39:  Size: 147
[36m[DEBUG]	  2021-12-17 16:38:40:  Size: 148
[36m[DEBUG]	  2021-12-17 16:38:40:  Size: 149
[36m[DEBUG]	  2021-12-17 16:38:40:  Size: 150
[36m[DEBUG]	  2021-12-17 16:38:40:  Size: 150
[36m[DEBUG]	  2021-12-17 16:38:40:  Size: 150
[36m[DEBUG]	  2021-12-17 16:38:40:  Size: 150
[36m[DEBUG]	  2021-12-17 16:38:41:  Size: 151
[36m[DEBUG]	  2021-12-17 16:38:41:  Size: 152
[36m[DEBUG]	  2021-12-17 16:38:41:  Size: 153
[36m[DEBUG]	  2021-12-17 16:38:41:  Size: 153
[36m[DEBUG]	  2021-12-17 16:38:41:  Size: 154
[36m[DEBUG]	  2021-12-17 16:38:41:  Size: 154
[36m[DEBUG]	  2021-12-17 16:38:41:  Size: 155
[36m[DEBUG]	  2021-12-17 16:38:41:  Size: 156
[36m[DEBUG]	  2021-12-17 16:38:41:  Size: 157
[36m[DEBUG]	  2021-12-17 16:38:41:  Size: 157
[36m[DEBUG]	  2021-12-17 16:38:42:  Size: 158
[36m[DEBUG]	  2021-12-17 16:38:42:  Size: 159
[36m[DEBUG]	  2021-12-17 16:38:42:  Size: 160
[36m[DEBUG]	  2021-12-17 16:38:42:  Size: 160
[36m[DEBUG]	  2021-12-17 16:38:42:  Size: 161
[36m[DEBUG]	  2021-12-17 16:38:42:  Size: 162
[36m[DEBUG]	  2021-12-17 16:38:42:  Size: 163
[36m[DEBUG]	  2021-12-17 16:38:42:  Size: 163
[36m[DEBUG]	  2021-12-17 16:38:43:  Size: 163
[36m[DEBUG]	  2021-12-17 16:38:43:  Size: 164
[36m[DEBUG]	  2021-12-17 16:38:43:  Size: 165
[36m[DEBUG]	  2021-12-17 16:38:44:  Size: 166
[36m[DEBUG]	  2021-12-17 16:38:44:  Size: 166
[36m[DEBUG]	  2021-12-17 16:38:44:  Size: 166
[36m[DEBUG]	  2021-12-17 16:38:44:  Size: 167
[36m[DEBUG]	  2021-12-17 16:38:44:  Size: 167
[36m[DEBUG]	  2021-12-17 16:38:44:  Size: 168
[36m[DEBUG]	  2021-12-17 16:38:44:  Size: 169
[36m[DEBUG]	  2021-12-17 16:38:44:  Size: 170
[36m[DEBUG]	  2021-12-17 16:38:45:  Size: 170
[36m[DEBUG]	  2021-12-17 16:38:45:  Size: 171
[36m[DEBUG]	  2021-12-17 16:38:45:  Size: 172
[36m[DEBUG]	  2021-12-17 16:38:45:  Size: 173
[36m[DEBUG]	  2021-12-17 16:38:46:  Size: 174
[36m[DEBUG]	  2021-12-17 16:38:46:  Size: 175
[36m[DEBUG]	  2021-12-17 16:38:46:  Size: 176
[36m[DEBUG]	  2021-12-17 16:38:46:  Size: 176
[36m[DEBUG]	  2021-12-17 16:38:46:  Size: 176
[36m[DEBUG]	  2021-12-17 16:38:46:  Size: 177
[36m[DEBUG]	  2021-12-17 16:38:46:  Size: 177
[36m[DEBUG]	  2021-12-17 16:38:46:  Size: 178
[36m[DEBUG]	  2021-12-17 16:38:46:  Size: 178
[36m[DEBUG]	  2021-12-17 16:38:46:  Size: 178
[36m[DEBUG]	  2021-12-17 16:38:47:  Size: 178
[36m[DEBUG]	  2021-12-17 16:38:47:  Size: 179
[36m[DEBUG]	  2021-12-17 16:38:47:  Size: 180
[36m[DEBUG]	  2021-12-17 16:38:47:  Size: 180
[36m[DEBUG]	  2021-12-17 16:38:47:  Size: 181
[36m[DEBUG]	  2021-12-17 16:38:47:  Size: 182
[36m[DEBUG]	  2021-12-17 16:38:47:  Size: 182
[36m[DEBUG]	  2021-12-17 16:38:47:  Size: 183
[36m[DEBUG]	  2021-12-17 16:38:47:  Size: 184
[36m[DEBUG]	  2021-12-17 16:38:47:  Size: 185
[36m[DEBUG]	  2021-12-17 16:38:47:  Size: 185
[36m[DEBUG]	  2021-12-17 16:38:48:  Size: 186
[36m[DEBUG]	  2021-12-17 16:38:48:  Size: 187
[36m[DEBUG]	  2021-12-17 16:38:48:  Size: 187
[36m[DEBUG]	  2021-12-17 16:38:48:  Size: 187
[36m[DEBUG]	  2021-12-17 16:38:48:  Size: 187
[36m[DEBUG]	  2021-12-17 16:38:48:  Size: 188
[36m[DEBUG]	  2021-12-17 16:38:48:  Size: 188
[36m[DEBUG]	  2021-12-17 16:38:49:  Size: 189
[36m[DEBUG]	  2021-12-17 16:38:49:  Size: 190
[36m[DEBUG]	  2021-12-17 16:38:49:  Size: 190
[36m[DEBUG]	  2021-12-17 16:38:49:  Size: 190
[36m[DEBUG]	  2021-12-17 16:38:49:  Size: 190
[36m[DEBUG]	  2021-12-17 16:38:49:  Size: 191
[36m[DEBUG]	  2021-12-17 16:38:49:  Size: 192
[36m[DEBUG]	  2021-12-17 16:38:49:  Size: 193
[36m[DEBUG]	  2021-12-17 16:38:49:  Size: 193
[36m[DEBUG]	  2021-12-17 16:38:50:  Size: 193
[36m[DEBUG]	  2021-12-17 16:38:50:  Size: 194
[36m[DEBUG]	  2021-12-17 16:38:50:  Size: 195
[36m[DEBUG]	  2021-12-17 16:38:50:  Size: 196
[36m[DEBUG]	  2021-12-17 16:38:50:  Size: 197
[36m[DEBUG]	  2021-12-17 16:38:50:  Size: 198
[36m[DEBUG]	  2021-12-17 16:38:50:  Size: 199
[36m[DEBUG]	  2021-12-17 16:38:51:  Size: 199
[36m[DEBUG]	  2021-12-17 16:38:51:  Size: 200
[36m[DEBUG]	  2021-12-17 16:38:51:  Size: 201
[36m[DEBUG]	  2021-12-17 16:38:51:  Size: 202
[36m[DEBUG]	  2021-12-17 16:38:51:  Size: 202
[36m[DEBUG]	  2021-12-17 16:38:51:  Size: 203
[36m[DEBUG]	  2021-12-17 16:38:51:  Size: 204
[36m[DEBUG]	  2021-12-17 16:38:51:  Size: 204
[36m[DEBUG]	  2021-12-17 16:38:51:  Size: 205
[36m[DEBUG]	  2021-12-17 16:38:51:  Size: 205
[36m[DEBUG]	  2021-12-17 16:38:52:  Size: 206
[36m[DEBUG]	  2021-12-17 16:38:52:  Size: 206
[36m[DEBUG]	  2021-12-17 16:38:52:  Size: 206
[36m[DEBUG]	  2021-12-17 16:38:52:  Size: 207
[36m[DEBUG]	  2021-12-17 16:38:52:  Size: 208
[36m[DEBUG]	  2021-12-17 16:38:52:  Size: 209
[36m[DEBUG]	  2021-12-17 16:38:52:  Size: 210
[36m[DEBUG]	  2021-12-17 16:38:53:  Size: 210
[36m[DEBUG]	  2021-12-17 16:38:53:  Size: 210
[36m[DEBUG]	  2021-12-17 16:38:53:  Size: 211
[36m[DEBUG]	  2021-12-17 16:38:53:  Size: 212
[36m[DEBUG]	  2021-12-17 16:38:53:  Size: 212
[36m[DEBUG]	  2021-12-17 16:38:53:  Size: 213
[36m[DEBUG]	  2021-12-17 16:38:53:  Size: 214
[36m[DEBUG]	  2021-12-17 16:38:53:  Size: 215
[36m[DEBUG]	  2021-12-17 16:38:54:  Size: 216
[36m[DEBUG]	  2021-12-17 16:38:54:  Size: 216
[36m[DEBUG]	  2021-12-17 16:38:54:  Size: 217
[36m[DEBUG]	  2021-12-17 16:38:54:  Size: 218
[36m[DEBUG]	  2021-12-17 16:38:54:  Size: 219
[36m[DEBUG]	  2021-12-17 16:38:55:  Size: 220
[36m[DEBUG]	  2021-12-17 16:38:55:  Size: 221
[36m[DEBUG]	  2021-12-17 16:38:55:  Size: 222
[36m[DEBUG]	  2021-12-17 16:38:55:  Size: 222
[36m[DEBUG]	  2021-12-17 16:38:55:  Size: 223
[36m[DEBUG]	  2021-12-17 16:38:55:  Size: 224
