[32m[INFO]	  2021-12-17 16:32:02:  Bind Successfully
[32m[INFO]	  2021-12-17 16:32:02:  Listen Successfully
[32m[INFO]	  2021-12-17 16:35:26:  Bind Successfully
[32m[INFO]	  2021-12-17 16:35:26:  Listen Successfully
[32m[INFO]	  2021-12-17 16:35:31:  127.0.0.1 11458 new connection was accepted.
[32m[INFO]	  2021-12-17 16:35:31:  The cache 11 reached
[36m[DEBUG]	  2021-12-17 16:35:32:  Received heartbeat from cache 11
[36m[DEBUG]	  2021-12-17 16:35:33:  Received heartbeat from cache 11
[32m[INFO]	  2021-12-17 16:35:33:  127.0.0.1 11970 new connection was accepted.
[32m[INFO]	  2021-12-17 16:35:33:  The cache 21 reached
[36m[DEBUG]	  2021-12-17 16:35:34:  Received heartbeat from cache 11
[36m[DEBUG]	  2021-12-17 16:35:34:  Received heartbeat from cache 21
[32m[INFO]	  2021-12-17 16:35:34:  127.0.0.1 12994 new connection was accepted.
[32m[INFO]	  2021-12-17 16:35:34:  The cache 12 reached
[36m[DEBUG]	  2021-12-17 16:35:35:  Received heartbeat from cache 11
[36m[DEBUG]	  2021-12-17 16:35:35:  Received heartbeat from cache 21
[36m[DEBUG]	  2021-12-17 16:35:35:  Received heartbeat from cache 12
[36m[DEBUG]	  2021-12-17 16:35:36:  Received heartbeat from cache 11
[32m[INFO]	  2021-12-17 16:35:36:  127.0.0.1 13506 new connection was accepted.
[32m[INFO]	  2021-12-17 16:35:36:  The cache 22 reached
[36m[DEBUG]	  2021-12-17 16:35:36:  Received heartbeat from cache 21
[36m[DEBUG]	  2021-12-17 16:35:36:  Received heartbeat from cache 12
[36m[DEBUG]	  2021-12-17 16:35:37:  Received heartbeat from cache 11
[36m[DEBUG]	  2021-12-17 16:35:37:  Received heartbeat from cache 22
[36m[DEBUG]	  2021-12-17 16:35:37:  Received heartbeat from cache 21
[36m[DEBUG]	  2021-12-17 16:35:37:  Received heartbeat from cache 12
[32m[INFO]	  2021-12-17 16:35:37:  127.0.0.1 14530 new connection was accepted.
[32m[INFO]	  2021-12-17 16:35:37:  The cache 13 reached
[36m[DEBUG]	  2021-12-17 16:35:38:  Received heartbeat from cache 11
[36m[DEBUG]	  2021-12-17 16:35:38:  Received heartbeat from cache 22
[36m[DEBUG]	  2021-12-17 16:35:38:  Received heartbeat from cache 21
[36m[DEBUG]	  2021-12-17 16:35:38:  Received heartbeat from cache 12
[36m[DEBUG]	  2021-12-17 16:35:38:  Received heartbeat from cache 13
[36m[DEBUG]	  2021-12-17 16:35:39:  Received heartbeat from cache 11
[36m[DEBUG]	  2021-12-17 16:35:39:  Received heartbeat from cache 22
[36m[DEBUG]	  2021-12-17 16:35:39:  Received heartbeat from cache 21
[32m[INFO]	  2021-12-17 16:35:39:  127.0.0.1 15042 new connection was accepted.
[32m[INFO]	  2021-12-17 16:35:39:  The cache 23 reached
[36m[DEBUG]	  2021-12-17 16:35:39:  Received heartbeat from cache 12
[36m[DEBUG]	  2021-12-17 16:35:39:  Received heartbeat from cache 13
[36m[DEBUG]	  2021-12-17 16:35:40:  Received heartbeat from cache 11
[36m[DEBUG]	  2021-12-17 16:35:40:  Received heartbeat from cache 22
[36m[DEBUG]	  2021-12-17 16:35:40:  Received heartbeat from cache 21
[36m[DEBUG]	  2021-12-17 16:35:40:  Received heartbeat from cache 23
[36m[DEBUG]	  2021-12-17 16:35:40:  Received heartbeat from cache 12
[36m[DEBUG]	  2021-12-17 16:35:40:  Received heartbeat from cache 13
[36m[DEBUG]	  2021-12-17 16:35:41:  Received heartbeat from cache 11
[36m[DEBUG]	  2021-12-17 16:35:41:  Received heartbeat from cache 22
[36m[DEBUG]	  2021-12-17 16:35:41:  Received heartbeat from cache 21
[36m[DEBUG]	  2021-12-17 16:35:41:  Received heartbeat from cache 23
[36m[DEBUG]	  2021-12-17 16:35:41:  Received heartbeat from cache 12
[36m[DEBUG]	  2021-12-17 16:35:41:  Received heartbeat from cache 13
[36m[DEBUG]	  2021-12-17 16:35:42:  Received heartbeat from cache 11
[36m[DEBUG]	  2021-12-17 16:35:42:  Received heartbeat from cache 22
[36m[DEBUG]	  2021-12-17 16:35:42:  Received heartbeat from cache 21
[36m[DEBUG]	  2021-12-17 16:35:42:  Received heartbeat from cache 23
[36m[DEBUG]	  2021-12-17 16:35:42:  Received heartbeat from cache 12
[36m[DEBUG]	  2021-12-17 16:35:42:  Received heartbeat from cache 13
[36m[DEBUG]	  2021-12-17 16:35:43:  Received heartbeat from cache 11
[36m[DEBUG]	  2021-12-17 16:35:43:  Received heartbeat from cache 22
[36m[DEBUG]	  2021-12-17 16:35:43:  Received heartbeat from cache 21
[36m[DEBUG]	  2021-12-17 16:35:43:  Received heartbeat from cache 23
[36m[DEBUG]	  2021-12-17 16:35:43:  Received heartbeat from cache 12
[36m[DEBUG]	  2021-12-17 16:35:43:  Received heartbeat from cache 13
[36m[DEBUG]	  2021-12-17 16:35:44:  Received heartbeat from cache 11
[36m[DEBUG]	  2021-12-17 16:35:44:  Received heartbeat from cache 22
[36m[DEBUG]	  2021-12-17 16:35:44:  Received heartbeat from cache 21
[36m[DEBUG]	  2021-12-17 16:35:44:  Received heartbeat from cache 23
[36m[DEBUG]	  2021-12-17 16:35:44:  Received heartbeat from cache 12
[36m[DEBUG]	  2021-12-17 16:35:44:  Received heartbeat from cache 13
[36m[DEBUG]	  2021-12-17 16:35:45:  Received heartbeat from cache 11
[36m[DEBUG]	  2021-12-17 16:35:45:  Received heartbeat from cache 22
[36m[DEBUG]	  2021-12-17 16:35:45:  Received heartbeat from cache 21
[36m[DEBUG]	  2021-12-17 16:35:45:  Received heartbeat from cache 23
[36m[DEBUG]	  2021-12-17 16:35:45:  Received heartbeat from cache 12
[36m[DEBUG]	  2021-12-17 16:35:45:  Received heartbeat from cache 13
[36m[DEBUG]	  2021-12-17 16:35:46:  Received heartbeat from cache 11
[36m[DEBUG]	  2021-12-17 16:35:46:  Received heartbeat from cache 22
[36m[DEBUG]	  2021-12-17 16:35:46:  Received heartbeat from cache 21
[36m[DEBUG]	  2021-12-17 16:35:46:  Received heartbeat from cache 23
[36m[DEBUG]	  2021-12-17 16:35:46:  Received heartbeat from cache 12
[36m[DEBUG]	  2021-12-17 16:35:46:  Received heartbeat from cache 13
[36m[DEBUG]	  2021-12-17 16:35:47:  Received heartbeat from cache 11
[36m[DEBUG]	  2021-12-17 16:35:47:  Received heartbeat from cache 22
[36m[DEBUG]	  2021-12-17 16:35:47:  Received heartbeat from cache 21
[36m[DEBUG]	  2021-12-17 16:35:47:  Received heartbeat from cache 23
[36m[DEBUG]	  2021-12-17 16:35:47:  Received heartbeat from cache 12
[36m[DEBUG]	  2021-12-17 16:35:47:  Received heartbeat from cache 13
[36m[DEBUG]	  2021-12-17 16:35:48:  Received heartbeat from cache 11
[36m[DEBUG]	  2021-12-17 16:35:48:  Received heartbeat from cache 22
[36m[DEBUG]	  2021-12-17 16:35:48:  Received heartbeat from cache 21
[36m[DEBUG]	  2021-12-17 16:35:48:  Received heartbeat from cache 23
[36m[DEBUG]	  2021-12-17 16:35:48:  Received heartbeat from cache 12
[36m[DEBUG]	  2021-12-17 16:35:48:  Received heartbeat from cache 13
[36m[DEBUG]	  2021-12-17 16:35:49:  Received heartbeat from cache 11
[36m[DEBUG]	  2021-12-17 16:35:49:  Received heartbeat from cache 22
[36m[DEBUG]	  2021-12-17 16:35:49:  Received heartbeat from cache 21
[36m[DEBUG]	  2021-12-17 16:35:49:  Received heartbeat from cache 23
[36m[DEBUG]	  2021-12-17 16:35:49:  Received heartbeat from cache 12
[36m[DEBUG]	  2021-12-17 16:35:49:  Received heartbeat from cache 13
[36m[DEBUG]	  2021-12-17 16:35:50:  Received heartbeat from cache 11
[36m[DEBUG]	  2021-12-17 16:35:50:  Received heartbeat from cache 22
[36m[DEBUG]	  2021-12-17 16:35:50:  Received heartbeat from cache 21
[36m[DEBUG]	  2021-12-17 16:35:50:  Received heartbeat from cache 23
[36m[DEBUG]	  2021-12-17 16:35:50:  Received heartbeat from cache 12
[36m[DEBUG]	  2021-12-17 16:35:50:  Received heartbeat from cache 13
[32m[INFO]	  2021-12-17 16:35:51:  127.0.0.1 16578 new connection was accepted.
[36m[DEBUG]	  2021-12-17 16:35:51:  Received heartbeat from cache 11
[36m[DEBUG]	  2021-12-17 16:35:51:  Received heartbeat from cache 22
[36m[DEBUG]	  2021-12-17 16:35:51:  Received heartbeat from cache 21
[36m[DEBUG]	  2021-12-17 16:35:51:  Received heartbeat from cache 23
[36m[DEBUG]	  2021-12-17 16:35:51:  Received heartbeat from cache 12
[36m[DEBUG]	  2021-12-17 16:35:51:  Received heartbeat from cache 13
[36m[DEBUG]	  2021-12-17 16:35:52:  Received heartbeat from cache 11
[36m[DEBUG]	  2021-12-17 16:35:52:  Received heartbeat from cache 22
[36m[DEBUG]	  2021-12-17 16:35:52:  Received heartbeat from cache 21
[36m[DEBUG]	  2021-12-17 16:35:52:  Received heartbeat from cache 23
[36m[DEBUG]	  2021-12-17 16:35:52:  Received heartbeat from cache 12
[36m[DEBUG]	  2021-12-17 16:35:52:  Received heartbeat from cache 13
[36m[DEBUG]	  2021-12-17 16:35:53:  Received heartbeat from cache 11
[36m[DEBUG]	  2021-12-17 16:35:53:  Received heartbeat from cache 22
[36m[DEBUG]	  2021-12-17 16:35:53:  Received heartbeat from cache 21
[36m[DEBUG]	  2021-12-17 16:35:53:  Received heartbeat from cache 23
[36m[DEBUG]	  2021-12-17 16:35:53:  Received heartbeat from cache 12
[36m[DEBUG]	  2021-12-17 16:35:53:  Received heartbeat from cache 13
[36m[DEBUG]	  2021-12-17 16:35:54:  Received heartbeat from cache 11
[36m[DEBUG]	  2021-12-17 16:35:54:  Received heartbeat from cache 22
[36m[DEBUG]	  2021-12-17 16:35:54:  Received heartbeat from cache 21
[36m[DEBUG]	  2021-12-17 16:35:54:  Received heartbeat from cache 23
[36m[DEBUG]	  2021-12-17 16:35:54:  Received heartbeat from cache 12
[36m[DEBUG]	  2021-12-17 16:35:54:  Received heartbeat from cache 13
[36m[DEBUG]	  2021-12-17 16:35:55:  Received heartbeat from cache 11
[36m[DEBUG]	  2021-12-17 16:35:55:  Received heartbeat from cache 22
[36m[DEBUG]	  2021-12-17 16:35:55:  Received heartbeat from cache 21
[36m[DEBUG]	  2021-12-17 16:35:55:  Received heartbeat from cache 23
[36m[DEBUG]	  2021-12-17 16:35:55:  Received heartbeat from cache 12
[36m[DEBUG]	  2021-12-17 16:35:55:  Received heartbeat from cache 13
[36m[DEBUG]	  2021-12-17 16:35:56:  Received heartbeat from cache 11
[36m[DEBUG]	  2021-12-17 16:35:56:  Received heartbeat from cache 22
[36m[DEBUG]	  2021-12-17 16:35:56:  Received heartbeat from cache 21
[36m[DEBUG]	  2021-12-17 16:35:56:  Received heartbeat from cache 23
[36m[DEBUG]	  2021-12-17 16:35:56:  Received heartbeat from cache 12
[36m[DEBUG]	  2021-12-17 16:35:56:  Received heartbeat from cache 13
[36m[DEBUG]	  2021-12-17 16:35:57:  Received heartbeat from cache 11
[36m[DEBUG]	  2021-12-17 16:35:57:  Received heartbeat from cache 22
[36m[DEBUG]	  2021-12-17 16:35:57:  Received heartbeat from cache 21
[36m[DEBUG]	  2021-12-17 16:35:57:  Received heartbeat from cache 23
[36m[DEBUG]	  2021-12-17 16:35:57:  Received heartbeat from cache 12
[36m[DEBUG]	  2021-12-17 16:35:57:  Received heartbeat from cache 13
[36m[DEBUG]	  2021-12-17 16:35:58:  Received heartbeat from cache 11
[36m[DEBUG]	  2021-12-17 16:35:58:  Received heartbeat from cache 22
[36m[DEBUG]	  2021-12-17 16:35:58:  Received heartbeat from cache 21
[36m[DEBUG]	  2021-12-17 16:35:58:  Received heartbeat from cache 23
[36m[DEBUG]	  2021-12-17 16:35:58:  Received heartbeat from cache 12
[36m[DEBUG]	  2021-12-17 16:35:58:  Received heartbeat from cache 13
[36m[DEBUG]	  2021-12-17 16:35:59:  Received heartbeat from cache 11
[36m[DEBUG]	  2021-12-17 16:35:59:  Received heartbeat from cache 22
[36m[DEBUG]	  2021-12-17 16:35:59:  Received heartbeat from cache 21
[36m[DEBUG]	  2021-12-17 16:35:59:  Received heartbeat from cache 23
[36m[DEBUG]	  2021-12-17 16:35:59:  Received heartbeat from cache 12
[36m[DEBUG]	  2021-12-17 16:35:59:  Received heartbeat from cache 13
[36m[DEBUG]	  2021-12-17 16:36:00:  Received heartbeat from cache 11
[32m[INFO]	  2021-12-17 16:36:00:  127.0.0.1 22210 new connection was accepted.
[36m[DEBUG]	  2021-12-17 16:36:00:  Received heartbeat from cache 22
[36m[DEBUG]	  2021-12-17 16:36:00:  Received heartbeat from cache 21
[36m[DEBUG]	  2021-12-17 16:36:00:  Received heartbeat from cache 23
[36m[DEBUG]	  2021-12-17 16:36:00:  Received heartbeat from cache 12
[36m[DEBUG]	  2021-12-17 16:36:00:  Received heartbeat from cache 13
[36m[DEBUG]	  2021-12-17 16:36:01:  Received heartbeat from cache 11
[36m[DEBUG]	  2021-12-17 16:36:01:  Received heartbeat from cache 22
[36m[DEBUG]	  2021-12-17 16:36:01:  Received heartbeat from cache 21
[36m[DEBUG]	  2021-12-17 16:36:01:  Received heartbeat from cache 23
[36m[DEBUG]	  2021-12-17 16:36:01:  Received heartbeat from cache 12
[36m[DEBUG]	  2021-12-17 16:36:01:  Received heartbeat from cache 13
[36m[DEBUG]	  2021-12-17 16:36:02:  Received heartbeat from cache 11
[36m[DEBUG]	  2021-12-17 16:36:02:  Received heartbeat from cache 22
[36m[DEBUG]	  2021-12-17 16:36:02:  Received heartbeat from cache 21
[36m[DEBUG]	  2021-12-17 16:36:02:  Received heartbeat from cache 23
[36m[DEBUG]	  2021-12-17 16:36:02:  Received heartbeat from cache 12
[36m[DEBUG]	  2021-12-17 16:36:02:  Received heartbeat from cache 13
[36m[DEBUG]	  2021-12-17 16:36:03:  Received heartbeat from cache 11
[36m[DEBUG]	  2021-12-17 16:36:03:  Received heartbeat from cache 22
[36m[DEBUG]	  2021-12-17 16:36:03:  Received heartbeat from cache 21
[36m[DEBUG]	  2021-12-17 16:36:03:  Received heartbeat from cache 23
[36m[DEBUG]	  2021-12-17 16:36:03:  Received heartbeat from cache 12
[36m[DEBUG]	  2021-12-17 16:36:03:  Received heartbeat from cache 13
[36m[DEBUG]	  2021-12-17 16:36:04:  Received heartbeat from cache 11
[36m[DEBUG]	  2021-12-17 16:36:04:  Received heartbeat from cache 22
[36m[DEBUG]	  2021-12-17 16:36:04:  Received heartbeat from cache 21
[32m[INFO]	  2021-12-17 16:36:04:  127.0.0.1 26306 new connection was accepted.
[32m[INFO]	  2021-12-17 16:36:04:  The cache 14 reached
[36m[DEBUG]	  2021-12-17 16:36:04:  Received heartbeat from cache 23
[36m[DEBUG]	  2021-12-17 16:36:04:  Received heartbeat from cache 12
[36m[DEBUG]	  2021-12-17 16:36:04:  Received heartbeat from cache 13
[36m[DEBUG]	  2021-12-17 16:36:05:  Received heartbeat from cache 11
[36m[DEBUG]	  2021-12-17 16:36:05:  Received heartbeat from cache 22
[36m[DEBUG]	  2021-12-17 16:36:05:  Received heartbeat from cache 21
[36m[DEBUG]	  2021-12-17 16:36:05:  Received heartbeat from cache 14
[36m[DEBUG]	  2021-12-17 16:36:05:  Received heartbeat from cache 23
[36m[DEBUG]	  2021-12-17 16:36:05:  Received heartbeat from cache 12
[36m[DEBUG]	  2021-12-17 16:36:05:  Received heartbeat from cache 13
[36m[DEBUG]	  2021-12-17 16:36:06:  Received heartbeat from cache 11
[32m[INFO]	  2021-12-17 16:36:06:  127.0.0.1 26818 new connection was accepted.
[32m[INFO]	  2021-12-17 16:36:06:  The cache 24 reached
[33m[WARN]	  2021-12-17 16:36:06:  Expansion start
[36m[DEBUG]	  2021-12-17 16:36:06:  Received heartbeat from cache 22
[36m[DEBUG]	  2021-12-17 16:36:06:  Received heartbeat from cache 21
[36m[DEBUG]	  2021-12-17 16:36:06:  Received heartbeat from cache 14
[36m[DEBUG]	  2021-12-17 16:36:06:  Received heartbeat from cache 23
[36m[DEBUG]	  2021-12-17 16:36:06:  Received heartbeat from cache 12
[36m[DEBUG]	  2021-12-17 16:36:06:  Received heartbeat from cache 13
[36m[DEBUG]	  2021-12-17 16:36:07:  Received heartbeat from cache 11
[36m[DEBUG]	  2021-12-17 16:36:07:  Received heartbeat from cache 24
[32m[INFO]	  2021-12-17 16:36:07:  Receive hashslot feedback successfully
[36m[DEBUG]	  2021-12-17 16:36:07:  Received heartbeat from cache 22
[36m[DEBUG]	  2021-12-17 16:36:07:  Received heartbeat from cache 21
[36m[DEBUG]	  2021-12-17 16:36:07:  Received heartbeat from cache 14
[36m[DEBUG]	  2021-12-17 16:36:07:  Received heartbeat from cache 23
[36m[DEBUG]	  2021-12-17 16:36:07:  Received heartbeat from cache 12
[36m[DEBUG]	  2021-12-17 16:36:07:  Received heartbeat from cache 13
[36m[DEBUG]	  2021-12-17 16:36:08:  Received heartbeat from cache 11
[36m[DEBUG]	  2021-12-17 16:36:08:  Received heartbeat from cache 24
[32m[INFO]	  2021-12-17 16:36:08:  migrate data successfully
[33m[WARN]	  2021-12-17 16:36:08:  addcache successfully
[36m[DEBUG]	  2021-12-17 16:36:08:  Received heartbeat from cache 22
[36m[DEBUG]	  2021-12-17 16:36:08:  Received heartbeat from cache 21
[36m[DEBUG]	  2021-12-17 16:36:08:  Received heartbeat from cache 14
[36m[DEBUG]	  2021-12-17 16:36:08:  Received heartbeat from cache 23
[36m[DEBUG]	  2021-12-17 16:36:08:  Received heartbeat from cache 12
[36m[DEBUG]	  2021-12-17 16:36:08:  Received heartbeat from cache 13
[36m[DEBUG]	  2021-12-17 16:36:09:  Received heartbeat from cache 11
[36m[DEBUG]	  2021-12-17 16:36:09:  Received heartbeat from cache 24
[36m[DEBUG]	  2021-12-17 16:36:09:  Received heartbeat from cache 22
[36m[DEBUG]	  2021-12-17 16:36:09:  Received heartbeat from cache 21
[36m[DEBUG]	  2021-12-17 16:36:09:  Received heartbeat from cache 14
[36m[DEBUG]	  2021-12-17 16:36:09:  Received heartbeat from cache 23
[36m[DEBUG]	  2021-12-17 16:36:09:  Received heartbeat from cache 12
[36m[DEBUG]	  2021-12-17 16:36:09:  Received heartbeat from cache 13
[36m[DEBUG]	  2021-12-17 16:36:10:  Received heartbeat from cache 11
[36m[DEBUG]	  2021-12-17 16:36:10:  Received heartbeat from cache 24
[36m[DEBUG]	  2021-12-17 16:36:10:  Received heartbeat from cache 22
[36m[DEBUG]	  2021-12-17 16:36:10:  Received heartbeat from cache 21
[36m[DEBUG]	  2021-12-17 16:36:10:  Received heartbeat from cache 14
[36m[DEBUG]	  2021-12-17 16:36:10:  Received heartbeat from cache 23
[36m[DEBUG]	  2021-12-17 16:36:10:  Received heartbeat from cache 12
[36m[DEBUG]	  2021-12-17 16:36:10:  Received heartbeat from cache 13
[36m[DEBUG]	  2021-12-17 16:36:11:  Received heartbeat from cache 11
[36m[DEBUG]	  2021-12-17 16:36:11:  Received heartbeat from cache 24
[36m[DEBUG]	  2021-12-17 16:36:11:  Received heartbeat from cache 22
[36m[DEBUG]	  2021-12-17 16:36:11:  Received heartbeat from cache 21
[36m[DEBUG]	  2021-12-17 16:36:11:  Received heartbeat from cache 14
[36m[DEBUG]	  2021-12-17 16:36:11:  Received heartbeat from cache 23
[36m[DEBUG]	  2021-12-17 16:36:11:  Received heartbeat from cache 12
[36m[DEBUG]	  2021-12-17 16:36:11:  Received heartbeat from cache 13
[36m[DEBUG]	  2021-12-17 16:36:12:  Received heartbeat from cache 11
[36m[DEBUG]	  2021-12-17 16:36:12:  Received heartbeat from cache 24
[36m[DEBUG]	  2021-12-17 16:36:12:  Received heartbeat from cache 22
[36m[DEBUG]	  2021-12-17 16:36:12:  Received heartbeat from cache 21
[36m[DEBUG]	  2021-12-17 16:36:12:  Received heartbeat from cache 14
[36m[DEBUG]	  2021-12-17 16:36:12:  Received heartbeat from cache 23
[36m[DEBUG]	  2021-12-17 16:36:12:  Received heartbeat from cache 12
[36m[DEBUG]	  2021-12-17 16:36:12:  Received heartbeat from cache 13
[36m[DEBUG]	  2021-12-17 16:36:13:  Received heartbeat from cache 11
[36m[DEBUG]	  2021-12-17 16:36:13:  Received heartbeat from cache 24
[36m[DEBUG]	  2021-12-17 16:36:13:  Received heartbeat from cache 22
[36m[DEBUG]	  2021-12-17 16:36:13:  Received heartbeat from cache 21
[36m[DEBUG]	  2021-12-17 16:36:13:  Received heartbeat from cache 14
[36m[DEBUG]	  2021-12-17 16:36:13:  Received heartbeat from cache 23
[36m[DEBUG]	  2021-12-17 16:36:13:  Received heartbeat from cache 12
[36m[DEBUG]	  2021-12-17 16:36:13:  Received heartbeat from cache 13
[36m[DEBUG]	  2021-12-17 16:36:14:  Received heartbeat from cache 11
[36m[DEBUG]	  2021-12-17 16:36:14:  Received heartbeat from cache 24
[36m[DEBUG]	  2021-12-17 16:36:14:  Received heartbeat from cache 22
[36m[DEBUG]	  2021-12-17 16:36:14:  Received heartbeat from cache 21
[36m[DEBUG]	  2021-12-17 16:36:14:  Received heartbeat from cache 14
[36m[DEBUG]	  2021-12-17 16:36:14:  Received heartbeat from cache 23
[36m[DEBUG]	  2021-12-17 16:36:14:  Received heartbeat from cache 12
[36m[DEBUG]	  2021-12-17 16:36:14:  Received heartbeat from cache 13
[36m[DEBUG]	  2021-12-17 16:36:15:  Received heartbeat from cache 11
[36m[DEBUG]	  2021-12-17 16:36:15:  Received heartbeat from cache 24
[36m[DEBUG]	  2021-12-17 16:36:15:  Received heartbeat from cache 22
[36m[DEBUG]	  2021-12-17 16:36:15:  Received heartbeat from cache 21
[36m[DEBUG]	  2021-12-17 16:36:15:  Received heartbeat from cache 14
[36m[DEBUG]	  2021-12-17 16:36:15:  Received heartbeat from cache 23
[36m[DEBUG]	  2021-12-17 16:36:15:  Received heartbeat from cache 12
[36m[DEBUG]	  2021-12-17 16:36:15:  Received heartbeat from cache 13
[36m[DEBUG]	  2021-12-17 16:36:16:  Received heartbeat from cache 11
[36m[DEBUG]	  2021-12-17 16:36:16:  Received heartbeat from cache 24
[36m[DEBUG]	  2021-12-17 16:36:16:  Received heartbeat from cache 22
[36m[DEBUG]	  2021-12-17 16:36:16:  Received heartbeat from cache 21
[36m[DEBUG]	  2021-12-17 16:36:16:  Received heartbeat from cache 14
[36m[DEBUG]	  2021-12-17 16:36:16:  Received heartbeat from cache 23
[36m[DEBUG]	  2021-12-17 16:36:16:  Received heartbeat from cache 12
[36m[DEBUG]	  2021-12-17 16:36:16:  Received heartbeat from cache 13
[36m[DEBUG]	  2021-12-17 16:36:17:  Received heartbeat from cache 11
[36m[DEBUG]	  2021-12-17 16:36:17:  Received heartbeat from cache 24
[36m[DEBUG]	  2021-12-17 16:36:17:  Received heartbeat from cache 22
[36m[DEBUG]	  2021-12-17 16:36:17:  Received heartbeat from cache 21
[36m[DEBUG]	  2021-12-17 16:36:17:  Received heartbeat from cache 14
[36m[DEBUG]	  2021-12-17 16:36:17:  Received heartbeat from cache 23
[36m[DEBUG]	  2021-12-17 16:36:17:  Received heartbeat from cache 12
[36m[DEBUG]	  2021-12-17 16:36:17:  Received heartbeat from cache 13
[32m[INFO]	  2021-12-17 16:36:18:  127.0.0.1 32962 new connection was accepted.
[32m[INFO]	  2021-12-17 16:36:18:  The cache 15 reached
[36m[DEBUG]	  2021-12-17 16:36:18:  Received heartbeat from cache 11
[36m[DEBUG]	  2021-12-17 16:36:18:  Received heartbeat from cache 24
[36m[DEBUG]	  2021-12-17 16:36:18:  Received heartbeat from cache 22
[36m[DEBUG]	  2021-12-17 16:36:18:  Received heartbeat from cache 21
[36m[DEBUG]	  2021-12-17 16:36:18:  Received heartbeat from cache 14
[36m[DEBUG]	  2021-12-17 16:36:18:  Received heartbeat from cache 23
[36m[DEBUG]	  2021-12-17 16:36:18:  Received heartbeat from cache 12
[36m[DEBUG]	  2021-12-17 16:36:18:  Received heartbeat from cache 13
[36m[DEBUG]	  2021-12-17 16:36:19:  Received heartbeat from cache 15
[36m[DEBUG]	  2021-12-17 16:36:19:  Received heartbeat from cache 11
[36m[DEBUG]	  2021-12-17 16:36:19:  Received heartbeat from cache 24
[36m[DEBUG]	  2021-12-17 16:36:19:  Received heartbeat from cache 22
[36m[DEBUG]	  2021-12-17 16:36:19:  Received heartbeat from cache 21
[36m[DEBUG]	  2021-12-17 16:36:19:  Received heartbeat from cache 14
[36m[DEBUG]	  2021-12-17 16:36:19:  Received heartbeat from cache 23
[36m[DEBUG]	  2021-12-17 16:36:19:  Received heartbeat from cache 12
[36m[DEBUG]	  2021-12-17 16:36:19:  Received heartbeat from cache 13
[36m[DEBUG]	  2021-12-17 16:36:20:  Received heartbeat from cache 15
[36m[DEBUG]	  2021-12-17 16:36:20:  Received heartbeat from cache 11
[36m[DEBUG]	  2021-12-17 16:36:20:  Received heartbeat from cache 24
[36m[DEBUG]	  2021-12-17 16:36:20:  Received heartbeat from cache 22
[36m[DEBUG]	  2021-12-17 16:36:20:  Received heartbeat from cache 21
[36m[DEBUG]	  2021-12-17 16:36:20:  Received heartbeat from cache 14
[36m[DEBUG]	  2021-12-17 16:36:20:  Received heartbeat from cache 23
[36m[DEBUG]	  2021-12-17 16:36:20:  Received heartbeat from cache 12
[36m[DEBUG]	  2021-12-17 16:36:20:  Received heartbeat from cache 13
[36m[DEBUG]	  2021-12-17 16:36:21:  Received heartbeat from cache 15
[36m[DEBUG]	  2021-12-17 16:36:21:  Received heartbeat from cache 11
[36m[DEBUG]	  2021-12-17 16:36:21:  Received heartbeat from cache 24
[36m[DEBUG]	  2021-12-17 16:36:21:  Received heartbeat from cache 22
[36m[DEBUG]	  2021-12-17 16:36:21:  Received heartbeat from cache 21
[36m[DEBUG]	  2021-12-17 16:36:21:  Received heartbeat from cache 14
[36m[DEBUG]	  2021-12-17 16:36:21:  Received heartbeat from cache 23
[36m[DEBUG]	  2021-12-17 16:36:21:  Received heartbeat from cache 12
[36m[DEBUG]	  2021-12-17 16:36:21:  Received heartbeat from cache 13
[36m[DEBUG]	  2021-12-17 16:36:22:  Received heartbeat from cache 15
[36m[DEBUG]	  2021-12-17 16:36:22:  Received heartbeat from cache 11
[36m[DEBUG]	  2021-12-17 16:36:22:  Received heartbeat from cache 24
[36m[DEBUG]	  2021-12-17 16:36:22:  Received heartbeat from cache 22
[36m[DEBUG]	  2021-12-17 16:36:22:  Received heartbeat from cache 21
[36m[DEBUG]	  2021-12-17 16:36:22:  Received heartbeat from cache 14
[36m[DEBUG]	  2021-12-17 16:36:22:  Received heartbeat from cache 23
[36m[DEBUG]	  2021-12-17 16:36:22:  Received heartbeat from cache 12
[36m[DEBUG]	  2021-12-17 16:36:22:  Received heartbeat from cache 13
[36m[DEBUG]	  2021-12-17 16:36:23:  Received heartbeat from cache 15
[36m[DEBUG]	  2021-12-17 16:36:23:  Received heartbeat from cache 11
[36m[DEBUG]	  2021-12-17 16:36:23:  Received heartbeat from cache 24
[36m[DEBUG]	  2021-12-17 16:36:23:  Received heartbeat from cache 22
[36m[DEBUG]	  2021-12-17 16:36:23:  Received heartbeat from cache 21
[36m[DEBUG]	  2021-12-17 16:36:23:  Received heartbeat from cache 14
[36m[DEBUG]	  2021-12-17 16:36:23:  Received heartbeat from cache 23
[36m[DEBUG]	  2021-12-17 16:36:23:  Received heartbeat from cache 12
[36m[DEBUG]	  2021-12-17 16:36:23:  Received heartbeat from cache 13
[36m[DEBUG]	  2021-12-17 16:36:24:  Received heartbeat from cache 15
[36m[DEBUG]	  2021-12-17 16:36:24:  Received heartbeat from cache 11
[36m[DEBUG]	  2021-12-17 16:36:24:  Received heartbeat from cache 24
[36m[DEBUG]	  2021-12-17 16:36:24:  Received heartbeat from cache 22
[36m[DEBUG]	  2021-12-17 16:36:24:  Received heartbeat from cache 21
[36m[DEBUG]	  2021-12-17 16:36:24:  Received heartbeat from cache 14
[36m[DEBUG]	  2021-12-17 16:36:24:  Received heartbeat from cache 23
[36m[DEBUG]	  2021-12-17 16:36:24:  Received heartbeat from cache 12
[36m[DEBUG]	  2021-12-17 16:36:24:  Received heartbeat from cache 13
[36m[DEBUG]	  2021-12-17 16:36:25:  Received heartbeat from cache 15
[36m[DEBUG]	  2021-12-17 16:36:25:  Received heartbeat from cache 11
[36m[DEBUG]	  2021-12-17 16:36:25:  Received heartbeat from cache 24
[36m[DEBUG]	  2021-12-17 16:36:25:  Received heartbeat from cache 22
[36m[DEBUG]	  2021-12-17 16:36:25:  Received heartbeat from cache 21
[36m[DEBUG]	  2021-12-17 16:36:25:  Received heartbeat from cache 14
[36m[DEBUG]	  2021-12-17 16:36:25:  Received heartbeat from cache 23
[36m[DEBUG]	  2021-12-17 16:36:25:  Received heartbeat from cache 12
[36m[DEBUG]	  2021-12-17 16:36:25:  Received heartbeat from cache 13
[36m[DEBUG]	  2021-12-17 16:36:26:  Received heartbeat from cache 15
[36m[DEBUG]	  2021-12-17 16:36:26:  Received heartbeat from cache 11
[36m[DEBUG]	  2021-12-17 16:36:26:  Received heartbeat from cache 24
[36m[DEBUG]	  2021-12-17 16:36:26:  Received heartbeat from cache 22
[36m[DEBUG]	  2021-12-17 16:36:26:  Received heartbeat from cache 21
[36m[DEBUG]	  2021-12-17 16:36:26:  Received heartbeat from cache 14
[36m[DEBUG]	  2021-12-17 16:36:26:  Received heartbeat from cache 23
[36m[DEBUG]	  2021-12-17 16:36:26:  Received heartbeat from cache 12
[36m[DEBUG]	  2021-12-17 16:36:26:  Received heartbeat from cache 13
[36m[DEBUG]	  2021-12-17 16:36:27:  Received heartbeat from cache 15
[36m[DEBUG]	  2021-12-17 16:36:27:  Received heartbeat from cache 11
[36m[DEBUG]	  2021-12-17 16:36:27:  Received heartbeat from cache 24
[36m[DEBUG]	  2021-12-17 16:36:27:  Received heartbeat from cache 22
[36m[DEBUG]	  2021-12-17 16:36:27:  Received heartbeat from cache 21
[36m[DEBUG]	  2021-12-17 16:36:27:  Received heartbeat from cache 14
[36m[DEBUG]	  2021-12-17 16:36:27:  Received heartbeat from cache 23
[36m[DEBUG]	  2021-12-17 16:36:27:  Received heartbeat from cache 12
[32m[INFO]	  2021-12-17 16:36:27:  127.0.0.1 33986 new connection was accepted.
[32m[INFO]	  2021-12-17 16:36:27:  The cache 25 reached
[33m[WARN]	  2021-12-17 16:36:27:  Expansion start
[36m[DEBUG]	  2021-12-17 16:36:27:  Received heartbeat from cache 13
[36m[DEBUG]	  2021-12-17 16:36:28:  Received heartbeat from cache 15
[36m[DEBUG]	  2021-12-17 16:36:28:  Received heartbeat from cache 11
[36m[DEBUG]	  2021-12-17 16:36:28:  Received heartbeat from cache 24
[36m[DEBUG]	  2021-12-17 16:36:28:  Received heartbeat from cache 22
[36m[DEBUG]	  2021-12-17 16:36:28:  Received heartbeat from cache 21
[36m[DEBUG]	  2021-12-17 16:36:28:  Received heartbeat from cache 14
[36m[DEBUG]	  2021-12-17 16:36:28:  Received heartbeat from cache 23
[36m[DEBUG]	  2021-12-17 16:36:28:  Received heartbeat from cache 12
[36m[DEBUG]	  2021-12-17 16:36:28:  Received heartbeat from cache 25
[32m[INFO]	  2021-12-17 16:36:28:  Receive hashslot feedback successfully
[36m[DEBUG]	  2021-12-17 16:36:28:  Received heartbeat from cache 13
[36m[DEBUG]	  2021-12-17 16:36:29:  Received heartbeat from cache 15
[36m[DEBUG]	  2021-12-17 16:36:29:  Received heartbeat from cache 11
[36m[DEBUG]	  2021-12-17 16:36:29:  Received heartbeat from cache 24
[36m[DEBUG]	  2021-12-17 16:36:29:  Received heartbeat from cache 22
[36m[DEBUG]	  2021-12-17 16:36:29:  Received heartbeat from cache 21
[36m[DEBUG]	  2021-12-17 16:36:29:  Received heartbeat from cache 14
[36m[DEBUG]	  2021-12-17 16:36:29:  Received heartbeat from cache 23
[36m[DEBUG]	  2021-12-17 16:36:29:  Received heartbeat from cache 12
[36m[DEBUG]	  2021-12-17 16:36:29:  Received heartbeat from cache 25
[32m[INFO]	  2021-12-17 16:36:29:  migrate data successfully
[33m[WARN]	  2021-12-17 16:36:29:  addcache successfully
[36m[DEBUG]	  2021-12-17 16:36:29:  Received heartbeat from cache 13
[36m[DEBUG]	  2021-12-17 16:36:30:  Received heartbeat from cache 15
[36m[DEBUG]	  2021-12-17 16:36:30:  Received heartbeat from cache 11
[36m[DEBUG]	  2021-12-17 16:36:30:  Received heartbeat from cache 24
[36m[DEBUG]	  2021-12-17 16:36:30:  Received heartbeat from cache 22
[36m[DEBUG]	  2021-12-17 16:36:30:  Received heartbeat from cache 21
[36m[DEBUG]	  2021-12-17 16:36:30:  Received heartbeat from cache 14
[36m[DEBUG]	  2021-12-17 16:36:30:  Received heartbeat from cache 23
[36m[DEBUG]	  2021-12-17 16:36:30:  Received heartbeat from cache 12
[36m[DEBUG]	  2021-12-17 16:36:30:  Received heartbeat from cache 25
[36m[DEBUG]	  2021-12-17 16:36:30:  Received heartbeat from cache 13
[36m[DEBUG]	  2021-12-17 16:36:31:  Received heartbeat from cache 15
[36m[DEBUG]	  2021-12-17 16:36:31:  Received heartbeat from cache 11
[36m[DEBUG]	  2021-12-17 16:36:31:  Received heartbeat from cache 24
[36m[DEBUG]	  2021-12-17 16:36:31:  Received heartbeat from cache 22
[36m[DEBUG]	  2021-12-17 16:36:31:  Received heartbeat from cache 21
[36m[DEBUG]	  2021-12-17 16:36:31:  Received heartbeat from cache 14
[36m[DEBUG]	  2021-12-17 16:36:31:  Received heartbeat from cache 23
[36m[DEBUG]	  2021-12-17 16:36:31:  Received heartbeat from cache 12
[36m[DEBUG]	  2021-12-17 16:36:31:  Received heartbeat from cache 25
[36m[DEBUG]	  2021-12-17 16:36:31:  Received heartbeat from cache 13
[36m[DEBUG]	  2021-12-17 16:36:32:  Received heartbeat from cache 15
[36m[DEBUG]	  2021-12-17 16:36:32:  Received heartbeat from cache 11
[36m[DEBUG]	  2021-12-17 16:36:32:  Received heartbeat from cache 24
[36m[DEBUG]	  2021-12-17 16:36:32:  Received heartbeat from cache 22
[36m[DEBUG]	  2021-12-17 16:36:32:  Received heartbeat from cache 21
[36m[DEBUG]	  2021-12-17 16:36:32:  Received heartbeat from cache 14
[36m[DEBUG]	  2021-12-17 16:36:32:  Received heartbeat from cache 23
[36m[DEBUG]	  2021-12-17 16:36:32:  Received heartbeat from cache 12
[36m[DEBUG]	  2021-12-17 16:36:32:  Received heartbeat from cache 25
[36m[DEBUG]	  2021-12-17 16:36:32:  Received heartbeat from cache 13
[36m[DEBUG]	  2021-12-17 16:36:33:  Received heartbeat from cache 15
[36m[DEBUG]	  2021-12-17 16:36:33:  Received heartbeat from cache 11
[36m[DEBUG]	  2021-12-17 16:36:33:  Received heartbeat from cache 24
[36m[DEBUG]	  2021-12-17 16:36:33:  Received heartbeat from cache 22
[36m[DEBUG]	  2021-12-17 16:36:33:  Received heartbeat from cache 21
[36m[DEBUG]	  2021-12-17 16:36:33:  Received heartbeat from cache 14
[36m[DEBUG]	  2021-12-17 16:36:33:  Received heartbeat from cache 23
[36m[DEBUG]	  2021-12-17 16:36:33:  Received heartbeat from cache 12
[36m[DEBUG]	  2021-12-17 16:36:33:  Received heartbeat from cache 25
[36m[DEBUG]	  2021-12-17 16:36:33:  Received heartbeat from cache 13
[36m[DEBUG]	  2021-12-17 16:36:34:  Received heartbeat from cache 15
[36m[DEBUG]	  2021-12-17 16:36:34:  Received heartbeat from cache 11
[36m[DEBUG]	  2021-12-17 16:36:34:  Received heartbeat from cache 24
[36m[DEBUG]	  2021-12-17 16:36:34:  Received heartbeat from cache 22
[36m[DEBUG]	  2021-12-17 16:36:34:  Received heartbeat from cache 21
[36m[DEBUG]	  2021-12-17 16:36:34:  Received heartbeat from cache 14
[36m[DEBUG]	  2021-12-17 16:36:34:  Received heartbeat from cache 23
[36m[DEBUG]	  2021-12-17 16:36:34:  Received heartbeat from cache 12
[36m[DEBUG]	  2021-12-17 16:36:34:  Received heartbeat from cache 25
[36m[DEBUG]	  2021-12-17 16:36:34:  Received heartbeat from cache 13
[36m[DEBUG]	  2021-12-17 16:36:35:  Received heartbeat from cache 15
[36m[DEBUG]	  2021-12-17 16:36:35:  Received heartbeat from cache 11
[36m[DEBUG]	  2021-12-17 16:36:35:  Received heartbeat from cache 24
[36m[DEBUG]	  2021-12-17 16:36:35:  Received heartbeat from cache 22
[36m[DEBUG]	  2021-12-17 16:36:35:  Received heartbeat from cache 21
[36m[DEBUG]	  2021-12-17 16:36:35:  Received heartbeat from cache 14
[36m[DEBUG]	  2021-12-17 16:36:35:  Received heartbeat from cache 23
[36m[DEBUG]	  2021-12-17 16:36:35:  Received heartbeat from cache 12
[36m[DEBUG]	  2021-12-17 16:36:35:  Received heartbeat from cache 25
[36m[DEBUG]	  2021-12-17 16:36:35:  Received heartbeat from cache 13
[36m[DEBUG]	  2021-12-17 16:36:36:  Received heartbeat from cache 15
[36m[DEBUG]	  2021-12-17 16:36:36:  Received heartbeat from cache 11
[36m[DEBUG]	  2021-12-17 16:36:36:  Received heartbeat from cache 24
[36m[DEBUG]	  2021-12-17 16:36:36:  Received heartbeat from cache 22
[36m[DEBUG]	  2021-12-17 16:36:36:  Received heartbeat from cache 21
[36m[DEBUG]	  2021-12-17 16:36:36:  Received heartbeat from cache 14
[36m[DEBUG]	  2021-12-17 16:36:36:  Received heartbeat from cache 23
[36m[DEBUG]	  2021-12-17 16:36:36:  Received heartbeat from cache 12
[36m[DEBUG]	  2021-12-17 16:36:36:  Received heartbeat from cache 25
[36m[DEBUG]	  2021-12-17 16:36:36:  Received heartbeat from cache 13
[36m[DEBUG]	  2021-12-17 16:36:37:  Received heartbeat from cache 15
[36m[DEBUG]	  2021-12-17 16:36:37:  Received heartbeat from cache 11
[36m[DEBUG]	  2021-12-17 16:36:37:  Received heartbeat from cache 24
[36m[DEBUG]	  2021-12-17 16:36:37:  Received heartbeat from cache 22
[36m[DEBUG]	  2021-12-17 16:36:37:  Received heartbeat from cache 21
[36m[DEBUG]	  2021-12-17 16:36:37:  Received heartbeat from cache 14
[36m[DEBUG]	  2021-12-17 16:36:37:  Received heartbeat from cache 23
[36m[DEBUG]	  2021-12-17 16:36:37:  Received heartbeat from cache 12
[36m[DEBUG]	  2021-12-17 16:36:37:  Received heartbeat from cache 25
[36m[DEBUG]	  2021-12-17 16:36:37:  Received heartbeat from cache 13
[36m[DEBUG]	  2021-12-17 16:36:38:  Received heartbeat from cache 15
[36m[DEBUG]	  2021-12-17 16:36:38:  Received heartbeat from cache 11
[36m[DEBUG]	  2021-12-17 16:36:38:  Received heartbeat from cache 24
[36m[DEBUG]	  2021-12-17 16:36:38:  Received heartbeat from cache 22
[36m[DEBUG]	  2021-12-17 16:36:38:  Received heartbeat from cache 21
[36m[DEBUG]	  2021-12-17 16:36:38:  Received heartbeat from cache 14
[36m[DEBUG]	  2021-12-17 16:36:38:  Received heartbeat from cache 23
[36m[DEBUG]	  2021-12-17 16:36:38:  Received heartbeat from cache 12
[36m[DEBUG]	  2021-12-17 16:36:38:  Received heartbeat from cache 25
[36m[DEBUG]	  2021-12-17 16:36:38:  Received heartbeat from cache 13
[36m[DEBUG]	  2021-12-17 16:36:39:  Received heartbeat from cache 15
[36m[DEBUG]	  2021-12-17 16:36:39:  Received heartbeat from cache 11
[36m[DEBUG]	  2021-12-17 16:36:39:  Received heartbeat from cache 24
[36m[DEBUG]	  2021-12-17 16:36:39:  Received heartbeat from cache 22
[36m[DEBUG]	  2021-12-17 16:36:39:  Received heartbeat from cache 21
[36m[DEBUG]	  2021-12-17 16:36:39:  Received heartbeat from cache 14
[36m[DEBUG]	  2021-12-17 16:36:39:  Received heartbeat from cache 23
[36m[DEBUG]	  2021-12-17 16:36:39:  Received heartbeat from cache 12
[36m[DEBUG]	  2021-12-17 16:36:39:  Received heartbeat from cache 25
[36m[DEBUG]	  2021-12-17 16:36:39:  Received heartbeat from cache 13
[32m[INFO]	  2021-12-17 16:37:42:  Bind Successfully
[32m[INFO]	  2021-12-17 16:37:42:  Listen Successfully
[32m[INFO]	  2021-12-17 16:37:45:  127.0.0.1 11979 new connection was accepted.
[32m[INFO]	  2021-12-17 16:37:45:  The cache 11 reached
[32m[INFO]	  2021-12-17 16:37:46:  127.0.0.1 12491 new connection was accepted.
[32m[INFO]	  2021-12-17 16:37:46:  The cache 21 reached
[36m[DEBUG]	  2021-12-17 16:37:46:  Received heartbeat from cache 11
[32m[INFO]	  2021-12-17 16:37:46:  127.0.0.1 13515 new connection was accepted.
[32m[INFO]	  2021-12-17 16:37:46:  The cache 12 reached
[36m[DEBUG]	  2021-12-17 16:37:47:  Received heartbeat from cache 21
[36m[DEBUG]	  2021-12-17 16:37:47:  Received heartbeat from cache 11
[32m[INFO]	  2021-12-17 16:37:47:  127.0.0.1 14027 new connection was accepted.
[32m[INFO]	  2021-12-17 16:37:47:  The cache 22 reached
[36m[DEBUG]	  2021-12-17 16:37:47:  Received heartbeat from cache 12
[36m[DEBUG]	  2021-12-17 16:37:48:  Received heartbeat from cache 21
[36m[DEBUG]	  2021-12-17 16:37:48:  Received heartbeat from cache 11
[36m[DEBUG]	  2021-12-17 16:37:48:  Received heartbeat from cache 22
[36m[DEBUG]	  2021-12-17 16:37:48:  Received heartbeat from cache 12
[36m[DEBUG]	  2021-12-17 16:37:49:  Received heartbeat from cache 21
[32m[INFO]	  2021-12-17 16:37:49:  127.0.0.1 15051 new connection was accepted.
[32m[INFO]	  2021-12-17 16:37:49:  The cache 13 reached
[36m[DEBUG]	  2021-12-17 16:37:49:  Received heartbeat from cache 11
[36m[DEBUG]	  2021-12-17 16:37:49:  Received heartbeat from cache 22
[32m[INFO]	  2021-12-17 16:37:49:  127.0.0.1 15563 new connection was accepted.
[32m[INFO]	  2021-12-17 16:37:49:  The cache 23 reached
[36m[DEBUG]	  2021-12-17 16:37:49:  Received heartbeat from cache 12
[36m[DEBUG]	  2021-12-17 16:37:50:  Received heartbeat from cache 21
[36m[DEBUG]	  2021-12-17 16:37:50:  Received heartbeat from cache 13
[36m[DEBUG]	  2021-12-17 16:37:50:  Received heartbeat from cache 11
[36m[DEBUG]	  2021-12-17 16:37:50:  Received heartbeat from cache 22
[36m[DEBUG]	  2021-12-17 16:37:50:  Received heartbeat from cache 23
[36m[DEBUG]	  2021-12-17 16:37:50:  Received heartbeat from cache 12
[36m[DEBUG]	  2021-12-17 16:37:51:  Received heartbeat from cache 21
[36m[DEBUG]	  2021-12-17 16:37:51:  Received heartbeat from cache 13
[32m[INFO]	  2021-12-17 16:37:51:  127.0.0.1 16587 new connection was accepted.
[36m[DEBUG]	  2021-12-17 16:37:51:  Received heartbeat from cache 11
[36m[DEBUG]	  2021-12-17 16:37:51:  Received heartbeat from cache 22
[36m[DEBUG]	  2021-12-17 16:37:51:  Received heartbeat from cache 23
[36m[DEBUG]	  2021-12-17 16:37:51:  Received heartbeat from cache 12
[36m[DEBUG]	  2021-12-17 16:37:52:  Received heartbeat from cache 21
[36m[DEBUG]	  2021-12-17 16:37:52:  Received heartbeat from cache 13
[36m[DEBUG]	  2021-12-17 16:37:52:  Received heartbeat from cache 11
[36m[DEBUG]	  2021-12-17 16:37:52:  Received heartbeat from cache 22
[36m[DEBUG]	  2021-12-17 16:37:52:  Received heartbeat from cache 23
[36m[DEBUG]	  2021-12-17 16:37:52:  Received heartbeat from cache 12
[36m[DEBUG]	  2021-12-17 16:37:53:  Received heartbeat from cache 21
[36m[DEBUG]	  2021-12-17 16:37:53:  Received heartbeat from cache 13
[36m[DEBUG]	  2021-12-17 16:37:53:  Received heartbeat from cache 11
[36m[DEBUG]	  2021-12-17 16:37:53:  Received heartbeat from cache 22
[36m[DEBUG]	  2021-12-17 16:37:53:  Received heartbeat from cache 23
[36m[DEBUG]	  2021-12-17 16:37:53:  Received heartbeat from cache 12
[36m[DEBUG]	  2021-12-17 16:37:54:  Received heartbeat from cache 21
[36m[DEBUG]	  2021-12-17 16:37:54:  Received heartbeat from cache 13
[36m[DEBUG]	  2021-12-17 16:37:54:  Received heartbeat from cache 11
[32m[INFO]	  2021-12-17 16:37:54:  127.0.0.1 20171 new connection was accepted.
[36m[DEBUG]	  2021-12-17 16:37:54:  Received heartbeat from cache 22
[36m[DEBUG]	  2021-12-17 16:37:54:  Received heartbeat from cache 23
[36m[DEBUG]	  2021-12-17 16:37:54:  Received heartbeat from cache 12
[36m[DEBUG]	  2021-12-17 16:37:55:  Received heartbeat from cache 21
[36m[DEBUG]	  2021-12-17 16:37:55:  Received heartbeat from cache 13
[36m[DEBUG]	  2021-12-17 16:37:55:  Received heartbeat from cache 11
[36m[DEBUG]	  2021-12-17 16:37:55:  Received heartbeat from cache 22
[36m[DEBUG]	  2021-12-17 16:37:55:  Received heartbeat from cache 23
[36m[DEBUG]	  2021-12-17 16:37:55:  Received heartbeat from cache 12
[36m[DEBUG]	  2021-12-17 16:37:56:  Received heartbeat from cache 21
[36m[DEBUG]	  2021-12-17 16:37:56:  Received heartbeat from cache 13
[36m[DEBUG]	  2021-12-17 16:37:56:  Received heartbeat from cache 11
[36m[DEBUG]	  2021-12-17 16:37:56:  Received heartbeat from cache 22
[36m[DEBUG]	  2021-12-17 16:37:56:  Received heartbeat from cache 23
[36m[DEBUG]	  2021-12-17 16:37:56:  Received heartbeat from cache 12
[36m[DEBUG]	  2021-12-17 16:37:57:  Received heartbeat from cache 21
[36m[DEBUG]	  2021-12-17 16:37:57:  Received heartbeat from cache 13
[36m[DEBUG]	  2021-12-17 16:37:57:  Received heartbeat from cache 11
[32m[INFO]	  2021-12-17 16:37:59:  Bind Successfully
[32m[INFO]	  2021-12-17 16:37:59:  Listen Successfully
[32m[INFO]	  2021-12-17 16:37:59:  127.0.0.1 63694 new connection was accepted.
[32m[INFO]	  2021-12-17 16:37:59:  The cache 11 reached
[32m[INFO]	  2021-12-17 16:37:59:  127.0.0.1 64206 new connection was accepted.
[32m[INFO]	  2021-12-17 16:37:59:  The cache 21 reached
[32m[INFO]	  2021-12-17 16:38:00:  127.0.0.1 65230 new connection was accepted.
[32m[INFO]	  2021-12-17 16:38:00:  The cache 12 reached
[32m[INFO]	  2021-12-17 16:38:00:  127.0.0.1 207 new connection was accepted.
[32m[INFO]	  2021-12-17 16:38:00:  The cache 22 reached
[36m[DEBUG]	  2021-12-17 16:38:00:  Received heartbeat from cache 11
[32m[INFO]	  2021-12-17 16:38:00:  127.0.0.1 1231 new connection was accepted.
[32m[INFO]	  2021-12-17 16:38:00:  The cache 13 reached
[36m[DEBUG]	  2021-12-17 16:38:00:  Received heartbeat from cache 21
[32m[INFO]	  2021-12-17 16:38:00:  127.0.0.1 1743 new connection was accepted.
[32m[INFO]	  2021-12-17 16:38:00:  The cache 23 reached
[36m[DEBUG]	  2021-12-17 16:38:01:  Received heartbeat from cache 12
[36m[DEBUG]	  2021-12-17 16:38:01:  Received heartbeat from cache 22
[36m[DEBUG]	  2021-12-17 16:38:01:  Received heartbeat from cache 11
[36m[DEBUG]	  2021-12-17 16:38:01:  Received heartbeat from cache 13
[36m[DEBUG]	  2021-12-17 16:38:01:  Received heartbeat from cache 21
[36m[DEBUG]	  2021-12-17 16:38:01:  Received heartbeat from cache 23
[36m[DEBUG]	  2021-12-17 16:38:02:  Received heartbeat from cache 12
[36m[DEBUG]	  2021-12-17 16:38:02:  Received heartbeat from cache 22
[36m[DEBUG]	  2021-12-17 16:38:02:  Received heartbeat from cache 11
[36m[DEBUG]	  2021-12-17 16:38:02:  Received heartbeat from cache 13
[36m[DEBUG]	  2021-12-17 16:38:02:  Received heartbeat from cache 21
[36m[DEBUG]	  2021-12-17 16:38:02:  Received heartbeat from cache 23
[36m[DEBUG]	  2021-12-17 16:38:03:  Received heartbeat from cache 12
[36m[DEBUG]	  2021-12-17 16:38:03:  Received heartbeat from cache 22
[36m[DEBUG]	  2021-12-17 16:38:03:  Received heartbeat from cache 11
[36m[DEBUG]	  2021-12-17 16:38:03:  Received heartbeat from cache 13
[36m[DEBUG]	  2021-12-17 16:38:03:  Received heartbeat from cache 21
[32m[INFO]	  2021-12-17 16:38:03:  127.0.0.1 2767 new connection was accepted.
[36m[DEBUG]	  2021-12-17 16:38:03:  Received heartbeat from cache 23
[36m[DEBUG]	  2021-12-17 16:38:04:  Received heartbeat from cache 12
[36m[DEBUG]	  2021-12-17 16:38:04:  Received heartbeat from cache 22
[36m[DEBUG]	  2021-12-17 16:38:04:  Received heartbeat from cache 11
[36m[DEBUG]	  2021-12-17 16:38:04:  Received heartbeat from cache 13
[36m[DEBUG]	  2021-12-17 16:38:04:  Received heartbeat from cache 21
[36m[DEBUG]	  2021-12-17 16:38:04:  Received heartbeat from cache 23
[36m[DEBUG]	  2021-12-17 16:38:05:  Received heartbeat from cache 12
[36m[DEBUG]	  2021-12-17 16:38:05:  Received heartbeat from cache 22
[36m[DEBUG]	  2021-12-17 16:38:05:  Received heartbeat from cache 11
[36m[DEBUG]	  2021-12-17 16:38:05:  Received heartbeat from cache 13
[36m[DEBUG]	  2021-12-17 16:38:05:  Received heartbeat from cache 21
[36m[DEBUG]	  2021-12-17 16:38:05:  Received heartbeat from cache 23
[36m[DEBUG]	  2021-12-17 16:38:06:  Received heartbeat from cache 12
[36m[DEBUG]	  2021-12-17 16:38:06:  Received heartbeat from cache 22
[36m[DEBUG]	  2021-12-17 16:38:06:  Received heartbeat from cache 11
[36m[DEBUG]	  2021-12-17 16:38:06:  Received heartbeat from cache 13
[36m[DEBUG]	  2021-12-17 16:38:06:  Received heartbeat from cache 21
[36m[DEBUG]	  2021-12-17 16:38:06:  Received heartbeat from cache 23
[32m[INFO]	  2021-12-17 16:38:07:  127.0.0.1 6351 new connection was accepted.
[36m[DEBUG]	  2021-12-17 16:38:07:  Received heartbeat from cache 12
[36m[DEBUG]	  2021-12-17 16:38:07:  Received heartbeat from cache 22
[36m[DEBUG]	  2021-12-17 16:38:07:  Received heartbeat from cache 11
[36m[DEBUG]	  2021-12-17 16:38:07:  Received heartbeat from cache 13
[36m[DEBUG]	  2021-12-17 16:38:07:  Received heartbeat from cache 21
[36m[DEBUG]	  2021-12-17 16:38:07:  Received heartbeat from cache 23
[36m[DEBUG]	  2021-12-17 16:38:08:  Received heartbeat from cache 12
[36m[DEBUG]	  2021-12-17 16:38:08:  Received heartbeat from cache 22
[36m[DEBUG]	  2021-12-17 16:38:08:  Received heartbeat from cache 11
[36m[DEBUG]	  2021-12-17 16:38:08:  Received heartbeat from cache 13
[36m[DEBUG]	  2021-12-17 16:38:08:  Received heartbeat from cache 21
[36m[DEBUG]	  2021-12-17 16:38:08:  Received heartbeat from cache 23
[36m[DEBUG]	  2021-12-17 16:38:09:  Received heartbeat from cache 12
[36m[DEBUG]	  2021-12-17 16:38:09:  Received heartbeat from cache 22
[36m[DEBUG]	  2021-12-17 16:38:09:  Received heartbeat from cache 11
[36m[DEBUG]	  2021-12-17 16:38:09:  Received heartbeat from cache 13
[36m[DEBUG]	  2021-12-17 16:38:09:  Received heartbeat from cache 21
[36m[DEBUG]	  2021-12-17 16:38:09:  Received heartbeat from cache 23
[32m[INFO]	  2021-12-17 16:38:10:  127.0.0.1 10447 new connection was accepted.
[32m[INFO]	  2021-12-17 16:38:10:  The cache 14 reached
[36m[DEBUG]	  2021-12-17 16:38:10:  Received heartbeat from cache 12
[36m[DEBUG]	  2021-12-17 16:38:10:  Received heartbeat from cache 22
[36m[DEBUG]	  2021-12-17 16:38:10:  Received heartbeat from cache 11
[36m[DEBUG]	  2021-12-17 16:38:10:  Received heartbeat from cache 13
[36m[DEBUG]	  2021-12-17 16:38:10:  Received heartbeat from cache 21
[36m[DEBUG]	  2021-12-17 16:38:10:  Received heartbeat from cache 23
[36m[DEBUG]	  2021-12-17 16:38:11:  Received heartbeat from cache 14
[36m[DEBUG]	  2021-12-17 16:38:11:  Received heartbeat from cache 12
[36m[DEBUG]	  2021-12-17 16:38:11:  Received heartbeat from cache 22
[36m[DEBUG]	  2021-12-17 16:38:11:  Received heartbeat from cache 11
[36m[DEBUG]	  2021-12-17 16:38:11:  Received heartbeat from cache 13
[36m[DEBUG]	  2021-12-17 16:38:11:  Received heartbeat from cache 21
[36m[DEBUG]	  2021-12-17 16:38:11:  Received heartbeat from cache 23
[36m[DEBUG]	  2021-12-17 16:38:12:  Received heartbeat from cache 14
[36m[DEBUG]	  2021-12-17 16:38:12:  Received heartbeat from cache 12
[36m[DEBUG]	  2021-12-17 16:38:12:  Received heartbeat from cache 22
[36m[DEBUG]	  2021-12-17 16:38:12:  Received heartbeat from cache 11
[36m[DEBUG]	  2021-12-17 16:38:12:  Received heartbeat from cache 13
[36m[DEBUG]	  2021-12-17 16:38:12:  Received heartbeat from cache 21
[36m[DEBUG]	  2021-12-17 16:38:12:  Received heartbeat from cache 23
[36m[DEBUG]	  2021-12-17 16:38:13:  Received heartbeat from cache 14
[36m[DEBUG]	  2021-12-17 16:38:13:  Received heartbeat from cache 12
[36m[DEBUG]	  2021-12-17 16:38:13:  Received heartbeat from cache 22
[36m[DEBUG]	  2021-12-17 16:38:13:  Received heartbeat from cache 11
[32m[INFO]	  2021-12-17 16:38:13:  127.0.0.1 10959 new connection was accepted.
[32m[INFO]	  2021-12-17 16:38:13:  The cache 24 reached
[33m[WARN]	  2021-12-17 16:38:13:  Expansion start
[36m[DEBUG]	  2021-12-17 16:38:13:  Received heartbeat from cache 13
[36m[DEBUG]	  2021-12-17 16:38:13:  Received heartbeat from cache 21
[36m[DEBUG]	  2021-12-17 16:38:13:  Received heartbeat from cache 23
[36m[DEBUG]	  2021-12-17 16:38:14:  Received heartbeat from cache 14
[36m[DEBUG]	  2021-12-17 16:38:14:  Received heartbeat from cache 12
[36m[DEBUG]	  2021-12-17 16:38:14:  Received heartbeat from cache 22
[36m[DEBUG]	  2021-12-17 16:38:14:  Received heartbeat from cache 11
[36m[DEBUG]	  2021-12-17 16:38:14:  Received heartbeat from cache 24
[32m[INFO]	  2021-12-17 16:38:14:  Receive hashslot feedback successfully
[36m[DEBUG]	  2021-12-17 16:38:14:  Received heartbeat from cache 13
[36m[DEBUG]	  2021-12-17 16:38:14:  Received heartbeat from cache 21
[36m[DEBUG]	  2021-12-17 16:38:14:  Received heartbeat from cache 23
[36m[DEBUG]	  2021-12-17 16:38:15:  Received heartbeat from cache 14
[36m[DEBUG]	  2021-12-17 16:38:15:  Received heartbeat from cache 12
[36m[DEBUG]	  2021-12-17 16:38:15:  Received heartbeat from cache 22
[36m[DEBUG]	  2021-12-17 16:38:15:  Received heartbeat from cache 11
[36m[DEBUG]	  2021-12-17 16:38:15:  Received heartbeat from cache 24
[32m[INFO]	  2021-12-17 16:38:15:  migrate data successfully
[33m[WARN]	  2021-12-17 16:38:15:  addcache successfully
[36m[DEBUG]	  2021-12-17 16:38:15:  Received heartbeat from cache 13
[36m[DEBUG]	  2021-12-17 16:38:15:  Received heartbeat from cache 21
[36m[DEBUG]	  2021-12-17 16:38:15:  Received heartbeat from cache 23
[36m[DEBUG]	  2021-12-17 16:38:16:  Received heartbeat from cache 14
[36m[DEBUG]	  2021-12-17 16:38:16:  Received heartbeat from cache 12
[36m[DEBUG]	  2021-12-17 16:38:16:  Received heartbeat from cache 22
[36m[DEBUG]	  2021-12-17 16:38:16:  Received heartbeat from cache 11
[36m[DEBUG]	  2021-12-17 16:38:16:  Received heartbeat from cache 24
[36m[DEBUG]	  2021-12-17 16:38:16:  Received heartbeat from cache 13
[36m[DEBUG]	  2021-12-17 16:38:16:  Received heartbeat from cache 21
[36m[DEBUG]	  2021-12-17 16:38:16:  Received heartbeat from cache 23
[36m[DEBUG]	  2021-12-17 16:38:17:  Received heartbeat from cache 14
[36m[DEBUG]	  2021-12-17 16:38:17:  Received heartbeat from cache 12
[36m[DEBUG]	  2021-12-17 16:38:17:  Received heartbeat from cache 22
[36m[DEBUG]	  2021-12-17 16:38:17:  Received heartbeat from cache 11
[36m[DEBUG]	  2021-12-17 16:38:17:  Received heartbeat from cache 24
[36m[DEBUG]	  2021-12-17 16:38:17:  Received heartbeat from cache 13
[36m[DEBUG]	  2021-12-17 16:38:17:  Received heartbeat from cache 21
[36m[DEBUG]	  2021-12-17 16:38:17:  Received heartbeat from cache 23
[36m[DEBUG]	  2021-12-17 16:38:18:  Received heartbeat from cache 14
[36m[DEBUG]	  2021-12-17 16:38:18:  Received heartbeat from cache 12
[36m[DEBUG]	  2021-12-17 16:38:18:  Received heartbeat from cache 22
[36m[DEBUG]	  2021-12-17 16:38:18:  Received heartbeat from cache 11
[36m[DEBUG]	  2021-12-17 16:38:18:  Received heartbeat from cache 24
[36m[DEBUG]	  2021-12-17 16:38:18:  Received heartbeat from cache 13
[36m[DEBUG]	  2021-12-17 16:38:18:  Received heartbeat from cache 21
[36m[DEBUG]	  2021-12-17 16:38:18:  Received heartbeat from cache 23
[36m[DEBUG]	  2021-12-17 16:38:19:  Received heartbeat from cache 14
[36m[DEBUG]	  2021-12-17 16:38:19:  Received heartbeat from cache 12
[36m[DEBUG]	  2021-12-17 16:38:19:  Received heartbeat from cache 22
[36m[DEBUG]	  2021-12-17 16:38:19:  Received heartbeat from cache 11
[36m[DEBUG]	  2021-12-17 16:38:19:  Received heartbeat from cache 24
[36m[DEBUG]	  2021-12-17 16:38:19:  Received heartbeat from cache 13
[36m[DEBUG]	  2021-12-17 16:38:19:  Received heartbeat from cache 21
[36m[DEBUG]	  2021-12-17 16:38:19:  Received heartbeat from cache 23
[36m[DEBUG]	  2021-12-17 16:38:20:  Received heartbeat from cache 14
[36m[DEBUG]	  2021-12-17 16:38:20:  Received heartbeat from cache 12
[36m[DEBUG]	  2021-12-17 16:38:20:  Received heartbeat from cache 22
[36m[DEBUG]	  2021-12-17 16:38:20:  Received heartbeat from cache 11
[36m[DEBUG]	  2021-12-17 16:38:20:  Received heartbeat from cache 24
[36m[DEBUG]	  2021-12-17 16:38:20:  Received heartbeat from cache 13
[36m[DEBUG]	  2021-12-17 16:38:20:  Received heartbeat from cache 21
[36m[DEBUG]	  2021-12-17 16:38:20:  Received heartbeat from cache 23
[36m[DEBUG]	  2021-12-17 16:38:21:  Received heartbeat from cache 14
[36m[DEBUG]	  2021-12-17 16:38:21:  Received heartbeat from cache 12
[32m[INFO]	  2021-12-17 16:38:21:  127.0.0.1 17103 new connection was accepted.
[32m[INFO]	  2021-12-17 16:38:21:  The cache 15 reached
[36m[DEBUG]	  2021-12-17 16:38:21:  Received heartbeat from cache 22
[36m[DEBUG]	  2021-12-17 16:38:21:  Received heartbeat from cache 11
[36m[DEBUG]	  2021-12-17 16:38:21:  Received heartbeat from cache 24
[36m[DEBUG]	  2021-12-17 16:38:21:  Received heartbeat from cache 13
[36m[DEBUG]	  2021-12-17 16:38:21:  Received heartbeat from cache 21
[36m[DEBUG]	  2021-12-17 16:38:21:  Received heartbeat from cache 23
[36m[DEBUG]	  2021-12-17 16:38:22:  Received heartbeat from cache 14
[36m[DEBUG]	  2021-12-17 16:38:22:  Received heartbeat from cache 12
[36m[DEBUG]	  2021-12-17 16:38:22:  Received heartbeat from cache 15
[36m[DEBUG]	  2021-12-17 16:38:22:  Received heartbeat from cache 22
[36m[DEBUG]	  2021-12-17 16:38:22:  Received heartbeat from cache 11
[36m[DEBUG]	  2021-12-17 16:38:22:  Received heartbeat from cache 24
[36m[DEBUG]	  2021-12-17 16:38:22:  Received heartbeat from cache 13
[32m[INFO]	  2021-12-17 16:38:22:  127.0.0.1 17615 new connection was accepted.
[32m[INFO]	  2021-12-17 16:38:22:  The cache 25 reached
[33m[WARN]	  2021-12-17 16:38:22:  Expansion start
[36m[DEBUG]	  2021-12-17 16:38:22:  Received heartbeat from cache 21
[36m[DEBUG]	  2021-12-17 16:38:22:  Received heartbeat from cache 23
[36m[DEBUG]	  2021-12-17 16:38:23:  Received heartbeat from cache 14
[36m[DEBUG]	  2021-12-17 16:38:23:  Received heartbeat from cache 12
[36m[DEBUG]	  2021-12-17 16:38:23:  Received heartbeat from cache 15
[36m[DEBUG]	  2021-12-17 16:38:23:  Received heartbeat from cache 22
[36m[DEBUG]	  2021-12-17 16:38:23:  Received heartbeat from cache 11
[36m[DEBUG]	  2021-12-17 16:38:23:  Received heartbeat from cache 24
[36m[DEBUG]	  2021-12-17 16:38:23:  Received heartbeat from cache 13
[36m[DEBUG]	  2021-12-17 16:38:23:  Received heartbeat from cache 25
[32m[INFO]	  2021-12-17 16:38:23:  Receive hashslot feedback successfully
[36m[DEBUG]	  2021-12-17 16:38:23:  Received heartbeat from cache 21
[36m[DEBUG]	  2021-12-17 16:38:23:  Received heartbeat from cache 23
[36m[DEBUG]	  2021-12-17 16:38:24:  Received heartbeat from cache 14
[36m[DEBUG]	  2021-12-17 16:38:24:  Received heartbeat from cache 12
[36m[DEBUG]	  2021-12-17 16:38:24:  Received heartbeat from cache 15
[36m[DEBUG]	  2021-12-17 16:38:24:  Received heartbeat from cache 22
[36m[DEBUG]	  2021-12-17 16:38:24:  Received heartbeat from cache 11
[36m[DEBUG]	  2021-12-17 16:38:24:  Received heartbeat from cache 24
[36m[DEBUG]	  2021-12-17 16:38:24:  Received heartbeat from cache 13
[36m[DEBUG]	  2021-12-17 16:38:24:  Received heartbeat from cache 25
[32m[INFO]	  2021-12-17 16:38:24:  migrate data successfully
[33m[WARN]	  2021-12-17 16:38:24:  addcache successfully
[36m[DEBUG]	  2021-12-17 16:38:24:  Received heartbeat from cache 21
[36m[DEBUG]	  2021-12-17 16:38:24:  Received heartbeat from cache 23
[36m[DEBUG]	  2021-12-17 16:38:25:  Received heartbeat from cache 14
[36m[DEBUG]	  2021-12-17 16:38:25:  Received heartbeat from cache 12
[36m[DEBUG]	  2021-12-17 16:38:25:  Received heartbeat from cache 15
[36m[DEBUG]	  2021-12-17 16:38:25:  Received heartbeat from cache 22
[36m[DEBUG]	  2021-12-17 16:38:25:  Received heartbeat from cache 11
[36m[DEBUG]	  2021-12-17 16:38:25:  Received heartbeat from cache 24
[36m[DEBUG]	  2021-12-17 16:38:25:  Received heartbeat from cache 13
[36m[DEBUG]	  2021-12-17 16:38:25:  Received heartbeat from cache 25
[36m[DEBUG]	  2021-12-17 16:38:25:  Received heartbeat from cache 21
[36m[DEBUG]	  2021-12-17 16:38:25:  Received heartbeat from cache 23
[36m[DEBUG]	  2021-12-17 16:38:26:  Received heartbeat from cache 14
[36m[DEBUG]	  2021-12-17 16:38:26:  Received heartbeat from cache 12
[36m[DEBUG]	  2021-12-17 16:38:26:  Received heartbeat from cache 15
[36m[DEBUG]	  2021-12-17 16:38:26:  Received heartbeat from cache 22
[36m[DEBUG]	  2021-12-17 16:38:26:  Received heartbeat from cache 11
[36m[DEBUG]	  2021-12-17 16:38:26:  Received heartbeat from cache 24
[36m[DEBUG]	  2021-12-17 16:38:26:  Received heartbeat from cache 13
[36m[DEBUG]	  2021-12-17 16:38:26:  Received heartbeat from cache 25
[36m[DEBUG]	  2021-12-17 16:38:26:  Received heartbeat from cache 21
[36m[DEBUG]	  2021-12-17 16:38:26:  Received heartbeat from cache 23
[36m[DEBUG]	  2021-12-17 16:38:27:  Received heartbeat from cache 14
[36m[DEBUG]	  2021-12-17 16:38:27:  Received heartbeat from cache 12
[36m[DEBUG]	  2021-12-17 16:38:27:  Received heartbeat from cache 15
[36m[DEBUG]	  2021-12-17 16:38:27:  Received heartbeat from cache 22
[36m[DEBUG]	  2021-12-17 16:38:27:  Received heartbeat from cache 11
[36m[DEBUG]	  2021-12-17 16:38:27:  Received heartbeat from cache 24
[36m[DEBUG]	  2021-12-17 16:38:27:  Received heartbeat from cache 13
[36m[DEBUG]	  2021-12-17 16:38:27:  Received heartbeat from cache 25
[36m[DEBUG]	  2021-12-17 16:38:27:  Received heartbeat from cache 21
[36m[DEBUG]	  2021-12-17 16:38:27:  Received heartbeat from cache 23
[36m[DEBUG]	  2021-12-17 16:38:28:  Received heartbeat from cache 14
[36m[DEBUG]	  2021-12-17 16:38:28:  Received heartbeat from cache 12
[36m[DEBUG]	  2021-12-17 16:38:28:  Received heartbeat from cache 15
[36m[DEBUG]	  2021-12-17 16:38:28:  Received heartbeat from cache 22
[36m[DEBUG]	  2021-12-17 16:38:28:  Received heartbeat from cache 11
[36m[DEBUG]	  2021-12-17 16:38:28:  Received heartbeat from cache 24
[36m[DEBUG]	  2021-12-17 16:38:28:  Received heartbeat from cache 13
[36m[DEBUG]	  2021-12-17 16:38:28:  Received heartbeat from cache 25
[36m[DEBUG]	  2021-12-17 16:38:28:  Received heartbeat from cache 21
[36m[DEBUG]	  2021-12-17 16:38:28:  Received heartbeat from cache 23
[36m[DEBUG]	  2021-12-17 16:38:29:  Received heartbeat from cache 14
[36m[DEBUG]	  2021-12-17 16:38:29:  Received heartbeat from cache 12
[36m[DEBUG]	  2021-12-17 16:38:29:  Received heartbeat from cache 15
[36m[DEBUG]	  2021-12-17 16:38:29:  Received heartbeat from cache 22
[36m[DEBUG]	  2021-12-17 16:38:29:  Received heartbeat from cache 11
[36m[DEBUG]	  2021-12-17 16:38:29:  Received heartbeat from cache 24
[36m[DEBUG]	  2021-12-17 16:38:29:  Received heartbeat from cache 13
[36m[DEBUG]	  2021-12-17 16:38:29:  Received heartbeat from cache 25
[36m[DEBUG]	  2021-12-17 16:38:29:  Received heartbeat from cache 21
[36m[DEBUG]	  2021-12-17 16:38:29:  Received heartbeat from cache 23
[36m[DEBUG]	  2021-12-17 16:38:30:  Received heartbeat from cache 14
[36m[DEBUG]	  2021-12-17 16:38:30:  Received heartbeat from cache 12
[36m[DEBUG]	  2021-12-17 16:38:30:  Received heartbeat from cache 15
[36m[DEBUG]	  2021-12-17 16:38:30:  Received heartbeat from cache 22
[36m[DEBUG]	  2021-12-17 16:38:30:  Received heartbeat from cache 11
[36m[DEBUG]	  2021-12-17 16:38:30:  Received heartbeat from cache 24
[36m[DEBUG]	  2021-12-17 16:38:30:  Received heartbeat from cache 13
[36m[DEBUG]	  2021-12-17 16:38:30:  Received heartbeat from cache 25
[36m[DEBUG]	  2021-12-17 16:38:30:  Received heartbeat from cache 21
[36m[DEBUG]	  2021-12-17 16:38:30:  Received heartbeat from cache 23
[36m[DEBUG]	  2021-12-17 16:38:31:  Received heartbeat from cache 14
[36m[DEBUG]	  2021-12-17 16:38:31:  Received heartbeat from cache 12
[36m[DEBUG]	  2021-12-17 16:38:31:  Received heartbeat from cache 15
[36m[DEBUG]	  2021-12-17 16:38:31:  Received heartbeat from cache 22
[36m[DEBUG]	  2021-12-17 16:38:31:  Received heartbeat from cache 11
[33m[WARN]	  2021-12-17 16:38:31:  Contraction start1
[36m[DEBUG]	  2021-12-17 16:38:31:  Received heartbeat from cache 24
[36m[DEBUG]	  2021-12-17 16:38:31:  Received heartbeat from cache 13
[36m[DEBUG]	  2021-12-17 16:38:31:  Received heartbeat from cache 25
[36m[DEBUG]	  2021-12-17 16:38:31:  Received heartbeat from cache 21
[36m[DEBUG]	  2021-12-17 16:38:31:  Received heartbeat from cache 23
[36m[DEBUG]	  2021-12-17 16:38:32:  Received heartbeat from cache 14
[36m[DEBUG]	  2021-12-17 16:38:32:  Received heartbeat from cache 12
[36m[DEBUG]	  2021-12-17 16:38:32:  Received heartbeat from cache 15
[36m[DEBUG]	  2021-12-17 16:38:32:  Received heartbeat from cache 22
[36m[DEBUG]	  2021-12-17 16:38:32:  Received heartbeat from cache 11
[32m[INFO]	  2021-12-17 16:38:32:  Receive hashslot feedback successfully
[36m[DEBUG]	  2021-12-17 16:38:32:  Received heartbeat from cache 24
[36m[DEBUG]	  2021-12-17 16:38:32:  Received heartbeat from cache 13
[36m[DEBUG]	  2021-12-17 16:38:32:  Received heartbeat from cache 25
[36m[DEBUG]	  2021-12-17 16:38:32:  Received heartbeat from cache 21
[36m[DEBUG]	  2021-12-17 16:38:32:  Received heartbeat from cache 23
[36m[DEBUG]	  2021-12-17 16:38:33:  Received heartbeat from cache 14
[36m[DEBUG]	  2021-12-17 16:38:33:  Received heartbeat from cache 12
[36m[DEBUG]	  2021-12-17 16:38:33:  Received heartbeat from cache 15
[36m[DEBUG]	  2021-12-17 16:38:33:  Received heartbeat from cache 22
[36m[DEBUG]	  2021-12-17 16:38:33:  Received heartbeat from cache 11
[32m[INFO]	  2021-12-17 16:38:33:  migrate data successfully
[36m[DEBUG]	  2021-12-17 16:38:33:  Received heartbeat from cache 24
[36m[DEBUG]	  2021-12-17 16:38:33:  Received heartbeat from cache 13
[36m[DEBUG]	  2021-12-17 16:38:33:  Received heartbeat from cache 25
[36m[DEBUG]	  2021-12-17 16:38:33:  Received heartbeat from cache 23
[36m[DEBUG]	  2021-12-17 16:38:34:  Received heartbeat from cache 14
[36m[DEBUG]	  2021-12-17 16:38:34:  Received heartbeat from cache 12
[36m[DEBUG]	  2021-12-17 16:38:34:  Received heartbeat from cache 15
[36m[DEBUG]	  2021-12-17 16:38:34:  Received heartbeat from cache 22
[36m[DEBUG]	  2021-12-17 16:38:34:  Received heartbeat from cache 24
[36m[DEBUG]	  2021-12-17 16:38:34:  Received heartbeat from cache 13
[36m[DEBUG]	  2021-12-17 16:38:34:  Received heartbeat from cache 25
[36m[DEBUG]	  2021-12-17 16:38:34:  Received heartbeat from cache 23
[36m[DEBUG]	  2021-12-17 16:38:35:  Received heartbeat from cache 14
[36m[DEBUG]	  2021-12-17 16:38:35:  Received heartbeat from cache 12
[36m[DEBUG]	  2021-12-17 16:38:35:  Received heartbeat from cache 15
[36m[DEBUG]	  2021-12-17 16:38:35:  Received heartbeat from cache 22
[36m[DEBUG]	  2021-12-17 16:38:35:  Received heartbeat from cache 24
[36m[DEBUG]	  2021-12-17 16:38:35:  Received heartbeat from cache 13
[36m[DEBUG]	  2021-12-17 16:38:35:  Received heartbeat from cache 25
[36m[DEBUG]	  2021-12-17 16:38:35:  Received heartbeat from cache 23
[36m[DEBUG]	  2021-12-17 16:38:36:  Received heartbeat from cache 14
[36m[DEBUG]	  2021-12-17 16:38:36:  Received heartbeat from cache 12
[36m[DEBUG]	  2021-12-17 16:38:36:  Received heartbeat from cache 15
[36m[DEBUG]	  2021-12-17 16:38:36:  Received heartbeat from cache 22
[36m[DEBUG]	  2021-12-17 16:38:36:  Received heartbeat from cache 24
[36m[DEBUG]	  2021-12-17 16:38:36:  Received heartbeat from cache 13
[36m[DEBUG]	  2021-12-17 16:38:36:  Received heartbeat from cache 25
[36m[DEBUG]	  2021-12-17 16:38:36:  Received heartbeat from cache 23
[36m[DEBUG]	  2021-12-17 16:38:37:  Received heartbeat from cache 14
[36m[DEBUG]	  2021-12-17 16:38:37:  Received heartbeat from cache 12
[36m[DEBUG]	  2021-12-17 16:38:37:  Received heartbeat from cache 15
[36m[DEBUG]	  2021-12-17 16:38:37:  Received heartbeat from cache 22
[36m[DEBUG]	  2021-12-17 16:38:37:  Received heartbeat from cache 24
[36m[DEBUG]	  2021-12-17 16:38:37:  Received heartbeat from cache 13
[36m[DEBUG]	  2021-12-17 16:38:37:  Received heartbeat from cache 25
[36m[DEBUG]	  2021-12-17 16:38:37:  Received heartbeat from cache 23
[36m[DEBUG]	  2021-12-17 16:38:38:  Received heartbeat from cache 14
[36m[DEBUG]	  2021-12-17 16:38:38:  Received heartbeat from cache 15
[36m[DEBUG]	  2021-12-17 16:38:38:  Received heartbeat from cache 22
[36m[DEBUG]	  2021-12-17 16:38:38:  Received heartbeat from cache 24
[36m[DEBUG]	  2021-12-17 16:38:38:  Received heartbeat from cache 13
[36m[DEBUG]	  2021-12-17 16:38:38:  Received heartbeat from cache 25
[36m[DEBUG]	  2021-12-17 16:38:38:  Received heartbeat from cache 23
[36m[DEBUG]	  2021-12-17 16:38:39:  Received heartbeat from cache 14
[36m[DEBUG]	  2021-12-17 16:38:39:  Received heartbeat from cache 15
[36m[DEBUG]	  2021-12-17 16:38:39:  Received heartbeat from cache 22
[36m[DEBUG]	  2021-12-17 16:38:39:  Received heartbeat from cache 24
[36m[DEBUG]	  2021-12-17 16:38:39:  Received heartbeat from cache 13
[36m[DEBUG]	  2021-12-17 16:38:39:  Received heartbeat from cache 25
[36m[DEBUG]	  2021-12-17 16:38:39:  Received heartbeat from cache 23
[32m[INFO]	  2021-12-17 16:38:40:  127.0.0.1 29903 new connection was accepted.
[32m[INFO]	  2021-12-17 16:38:40:  The cache 12 reached
[36m[DEBUG]	  2021-12-17 16:38:40:  Received heartbeat from cache 14
[36m[DEBUG]	  2021-12-17 16:38:40:  Received heartbeat from cache 15
[36m[DEBUG]	  2021-12-17 16:38:40:  Received heartbeat from cache 22
[36m[DEBUG]	  2021-12-17 16:38:40:  Received heartbeat from cache 24
[36m[DEBUG]	  2021-12-17 16:38:40:  Received heartbeat from cache 13
[36m[DEBUG]	  2021-12-17 16:38:40:  Received heartbeat from cache 25
[36m[DEBUG]	  2021-12-17 16:38:40:  Received heartbeat from cache 23
[36m[DEBUG]	  2021-12-17 16:38:41:  Received heartbeat from cache 12
[36m[DEBUG]	  2021-12-17 16:38:41:  Received heartbeat from cache 14
[36m[DEBUG]	  2021-12-17 16:38:41:  Received heartbeat from cache 15
[36m[DEBUG]	  2021-12-17 16:38:41:  Received heartbeat from cache 22
[36m[DEBUG]	  2021-12-17 16:38:41:  Received heartbeat from cache 24
[36m[DEBUG]	  2021-12-17 16:38:41:  Received heartbeat from cache 13
[36m[DEBUG]	  2021-12-17 16:38:41:  Received heartbeat from cache 25
[36m[DEBUG]	  2021-12-17 16:38:41:  Received heartbeat from cache 23
[36m[DEBUG]	  2021-12-17 16:38:42:  Received heartbeat from cache 12
[36m[DEBUG]	  2021-12-17 16:38:42:  Received heartbeat from cache 14
[36m[DEBUG]	  2021-12-17 16:38:42:  Received heartbeat from cache 15
[36m[DEBUG]	  2021-12-17 16:38:42:  Received heartbeat from cache 22
[36m[DEBUG]	  2021-12-17 16:38:42:  Received heartbeat from cache 24
[36m[DEBUG]	  2021-12-17 16:38:42:  Received heartbeat from cache 13
[36m[DEBUG]	  2021-12-17 16:38:42:  Received heartbeat from cache 25
[36m[DEBUG]	  2021-12-17 16:38:42:  Received heartbeat from cache 23
[36m[DEBUG]	  2021-12-17 16:38:43:  Received heartbeat from cache 12
[36m[DEBUG]	  2021-12-17 16:38:43:  Received heartbeat from cache 14
[36m[DEBUG]	  2021-12-17 16:38:43:  Received heartbeat from cache 15
[36m[DEBUG]	  2021-12-17 16:38:43:  Received heartbeat from cache 22
[36m[DEBUG]	  2021-12-17 16:38:43:  Received heartbeat from cache 24
[36m[DEBUG]	  2021-12-17 16:38:43:  Received heartbeat from cache 13
[36m[DEBUG]	  2021-12-17 16:38:43:  Received heartbeat from cache 25
[36m[DEBUG]	  2021-12-17 16:38:44:  Received heartbeat from cache 12
[36m[DEBUG]	  2021-12-17 16:38:44:  Received heartbeat from cache 14
[36m[DEBUG]	  2021-12-17 16:38:44:  Received heartbeat from cache 15
[36m[DEBUG]	  2021-12-17 16:38:44:  Received heartbeat from cache 22
[36m[DEBUG]	  2021-12-17 16:38:44:  Received heartbeat from cache 24
[36m[DEBUG]	  2021-12-17 16:38:44:  Received heartbeat from cache 13
[36m[DEBUG]	  2021-12-17 16:38:44:  Received heartbeat from cache 25
[36m[DEBUG]	  2021-12-17 16:38:45:  Received heartbeat from cache 12
[36m[DEBUG]	  2021-12-17 16:38:45:  Received heartbeat from cache 14
[36m[DEBUG]	  2021-12-17 16:38:45:  Received heartbeat from cache 15
[36m[DEBUG]	  2021-12-17 16:38:45:  Received heartbeat from cache 22
[36m[DEBUG]	  2021-12-17 16:38:45:  Received heartbeat from cache 24
[36m[DEBUG]	  2021-12-17 16:38:45:  Received heartbeat from cache 13
[36m[DEBUG]	  2021-12-17 16:38:45:  Received heartbeat from cache 25
[36m[DEBUG]	  2021-12-17 16:38:46:  Received heartbeat from cache 12
[36m[DEBUG]	  2021-12-17 16:38:46:  Received heartbeat from cache 14
[36m[DEBUG]	  2021-12-17 16:38:46:  Received heartbeat from cache 15
[36m[DEBUG]	  2021-12-17 16:38:46:  Received heartbeat from cache 22
[36m[DEBUG]	  2021-12-17 16:38:46:  Received heartbeat from cache 24
[32m[INFO]	  2021-12-17 16:38:46:  127.0.0.1 30927 new connection was accepted.
[32m[INFO]	  2021-12-17 16:38:46:  The cache 23 reached
[36m[DEBUG]	  2021-12-17 16:38:46:  Received heartbeat from cache 13
[36m[DEBUG]	  2021-12-17 16:38:46:  Received heartbeat from cache 25
[36m[DEBUG]	  2021-12-17 16:38:47:  Received heartbeat from cache 12
[36m[DEBUG]	  2021-12-17 16:38:47:  Received heartbeat from cache 14
[36m[DEBUG]	  2021-12-17 16:38:47:  Received heartbeat from cache 15
[36m[DEBUG]	  2021-12-17 16:38:47:  Received heartbeat from cache 22
[36m[DEBUG]	  2021-12-17 16:38:47:  Received heartbeat from cache 24
[36m[DEBUG]	  2021-12-17 16:38:47:  Received heartbeat from cache 23
[36m[DEBUG]	  2021-12-17 16:38:47:  Received heartbeat from cache 13
[36m[DEBUG]	  2021-12-17 16:38:47:  Received heartbeat from cache 25
[36m[DEBUG]	  2021-12-17 16:38:48:  Received heartbeat from cache 12
[36m[DEBUG]	  2021-12-17 16:38:48:  Received heartbeat from cache 14
[36m[DEBUG]	  2021-12-17 16:38:48:  Received heartbeat from cache 15
[36m[DEBUG]	  2021-12-17 16:38:48:  Received heartbeat from cache 22
[36m[DEBUG]	  2021-12-17 16:38:48:  Received heartbeat from cache 24
[36m[DEBUG]	  2021-12-17 16:38:48:  Received heartbeat from cache 23
[36m[DEBUG]	  2021-12-17 16:38:48:  Received heartbeat from cache 13
[36m[DEBUG]	  2021-12-17 16:38:48:  Received heartbeat from cache 25
[36m[DEBUG]	  2021-12-17 16:38:49:  Received heartbeat from cache 12
[36m[DEBUG]	  2021-12-17 16:38:49:  Received heartbeat from cache 14
[36m[DEBUG]	  2021-12-17 16:38:49:  Received heartbeat from cache 15
[36m[DEBUG]	  2021-12-17 16:38:49:  Received heartbeat from cache 22
[36m[DEBUG]	  2021-12-17 16:38:49:  Received heartbeat from cache 24
[36m[DEBUG]	  2021-12-17 16:38:49:  Received heartbeat from cache 23
[36m[DEBUG]	  2021-12-17 16:38:49:  Received heartbeat from cache 13
[36m[DEBUG]	  2021-12-17 16:38:49:  Received heartbeat from cache 25
[36m[DEBUG]	  2021-12-17 16:38:50:  Received heartbeat from cache 12
[36m[DEBUG]	  2021-12-17 16:38:50:  Received heartbeat from cache 14
[36m[DEBUG]	  2021-12-17 16:38:50:  Received heartbeat from cache 15
[36m[DEBUG]	  2021-12-17 16:38:50:  Received heartbeat from cache 22
[36m[DEBUG]	  2021-12-17 16:38:50:  Received heartbeat from cache 24
[36m[DEBUG]	  2021-12-17 16:38:50:  Received heartbeat from cache 23
[36m[DEBUG]	  2021-12-17 16:38:50:  Received heartbeat from cache 13
[36m[DEBUG]	  2021-12-17 16:38:50:  Received heartbeat from cache 25
[36m[DEBUG]	  2021-12-17 16:38:51:  Received heartbeat from cache 12
[36m[DEBUG]	  2021-12-17 16:38:51:  Received heartbeat from cache 14
[36m[DEBUG]	  2021-12-17 16:38:51:  Received heartbeat from cache 15
[36m[DEBUG]	  2021-12-17 16:38:51:  Received heartbeat from cache 22
